

HI-TECH Software PIC LITE Macro Assembler V9.81 build 7503 
                                                                                               Sun Mar 17 14:56:55 2024

HI-TECH Software Omniscient Code Generator (Lite mode) build 7503
     1  0000                     opt subtitle "HI-TECH Software Omniscient Code Generator (Lite mode) build 7503"
     2                           
     3                           opt pagewidth 120
     4                           
     5                           	opt lm
     6                           
     7                           	processor	16F877A
     8                           clrc	macro
     9                           	bcf	3,0
    10  0000                     	endm
    11                           clrz	macro
    12                           	bcf	3,2
    13  0000                     	endm
    14                           setc	macro
    15                           	bsf	3,0
    16  0000                     	endm
    17                           setz	macro
    18                           	bsf	3,2
    19  0000                     	endm
    20                           skipc	macro
    21                           	btfss	3,0
    22  0000                     	endm
    23                           skipz	macro
    24                           	btfss	3,2
    25  0000                     	endm
    26                           skipnc	macro
    27                           	btfsc	3,0
    28  0000                     	endm
    29                           skipnz	macro
    30                           	btfsc	3,2
    31  0000                     	endm
    32  0000                     indf	equ	0
    33  0000                     indf0	equ	0
    34  0002                     pc	equ	2
    35  0002                     pcl	equ	2
    36  0003                     status	equ	3
    37  0004                     fsr	equ	4
    38  0004                     fsr0	equ	4
    39  0001                     c	equ	1
    40  0000                     z	equ	0
    41  000A                     pclath	equ	10
    42                           # 3 "Btap_lon_8.c"
    43                           	psect config,class=CONFIG,delta=2 ;#
    44                           # 3 "Btap_lon_8.c"
    45  2007  FF7A               	dw 0xFFFE & 0xFFFB & 0xFFFF & 0xFFFF & 0xFFFF & 0xFF7F & 0xFFFF & 0xFFFF & 0xFFFF ;#
    46                           	FNCALL	_main,_lcd_init
    47                           	FNCALL	_main,_cmd
    48                           	FNCALL	_main,_show
    49                           	FNCALL	_show,_dat
    50                           	FNCALL	_lcd_init,_cmd
    51                           	FNROOT	_main
    52                           	global	_i
    53                           	global	_PORTB
    54                           psect	text84,local,class=CODE,delta=2
    55                           global __ptext84
    56  0000                     __ptext84:
    57  0006                     _PORTB	set	6
    58                           	global	_RC0
    59  0038                     _RC0	set	56
    60                           	global	_RC1
    61  0039                     _RC1	set	57
    62                           	global	_RC2
    63  003A                     _RC2	set	58
    64                           	global	_RD0
    65  0040                     _RD0	set	64
    66                           	global	_TRISB
    67  0086                     _TRISB	set	134
    68                           	global	_TRISD
    69  0088                     _TRISD	set	136
    70                           	global	_TRISC0
    71  0438                     _TRISC0	set	1080
    72                           	global	_TRISC1
    73  0439                     _TRISC1	set	1081
    74                           	global	_TRISC2
    75  043A                     _TRISC2	set	1082
    76                           psect	strings,class=STRING,delta=2
    77                           global __pstrings
    78  0003                     __pstrings:
    79                           ;	global	stringdir,stringtab,__stringbase
    80  0003                     stringtab:
    81                           ;	String table - string pointers are 1 byte each
    82  0003                     stringcode:stringdir:
      + 0003                     stringdir:	
    83  0003  3000               movlw high(stringdir)
    84  0004  008A               movwf pclath
    85  0005  0804               movf fsr,w
    86  0006  0A84               incf fsr
    87  0007  0782               	addwf pc
    88  0008                     __stringbase:
    89  0008  3400               	retlw	0
    90                           psect	strings
    91                           	
    92  0009                     STR_3:	
    93  0009  3420               	retlw	32	;' '
    94  000A  3420               	retlw	32	;' '
    95  000B  3420               	retlw	32	;' '
    96  000C  3420               	retlw	32	;' '
    97  000D  3420               	retlw	32	;' '
    98  000E  3420               	retlw	32	;' '
    99  000F  3420               	retlw	32	;' '
   100  0010  3420               	retlw	32	;' '
   101  0011  3420               	retlw	32	;' '
   102  0012  3420               	retlw	32	;' '
   103  0013  3420               	retlw	32	;' '
   104  0014  3420               	retlw	32	;' '
   105  0015  3420               	retlw	32	;' '
   106  0016  3420               	retlw	32	;' '
   107  0017  3420               	retlw	32	;' '
   108  0018  3420               	retlw	32	;' '
   109  0019  3400               	retlw	0
   110                           psect	strings
   111                           	
   112  001A                     STR_1:	
   113  001A  344E               	retlw	78	;'N'
   114  001B  3468               	retlw	104	;'h'
   115  001C  346F               	retlw	111	;'o'
   116  001D  346D               	retlw	109	;'m'
   117  001E  3420               	retlw	32	;' '
   118  001F  3433               	retlw	51	;'3'
   119  0020  3420               	retlw	32	;' '
   120  0021  342D               	retlw	45	;'-'
   121  0022  3420               	retlw	32	;' '
   122  0023  3452               	retlw	82	;'R'
   123  0024  3441               	retlw	65	;'A'
   124  0025  3449               	retlw	73	;'I'
   125  0026  3420               	retlw	32	;' '
   126  0027  344B               	retlw	75	;'K'
   127  0028  3436               	retlw	54	;'6'
   128  0029  3433               	retlw	51	;'3'
   129  002A  3400               	retlw	0
   130                           psect	strings
   131                           	
   132  002B                     STR_2:	
   133  002B  3449               	retlw	73	;'I'
   134  002C  346E               	retlw	110	;'n'
   135  002D  3474               	retlw	116	;'t'
   136  002E  3472               	retlw	114	;'r'
   137  002F  3475               	retlw	117	;'u'
   138  0030  3464               	retlw	100	;'d'
   139  0031  3465               	retlw	101	;'e'
   140  0032  3472               	retlw	114	;'r'
   141  0033  3444               	retlw	68	;'D'
   142  0034  3465               	retlw	101	;'e'
   143  0035  3474               	retlw	116	;'t'
   144  0036  3465               	retlw	101	;'e'
   145  0037  3463               	retlw	99	;'c'
   146  0038  3474               	retlw	116	;'t'
   147  0039  3465               	retlw	101	;'e'
   148  003A  3464               	retlw	100	;'d'
   149  003B  3400               	retlw	0
   150                           psect	strings
   151                           	file	"C:\Users\TRANHA~1\AppData\Local\Temp\sklo."
   152                           	line	#
   153                           psect cinit,class=CODE,delta=2
   154                           global start_initialization
   155  06D4                     start_initialization:
   156                           
   157                           psect	bssCOMMON,class=COMMON,space=1
   158                           global __pbssCOMMON
   159  0073                     __pbssCOMMON:
   160  0073                     _i:
   161  0073                            ds      2
   162                           
   163                           ; Clear objects allocated to COMMON
   164                           psect cinit,class=CODE,delta=2
   165  06D4  01F3               	clrf	((__pbssCOMMON)+0)&07Fh
   166  06D5  01F4               	clrf	((__pbssCOMMON)+1)&07Fh
   167                           psect cinit,class=CODE,delta=2
   168                           global end_of_initialization
   169                           
   170                           ;End of C runtime variable initialization code
   171                           
   172  06D6                     end_of_initialization:
   173  06D6  0183               clrf status
   174  06D7  120A  118A  2F74   ljmp _main	;jump to C main() function
   175                           psect	cstackCOMMON,class=COMMON,space=1
   176                           global __pcstackCOMMON
   177  0070                     __pcstackCOMMON:
   178                           	global	?_lcd_init
   179  0070                     ?_lcd_init:	; 0 bytes @ 0x0
   180                           	global	?_cmd
   181  0070                     ?_cmd:	; 0 bytes @ 0x0
   182                           	global	??_cmd
   183  0070                     ??_cmd:	; 0 bytes @ 0x0
   184                           	global	?_show
   185  0070                     ?_show:	; 0 bytes @ 0x0
   186                           	global	?_main
   187  0070                     ?_main:	; 0 bytes @ 0x0
   188                           	global	?_dat
   189  0070                     ?_dat:	; 0 bytes @ 0x0
   190                           	global	??_dat
   191  0070                     ??_dat:	; 0 bytes @ 0x0
   192                           	global	cmd@a
   193  0070                     cmd@a:	; 1 bytes @ 0x0
   194                           	global	dat@b
   195  0070                     dat@b:	; 1 bytes @ 0x0
   196  0070                     	ds	1
   197                           	global	??_lcd_init
   198  0071                     ??_lcd_init:	; 0 bytes @ 0x1
   199                           	global	??_show
   200  0071                     ??_show:	; 0 bytes @ 0x1
   201  0071                     	ds	1
   202                           	global	show@s
   203  0072                     show@s:	; 1 bytes @ 0x2
   204  0072                     	ds	1
   205                           	global	??_main
   206  0073                     ??_main:	; 0 bytes @ 0x3
   207 ;;Data sizes: Strings 51, constant 0, data 0, bss 2, persistent 0 stack 0
   208 ;;Auto spaces:   Size  Autos    Used
   209 ;; COMMON          14      3       5
   210 ;; BANK0           80      0       0
   211 ;; BANK1           80      0       0
   212 ;; BANK3           96      0       0
   213 ;; BANK2           96      0       0
   214                           
   215 ;;
   216 ;; Pointer list with targets:
   217                           
   218 ;; show@s	PTR unsigned char  size(1) Largest target is 17
   219 ;;		 -> STR_3(CODE[17]), STR_2(CODE[17]), STR_1(CODE[17]), 
   220 ;;
   221                           
   222                           
   223 ;;
   224 ;; Critical Paths under _main in COMMON
   225 ;;
   226 ;;   _main->_show
   227 ;;   _show->_dat
   228 ;;   _lcd_init->_cmd
   229 ;;
   230 ;; Critical Paths under _main in BANK0
   231 ;;
   232 ;;   None.
   233 ;;
   234 ;; Critical Paths under _main in BANK1
   235 ;;
   236 ;;   None.
   237 ;;
   238 ;; Critical Paths under _main in BANK3
   239 ;;
   240 ;;   None.
   241 ;;
   242 ;; Critical Paths under _main in BANK2
   243 ;;
   244 ;;   None.
   245                           
   246 ;;
   247 ;;Main: autosize = 0, tempsize = 0, incstack = 0, save=0
   248 ;;
   249                           
   250 ;;
   251 ;;Call Graph Tables:
   252 ;;
   253 ;; ---------------------------------------------------------------------------------
   254 ;; (Depth) Function   	        Calls       Base Space   Used Autos Params    Refs
   255 ;; ---------------------------------------------------------------------------------
   256 ;; (0) _main                                                 0     0      0      75
   257 ;;                           _lcd_init
   258 ;;                                _cmd
   259 ;;                               _show
   260 ;; ---------------------------------------------------------------------------------
   261 ;; (1) _show                                                 2     2      0      45
   262 ;;                                              1 COMMON     2     2      0
   263 ;;                                _dat
   264 ;; ---------------------------------------------------------------------------------
   265 ;; (1) _lcd_init                                             0     0      0      15
   266 ;;                                _cmd
   267 ;; ---------------------------------------------------------------------------------
   268 ;; (2) _dat                                                  1     1      0      15
   269 ;;                                              0 COMMON     1     1      0
   270 ;; ---------------------------------------------------------------------------------
   271 ;; (1) _cmd                                                  1     1      0      15
   272 ;;                                              0 COMMON     1     1      0
   273 ;; ---------------------------------------------------------------------------------
   274 ;; Estimated maximum stack depth 2
   275 ;; ---------------------------------------------------------------------------------
   276                           
   277 ;; Call Graph Graphs:
   278                           
   279 ;; _main (ROOT)
   280 ;;   _lcd_init
   281 ;;     _cmd
   282 ;;   _cmd
   283 ;;   _show
   284 ;;     _dat
   285 ;;
   286                           
   287 ;; Address spaces:
   288                           
   289 ;;Name               Size   Autos  Total    Cost      Usage
   290 ;;BITCOMMON            E      0       0       0        0.0%
   291 ;;EEDATA             100      0       0       0        0.0%
   292 ;;NULL                 0      0       0       0        0.0%
   293 ;;CODE                 0      0       0       0        0.0%
   294 ;;COMMON               E      3       5       1       35.7%
   295 ;;BITSFR0              0      0       0       1        0.0%
   296 ;;SFR0                 0      0       0       1        0.0%
   297 ;;BITSFR1              0      0       0       2        0.0%
   298 ;;SFR1                 0      0       0       2        0.0%
   299 ;;STACK                0      0       2       2        0.0%
   300 ;;ABS                  0      0       5       3        0.0%
   301 ;;BITBANK0            50      0       0       4        0.0%
   302 ;;BITSFR3              0      0       0       4        0.0%
   303 ;;SFR3                 0      0       0       4        0.0%
   304 ;;BANK0               50      0       0       5        0.0%
   305 ;;BITSFR2              0      0       0       5        0.0%
   306 ;;SFR2                 0      0       0       5        0.0%
   307 ;;BITBANK1            50      0       0       6        0.0%
   308 ;;BANK1               50      0       0       7        0.0%
   309 ;;BITBANK3            60      0       0       8        0.0%
   310 ;;BANK3               60      0       0       9        0.0%
   311 ;;BITBANK2            60      0       0      10        0.0%
   312 ;;BANK2               60      0       0      11        0.0%
   313 ;;DATA                 0      0       7      12        0.0%
   314                           
   315                           	global	_main
   316                           psect	maintext,global,class=CODE,delta=2
   317                           global __pmaintext
   318  0774                     __pmaintext:
   319                           
   320 ;; *************** function _main *****************
   321 ;; Defined at:
   322 ;;		line 21 in file "Btap_lon_8.c"
   323 ;; Parameters:    Size  Location     Type
   324 ;;		None
   325 ;; Auto vars:     Size  Location     Type
   326 ;;		None
   327 ;; Return value:  Size  Location     Type
   328 ;;		None               void
   329 ;; Registers used:
   330 ;;		wreg, fsr0l, fsr0h, status,2, status,0, btemp+1, pclath, cstack
   331 ;; Tracked objects:
   332 ;;		On entry : 17F/0
   333 ;;		On exit  : 0/0
   334 ;;		Unchanged: 0/0
   335 ;; Data sizes:     COMMON   BANK0   BANK1   BANK3   BANK2
   336 ;;      Params:         0       0       0       0       0
   337 ;;      Locals:         0       0       0       0       0
   338 ;;      Temps:          0       0       0       0       0
   339 ;;      Totals:         0       0       0       0       0
   340 ;;Total ram usage:        0 bytes
   341 ;; Hardware stack levels required when called:    2
   342 ;; This function calls:
   343 ;;		_lcd_init
   344 ;;		_cmd
   345 ;;		_show
   346 ;; This function is called by:
   347 ;;		Startup code after reset
   348 ;; This function uses a non-reentrant model
   349 ;;
   350                           psect	maintext
   351                           	file	"Btap_lon_8.c"
   352                           	line	21
   353                           	global	__size_of_main
   354  008C                     	__size_of_main	equ	__end_of_main-_main
   355                           	
   356  0774                     _main:	
   357                           	opt	stack 6
   358                           ; Regs used in _main: [wreg-fsr0h+status,2+status,0+btemp+1+pclath+cstack]
   359                           	line	22
   360                           	
   361  0774                     l1906:	
   362                           ;Btap_lon_8.c: 22: TRISB=TRISC0=TRISC1=TRISC2=0;
   363  0774  1683               	bsf	status, 5	;RP0=1, select bank1
   364  0775  1303               	bcf	status, 6	;RP1=0, select bank1
   365  0776  1107               	bcf	(1082/8)^080h,(1082)&7
   366  0777  1087               	bcf	(1081/8)^080h,(1081)&7
   367  0778  1007               	bcf	(1080/8)^080h,(1080)&7
   368  0779  3000               	movlw	0
   369  077A  1807               	btfsc	(1080/8)^080h,(1080)&7
   370  077B  3001               	movlw	1
   371  077C  0086               	movwf	(134)^080h	;volatile
   372                           	line	23
   373                           ;Btap_lon_8.c: 23: TRISD=0xff;
   374  077D  30FF               	movlw	(0FFh)
   375  077E  0088               	movwf	(136)^080h	;volatile
   376                           	line	24
   377                           	
   378  077F                     l1908:	
   379                           ;Btap_lon_8.c: 24: lcd_init();
   380  077F  120A  118A  26DA   	fcall	_lcd_init
              120A  118A         
   381                           	line	25
   382                           	
   383  0784                     l1910:	
   384                           ;Btap_lon_8.c: 25: cmd(0x80);
   385  0784  3080               	movlw	(080h)
   386  0785  120A  118A  2714   	fcall	_cmd
              120A  118A         
   387                           	line	26
   388                           	
   389  078A                     l1912:	
   390                           ;Btap_lon_8.c: 26: show("Nhom 3 - RAI K63");
   391  078A  3012               	movlw	((STR_1-__stringbase))&0ffh
   392  078B  120A  118A  26F3   	fcall	_show
              120A  118A         
   393  0790  2F91               	goto	l1914
   394                           	line	27
   395                           ;Btap_lon_8.c: 27: while(1) {
   396                           	
   397  0791                     l693:	
   398                           	line	28
   399                           	
   400  0791                     l1914:	
   401                           ;Btap_lon_8.c: 28: if(RD0 == 0) {
   402  0791  1283               	bcf	status, 5	;RP0=0, select bank0
   403  0792  1303               	bcf	status, 6	;RP1=0, select bank0
   404  0793  1808               	btfsc	(64/8),(64)&7
   405  0794  2F96               	goto	u2191
   406  0795  2F97               	goto	u2190
   407  0796                     u2191:
   408  0796  2FEE               	goto	l1940
   409  0797                     u2190:
   410                           	line	29
   411                           	
   412  0797                     l1916:	
   413                           ;Btap_lon_8.c: 29: cmd(0xc0);
   414  0797  30C0               	movlw	(0C0h)
   415  0798  120A  118A  2714   	fcall	_cmd
              120A  118A         
   416                           	line	30
   417                           	
   418  079D                     l1918:	
   419                           ;Btap_lon_8.c: 30: show("IntruderDetected");
   420  079D  3023               	movlw	((STR_2-__stringbase))&0ffh
   421  079E  120A  118A  26F3   	fcall	_show
              120A  118A         
   422                           	line	31
   423                           	
   424  07A3                     l1920:	
   425                           ;Btap_lon_8.c: 31: for(i=0;i<1000;i++);for(i=0;i<1000;i++);
   426  07A3  01F3               	clrf	(_i)
   427  07A4  01F4               	clrf	(_i+1)
   428                           	
   429  07A5                     l1922:	
   430  07A5  0874               	movf	(_i+1),w
   431  07A6  3A80               	xorlw	80h
   432  07A7  00FF               	movwf	btemp+1
   433  07A8  3083               	movlw	(high(03E8h))^80h
   434  07A9  027F               	subwf	btemp+1,w
   435  07AA  1D03               	skipz
   436  07AB  2FAE               	goto	u2205
   437  07AC  30E8               	movlw	low(03E8h)
   438  07AD  0273               	subwf	(_i),w
   439  07AE                     u2205:
   440                           
   441  07AE  1C03               	skipc
   442  07AF  2FB1               	goto	u2201
   443  07B0  2FB2               	goto	u2200
   444  07B1                     u2201:
   445  07B1  2FB4               	goto	l1926
   446  07B2                     u2200:
   447  07B2  2FC8               	goto	l1930
   448                           	
   449  07B3                     l1924:	
   450  07B3  2FC8               	goto	l1930
   451                           	
   452  07B4                     l695:	
   453                           	
   454  07B4                     l1926:	
   455  07B4  3001               	movlw	low(01h)
   456  07B5  07F3               	addwf	(_i),f
   457  07B6  1803               	skipnc
   458  07B7  0AF4               	incf	(_i+1),f
   459  07B8  3000               	movlw	high(01h)
   460  07B9  07F4               	addwf	(_i+1),f
   461                           	
   462  07BA                     l1928:	
   463  07BA  0874               	movf	(_i+1),w
   464  07BB  3A80               	xorlw	80h
   465  07BC  00FF               	movwf	btemp+1
   466  07BD  3083               	movlw	(high(03E8h))^80h
   467  07BE  027F               	subwf	btemp+1,w
   468  07BF  1D03               	skipz
   469  07C0  2FC3               	goto	u2215
   470  07C1  30E8               	movlw	low(03E8h)
   471  07C2  0273               	subwf	(_i),w
   472  07C3                     u2215:
   473                           
   474  07C3  1C03               	skipc
   475  07C4  2FC6               	goto	u2211
   476  07C5  2FC7               	goto	u2210
   477  07C6                     u2211:
   478  07C6  2FB4               	goto	l1926
   479  07C7                     u2210:
   480  07C7  2FC8               	goto	l1930
   481                           	
   482  07C8                     l696:	
   483                           	
   484  07C8                     l1930:	
   485  07C8  01F3               	clrf	(_i)
   486  07C9  01F4               	clrf	(_i+1)
   487                           	
   488  07CA                     l1932:	
   489  07CA  0874               	movf	(_i+1),w
   490  07CB  3A80               	xorlw	80h
   491  07CC  00FF               	movwf	btemp+1
   492  07CD  3083               	movlw	(high(03E8h))^80h
   493  07CE  027F               	subwf	btemp+1,w
   494  07CF  1D03               	skipz
   495  07D0  2FD3               	goto	u2225
   496  07D1  30E8               	movlw	low(03E8h)
   497  07D2  0273               	subwf	(_i),w
   498  07D3                     u2225:
   499                           
   500  07D3  1C03               	skipc
   501  07D4  2FD6               	goto	u2221
   502  07D5  2FD7               	goto	u2220
   503  07D6                     u2221:
   504  07D6  2FD9               	goto	l1936
   505  07D7                     u2220:
   506  07D7  2F91               	goto	l1914
   507                           	
   508  07D8                     l1934:	
   509  07D8  2F91               	goto	l1914
   510                           	
   511  07D9                     l697:	
   512                           	
   513  07D9                     l1936:	
   514  07D9  3001               	movlw	low(01h)
   515  07DA  07F3               	addwf	(_i),f
   516  07DB  1803               	skipnc
   517  07DC  0AF4               	incf	(_i+1),f
   518  07DD  3000               	movlw	high(01h)
   519  07DE  07F4               	addwf	(_i+1),f
   520                           	
   521  07DF                     l1938:	
   522  07DF  0874               	movf	(_i+1),w
   523  07E0  3A80               	xorlw	80h
   524  07E1  00FF               	movwf	btemp+1
   525  07E2  3083               	movlw	(high(03E8h))^80h
   526  07E3  027F               	subwf	btemp+1,w
   527  07E4  1D03               	skipz
   528  07E5  2FE8               	goto	u2235
   529  07E6  30E8               	movlw	low(03E8h)
   530  07E7  0273               	subwf	(_i),w
   531  07E8                     u2235:
   532                           
   533  07E8  1C03               	skipc
   534  07E9  2FEB               	goto	u2231
   535  07EA  2FEC               	goto	u2230
   536  07EB                     u2231:
   537  07EB  2FD9               	goto	l1936
   538  07EC                     u2230:
   539  07EC  2F91               	goto	l1914
   540                           	
   541  07ED                     l698:	
   542                           	line	32
   543                           ;Btap_lon_8.c: 32: } else {
   544  07ED  2F91               	goto	l1914
   545                           	
   546  07EE                     l694:	
   547                           	line	33
   548                           	
   549  07EE                     l1940:	
   550                           ;Btap_lon_8.c: 33: cmd(0xc0);
   551  07EE  30C0               	movlw	(0C0h)
   552  07EF  120A  118A  2714   	fcall	_cmd
              120A  118A         
   553                           	line	34
   554                           	
   555  07F4                     l1942:	
   556                           ;Btap_lon_8.c: 34: show("                ");
   557  07F4  3001               	movlw	((STR_3-__stringbase))&0ffh
   558  07F5  120A  118A  26F3   	fcall	_show
              120A  118A         
   559  07FA  2F91               	goto	l1914
   560                           	line	35
   561                           	
   562  07FB                     l699:	
   563  07FB  2F91               	goto	l1914
   564                           	line	36
   565                           	
   566  07FC                     l700:	
   567                           	line	27
   568  07FC  2F91               	goto	l1914
   569                           	
   570  07FD                     l701:	
   571                           	line	37
   572                           	
   573  07FD                     l702:	
   574                           	global	start
   575  07FD  120A  118A  2800   	ljmp	start
   576                           	opt stack 0
   577                           GLOBAL	__end_of_main
   578  0800                     	__end_of_main:
   579 ;; =============== function _main ends ============
   580                           
   581                           	signat	_main,88
   582                           	global	_show
   583                           psect	text85,local,class=CODE,delta=2
   584                           global __ptext85
   585  06F3                     __ptext85:
   586                           
   587 ;; *************** function _show *****************
   588 ;; Defined at:
   589 ;;		line 68 in file "Btap_lon_8.c"
   590 ;; Parameters:    Size  Location     Type
   591 ;;  s               1    wreg     PTR unsigned char 
   592 ;;		 -> STR_3(17), STR_2(17), STR_1(17), 
   593 ;; Auto vars:     Size  Location     Type
   594 ;;  s               1    2[COMMON] PTR unsigned char 
   595 ;;		 -> STR_3(17), STR_2(17), STR_1(17), 
   596 ;; Return value:  Size  Location     Type
   597 ;;		None               void
   598 ;; Registers used:
   599 ;;		wreg, fsr0l, fsr0h, status,2, status,0, btemp+1, pclath, cstack
   600 ;; Tracked objects:
   601 ;;		On entry : 0/0
   602 ;;		On exit  : 0/0
   603 ;;		Unchanged: 0/0
   604 ;; Data sizes:     COMMON   BANK0   BANK1   BANK3   BANK2
   605 ;;      Params:         0       0       0       0       0
   606 ;;      Locals:         1       0       0       0       0
   607 ;;      Temps:          1       0       0       0       0
   608 ;;      Totals:         2       0       0       0       0
   609 ;;Total ram usage:        2 bytes
   610 ;; Hardware stack levels used:    1
   611 ;; Hardware stack levels required when called:    1
   612 ;; This function calls:
   613 ;;		_dat
   614 ;; This function is called by:
   615 ;;		_main
   616 ;; This function uses a non-reentrant model
   617 ;;
   618                           psect	text85
   619                           	file	"Btap_lon_8.c"
   620                           	line	68
   621                           	global	__size_of_show
   622  0021                     	__size_of_show	equ	__end_of_show-_show
   623                           	
   624  06F3                     _show:	
   625                           	opt	stack 6
   626                           ; Regs used in _show: [wreg-fsr0h+status,2+status,0+btemp+1+pclath+cstack]
   627                           ;show@s stored from wreg
   628  06F3  00F2               	movwf	(show@s)
   629                           	line	69
   630                           	
   631  06F4                     l1898:	
   632                           ;Btap_lon_8.c: 69: while(*s)
   633  06F4  2F06               	goto	l1904
   634                           	
   635  06F5                     l719:	
   636                           	line	71
   637                           	
   638  06F5                     l1900:	
   639                           ;Btap_lon_8.c: 70: {
   640                           ;Btap_lon_8.c: 71: dat(*s++);
   641  06F5  0872               	movf	(show@s),w
   642  06F6  0084               	movwf	fsr0
   643  06F7  120A  118A  2003   	fcall	stringdir
              120A  118A         
   644  06FC  120A  118A  2744   	fcall	_dat
              120A  118A         
   645                           	
   646  0701                     l1902:	
   647  0701  3001               	movlw	(01h)
   648  0702  00F1               	movwf	(??_show+0)+0
   649  0703  0871               	movf	(??_show+0)+0,w
   650  0704  07F2               	addwf	(show@s),f
   651  0705  2F06               	goto	l1904
   652                           	line	72
   653                           	
   654  0706                     l718:	
   655                           	line	69
   656                           	
   657  0706                     l1904:	
   658  0706  0872               	movf	(show@s),w
   659  0707  0084               	movwf	fsr0
   660  0708  120A  118A  2003   	fcall	stringdir
              120A  118A         
   661  070D  3800               	iorlw	0
   662  070E  1D03               	skipz
   663  070F  2F11               	goto	u2181
   664  0710  2F12               	goto	u2180
   665  0711                     u2181:
   666  0711  2EF5               	goto	l1900
   667  0712                     u2180:
   668  0712  2F13               	goto	l721
   669                           	
   670  0713                     l720:	
   671                           	line	73
   672                           	
   673  0713                     l721:	
   674  0713  0008               	return
   675                           	opt stack 0
   676                           GLOBAL	__end_of_show
   677  0714                     	__end_of_show:
   678 ;; =============== function _show ends ============
   679                           
   680                           	signat	_show,4216
   681                           	global	_lcd_init
   682                           psect	text86,local,class=CODE,delta=2
   683                           global __ptext86
   684  06DA                     __ptext86:
   685                           
   686 ;; *************** function _lcd_init *****************
   687 ;; Defined at:
   688 ;;		line 40 in file "Btap_lon_8.c"
   689 ;; Parameters:    Size  Location     Type
   690 ;;		None
   691 ;; Auto vars:     Size  Location     Type
   692 ;;		None
   693 ;; Return value:  Size  Location     Type
   694 ;;		None               void
   695 ;; Registers used:
   696 ;;		wreg, status,2, status,0, btemp+1, pclath, cstack
   697 ;; Tracked objects:
   698 ;;		On entry : 0/0
   699 ;;		On exit  : 0/0
   700 ;;		Unchanged: 0/0
   701 ;; Data sizes:     COMMON   BANK0   BANK1   BANK3   BANK2
   702 ;;      Params:         0       0       0       0       0
   703 ;;      Locals:         0       0       0       0       0
   704 ;;      Temps:          0       0       0       0       0
   705 ;;      Totals:         0       0       0       0       0
   706 ;;Total ram usage:        0 bytes
   707 ;; Hardware stack levels used:    1
   708 ;; Hardware stack levels required when called:    1
   709 ;; This function calls:
   710 ;;		_cmd
   711 ;; This function is called by:
   712 ;;		_main
   713 ;; This function uses a non-reentrant model
   714 ;;
   715                           psect	text86
   716                           	file	"Btap_lon_8.c"
   717                           	line	40
   718                           	global	__size_of_lcd_init
   719  0019                     	__size_of_lcd_init	equ	__end_of_lcd_init-_lcd_init
   720                           	
   721  06DA                     _lcd_init:	
   722                           	opt	stack 6
   723                           ; Regs used in _lcd_init: [wreg+status,2+status,0+btemp+1+pclath+cstack]
   724                           	line	41
   725                           	
   726  06DA                     l1896:	
   727                           ;Btap_lon_8.c: 41: cmd(0x38);
   728  06DA  3038               	movlw	(038h)
   729  06DB  120A  118A  2714   	fcall	_cmd
              120A  118A         
   730                           	line	42
   731                           ;Btap_lon_8.c: 42: cmd(0x0c);
   732  06E0  300C               	movlw	(0Ch)
   733  06E1  120A  118A  2714   	fcall	_cmd
              120A  118A         
   734                           	line	43
   735                           ;Btap_lon_8.c: 43: cmd(0x06);
   736  06E6  3006               	movlw	(06h)
   737  06E7  120A  118A  2714   	fcall	_cmd
              120A  118A         
   738                           	line	44
   739                           ;Btap_lon_8.c: 44: cmd(0x80);
   740  06EC  3080               	movlw	(080h)
   741  06ED  120A  118A  2714   	fcall	_cmd
              120A  118A         
   742                           	line	45
   743                           	
   744  06F2                     l705:	
   745  06F2  0008               	return
   746                           	opt stack 0
   747                           GLOBAL	__end_of_lcd_init
   748  06F3                     	__end_of_lcd_init:
   749 ;; =============== function _lcd_init ends ============
   750                           
   751                           	signat	_lcd_init,88
   752                           	global	_dat
   753                           psect	text87,local,class=CODE,delta=2
   754                           global __ptext87
   755  0744                     __ptext87:
   756                           
   757 ;; *************** function _dat *****************
   758 ;; Defined at:
   759 ;;		line 58 in file "Btap_lon_8.c"
   760 ;; Parameters:    Size  Location     Type
   761 ;;  b               1    wreg     unsigned char 
   762 ;; Auto vars:     Size  Location     Type
   763 ;;  b               1    0[COMMON] unsigned char 
   764 ;; Return value:  Size  Location     Type
   765 ;;		None               void
   766 ;; Registers used:
   767 ;;		wreg, status,2, btemp+1
   768 ;; Tracked objects:
   769 ;;		On entry : 0/0
   770 ;;		On exit  : 0/0
   771 ;;		Unchanged: 0/0
   772 ;; Data sizes:     COMMON   BANK0   BANK1   BANK3   BANK2
   773 ;;      Params:         0       0       0       0       0
   774 ;;      Locals:         1       0       0       0       0
   775 ;;      Temps:          0       0       0       0       0
   776 ;;      Totals:         1       0       0       0       0
   777 ;;Total ram usage:        1 bytes
   778 ;; Hardware stack levels used:    1
   779 ;; This function calls:
   780 ;;		Nothing
   781 ;; This function is called by:
   782 ;;		_show
   783 ;; This function uses a non-reentrant model
   784 ;;
   785                           psect	text87
   786                           	file	"Btap_lon_8.c"
   787                           	line	58
   788                           	global	__size_of_dat
   789  0030                     	__size_of_dat	equ	__end_of_dat-_dat
   790                           	
   791  0744                     _dat:	
   792                           	opt	stack 6
   793                           ; Regs used in _dat: [wreg+status,2+btemp+1]
   794                           ;dat@b stored from wreg
   795  0744  00F0               	movwf	(dat@b)
   796                           	line	59
   797                           	
   798  0745                     l1112:	
   799                           ;Btap_lon_8.c: 59: PORTB=b;
   800  0745  0870               	movf	(dat@b),w
   801  0746  1283               	bcf	status, 5	;RP0=0, select bank0
   802  0747  1303               	bcf	status, 6	;RP1=0, select bank0
   803  0748  0086               	movwf	(6)	;volatile
   804                           	line	60
   805                           	
   806  0749                     l1114:	
   807                           ;Btap_lon_8.c: 60: RC0=1;
   808  0749  1407               	bsf	(56/8),(56)&7
   809                           	line	61
   810                           	
   811  074A                     l1116:	
   812                           ;Btap_lon_8.c: 61: RC1=0;
   813  074A  1087               	bcf	(57/8),(57)&7
   814                           	line	62
   815                           	
   816  074B                     l1118:	
   817                           ;Btap_lon_8.c: 62: RC2=1;
   818  074B  1507               	bsf	(58/8),(58)&7
   819                           	line	63
   820                           	
   821  074C                     l1120:	
   822                           ;Btap_lon_8.c: 63: for(i=0;i<1000;i++);
   823  074C  01F3               	clrf	(_i)
   824  074D  01F4               	clrf	(_i+1)
   825                           	
   826  074E                     l1122:	
   827  074E  0874               	movf	(_i+1),w
   828  074F  3A80               	xorlw	80h
   829  0750  00FF               	movwf	btemp+1
   830  0751  3083               	movlw	(high(03E8h))^80h
   831  0752  027F               	subwf	btemp+1,w
   832  0753  1D03               	skipz
   833  0754  2F57               	goto	u35
   834  0755  30E8               	movlw	low(03E8h)
   835  0756  0273               	subwf	(_i),w
   836  0757                     u35:
   837                           
   838  0757  1C03               	skipc
   839  0758  2F5A               	goto	u31
   840  0759  2F5B               	goto	u30
   841  075A                     u31:
   842  075A  2F5D               	goto	l1126
   843  075B                     u30:
   844  075B  2F70               	goto	l714
   845                           	
   846  075C                     l1124:	
   847  075C  2F70               	goto	l714
   848                           	
   849  075D                     l713:	
   850                           	
   851  075D                     l1126:	
   852  075D  3001               	movlw	low(01h)
   853  075E  07F3               	addwf	(_i),f
   854  075F  1803               	skipnc
   855  0760  0AF4               	incf	(_i+1),f
   856  0761  3000               	movlw	high(01h)
   857  0762  07F4               	addwf	(_i+1),f
   858                           	
   859  0763                     l1128:	
   860  0763  0874               	movf	(_i+1),w
   861  0764  3A80               	xorlw	80h
   862  0765  00FF               	movwf	btemp+1
   863  0766  3083               	movlw	(high(03E8h))^80h
   864  0767  027F               	subwf	btemp+1,w
   865  0768  1D03               	skipz
   866  0769  2F6C               	goto	u45
   867  076A  30E8               	movlw	low(03E8h)
   868  076B  0273               	subwf	(_i),w
   869  076C                     u45:
   870                           
   871  076C  1C03               	skipc
   872  076D  2F6F               	goto	u41
   873  076E  2F70               	goto	u40
   874  076F                     u41:
   875  076F  2F5D               	goto	l1126
   876  0770                     u40:
   877                           	
   878  0770                     l714:	
   879                           	line	64
   880                           ;Btap_lon_8.c: 64: RC2=0;
   881  0770  1283               	bcf	status, 5	;RP0=0, select bank0
   882  0771  1303               	bcf	status, 6	;RP1=0, select bank0
   883  0772  1107               	bcf	(58/8),(58)&7
   884                           	line	65
   885                           	
   886  0773                     l715:	
   887  0773  0008               	return
   888                           	opt stack 0
   889                           GLOBAL	__end_of_dat
   890  0774                     	__end_of_dat:
   891 ;; =============== function _dat ends ============
   892                           
   893                           	signat	_dat,4216
   894                           	global	_cmd
   895                           psect	text88,local,class=CODE,delta=2
   896                           global __ptext88
   897  0714                     __ptext88:
   898                           
   899 ;; *************** function _cmd *****************
   900 ;; Defined at:
   901 ;;		line 48 in file "Btap_lon_8.c"
   902 ;; Parameters:    Size  Location     Type
   903 ;;  a               1    wreg     unsigned char 
   904 ;; Auto vars:     Size  Location     Type
   905 ;;  a               1    0[COMMON] unsigned char 
   906 ;; Return value:  Size  Location     Type
   907 ;;		None               void
   908 ;; Registers used:
   909 ;;		wreg, status,2, btemp+1
   910 ;; Tracked objects:
   911 ;;		On entry : 0/0
   912 ;;		On exit  : 0/0
   913 ;;		Unchanged: 0/0
   914 ;; Data sizes:     COMMON   BANK0   BANK1   BANK3   BANK2
   915 ;;      Params:         0       0       0       0       0
   916 ;;      Locals:         1       0       0       0       0
   917 ;;      Temps:          0       0       0       0       0
   918 ;;      Totals:         1       0       0       0       0
   919 ;;Total ram usage:        1 bytes
   920 ;; Hardware stack levels used:    1
   921 ;; This function calls:
   922 ;;		Nothing
   923 ;; This function is called by:
   924 ;;		_main
   925 ;;		_lcd_init
   926 ;; This function uses a non-reentrant model
   927 ;;
   928                           psect	text88
   929                           	file	"Btap_lon_8.c"
   930                           	line	48
   931                           	global	__size_of_cmd
   932  0030                     	__size_of_cmd	equ	__end_of_cmd-_cmd
   933                           	
   934  0714                     _cmd:	
   935                           	opt	stack 7
   936                           ; Regs used in _cmd: [wreg+status,2+btemp+1]
   937                           ;cmd@a stored from wreg
   938  0714  00F0               	movwf	(cmd@a)
   939                           	line	49
   940                           	
   941  0715                     l1094:	
   942                           ;Btap_lon_8.c: 49: PORTB=a;
   943  0715  0870               	movf	(cmd@a),w
   944  0716  1283               	bcf	status, 5	;RP0=0, select bank0
   945  0717  1303               	bcf	status, 6	;RP1=0, select bank0
   946  0718  0086               	movwf	(6)	;volatile
   947                           	line	50
   948                           	
   949  0719                     l1096:	
   950                           ;Btap_lon_8.c: 50: RC0=0;
   951  0719  1007               	bcf	(56/8),(56)&7
   952                           	line	51
   953                           	
   954  071A                     l1098:	
   955                           ;Btap_lon_8.c: 51: RC1=0;
   956  071A  1087               	bcf	(57/8),(57)&7
   957                           	line	52
   958                           	
   959  071B                     l1100:	
   960                           ;Btap_lon_8.c: 52: RC2=1;
   961  071B  1507               	bsf	(58/8),(58)&7
   962                           	line	53
   963                           	
   964  071C                     l1102:	
   965                           ;Btap_lon_8.c: 53: for(i=0;i<1000;i++);
   966  071C  01F3               	clrf	(_i)
   967  071D  01F4               	clrf	(_i+1)
   968                           	
   969  071E                     l1104:	
   970  071E  0874               	movf	(_i+1),w
   971  071F  3A80               	xorlw	80h
   972  0720  00FF               	movwf	btemp+1
   973  0721  3083               	movlw	(high(03E8h))^80h
   974  0722  027F               	subwf	btemp+1,w
   975  0723  1D03               	skipz
   976  0724  2F27               	goto	u15
   977  0725  30E8               	movlw	low(03E8h)
   978  0726  0273               	subwf	(_i),w
   979  0727                     u15:
   980                           
   981  0727  1C03               	skipc
   982  0728  2F2A               	goto	u11
   983  0729  2F2B               	goto	u10
   984  072A                     u11:
   985  072A  2F2D               	goto	l1108
   986  072B                     u10:
   987  072B  2F40               	goto	l709
   988                           	
   989  072C                     l1106:	
   990  072C  2F40               	goto	l709
   991                           	
   992  072D                     l708:	
   993                           	
   994  072D                     l1108:	
   995  072D  3001               	movlw	low(01h)
   996  072E  07F3               	addwf	(_i),f
   997  072F  1803               	skipnc
   998  0730  0AF4               	incf	(_i+1),f
   999  0731  3000               	movlw	high(01h)
  1000  0732  07F4               	addwf	(_i+1),f
  1001                           	
  1002  0733                     l1110:	
  1003  0733  0874               	movf	(_i+1),w
  1004  0734  3A80               	xorlw	80h
  1005  0735  00FF               	movwf	btemp+1
  1006  0736  3083               	movlw	(high(03E8h))^80h
  1007  0737  027F               	subwf	btemp+1,w
  1008  0738  1D03               	skipz
  1009  0739  2F3C               	goto	u25
  1010  073A  30E8               	movlw	low(03E8h)
  1011  073B  0273               	subwf	(_i),w
  1012  073C                     u25:
  1013                           
  1014  073C  1C03               	skipc
  1015  073D  2F3F               	goto	u21
  1016  073E  2F40               	goto	u20
  1017  073F                     u21:
  1018  073F  2F2D               	goto	l1108
  1019  0740                     u20:
  1020                           	
  1021  0740                     l709:	
  1022                           	line	54
  1023                           ;Btap_lon_8.c: 54: RC2=0;
  1024  0740  1283               	bcf	status, 5	;RP0=0, select bank0
  1025  0741  1303               	bcf	status, 6	;RP1=0, select bank0
  1026  0742  1107               	bcf	(58/8),(58)&7
  1027                           	line	55
  1028                           	
  1029  0743                     l710:	
  1030  0743  0008               	return
  1031                           	opt stack 0
  1032                           GLOBAL	__end_of_cmd
  1033  0744                     	__end_of_cmd:
  1034 ;; =============== function _cmd ends ============
  1035                           
  1036                           	signat	_cmd,4216
  1037                           psect	text89,local,class=CODE,delta=2
  1038                           global __ptext89
  1039  0000                     __ptext89:
  1040                           	global	btemp
  1041  007E                     	btemp set 07Eh
  1042                           
  1043                           	DABS	1,126,2	;btemp
  1044                           	global	wtemp0
  1045  007E                     	wtemp0 set btemp


HI-TECH Software PICC Macro Assembler V9.81 build 7503 
Symbol Table                                                                                   Sun Mar 17 14:56:55 2024

                   _i 0073                     pc 0002                    u10 072B                    u11 072A  
                  u20 0740                    u21 073F                    u30 075B                    u15 0727  
                  u31 075A                    u40 0770                    u25 073C                    u41 076F  
                  u35 0757                    u45 076C                    fsr 0004                   l700 07FC  
                 l701 07FD                   l710 0743                   l702 07FD                   l720 0713  
                 l713 075D                   l705 06F2                   l721 0713                   l714 0770  
                 l715 0773                   l708 072D                   l709 0740                   l718 0706  
                 l719 06F5                   l693 0791                   l694 07EE                   l695 07B4  
                 l696 07C8                   l697 07D9                   l698 07ED                   l699 07FB  
                 _RC0 0038                   _RC1 0039                   _RD0 0040                   _RC2 003A  
                 _dat 0744                   _cmd 0714                   fsr0 0004                  l1100 071B  
                l1110 0733                  l1102 071C                  l1104 071E                  l1120 074C  
                l1112 0745                  l1106 072C                  l1122 074E                  l1114 0749  
                l1108 072D                  l1124 075C                  l1116 074A                  l1126 075D  
                l1118 074B                  l1128 0763                  l1094 0715                  ?_dat 0070  
                l1096 0719                  l1098 071A                  ?_cmd 0070                  l1900 06F5  
                l1902 0701                  l1910 0784                  l1904 0706                  l1920 07A3  
                l1912 078A                  l1930 07C8                  l1922 07A5                  l1914 0791  
                l1906 0774                  l1932 07CA                  l1924 07B3                  l1916 0797  
                l1940 07EE                  l1908 077F                  l1942 07F4                  l1934 07D8  
                l1926 07B4                  l1918 079D                  l1936 07D9                  l1928 07BA  
                l1938 07DF                  l1896 06DA                  l1898 06F4                  STR_1 001A  
                STR_2 002B                  STR_3 0009                  u2200 07B2                  u2201 07B1  
                u2210 07C7                  u2211 07C6                  u2220 07D7                  u2221 07D6  
                u2205 07AE                  u2230 07EC                  u2231 07EB                  u2215 07C3  
                u2225 07D3                  u2235 07E8                  u2180 0712                  u2181 0711  
                u2190 0797                  u2191 0796                  dat@b 0070                  cmd@a 0070  
                _main 0774                  _show 06F3                  btemp 007E                  start 0000  
               ??_dat 0070                 ??_cmd 0070                 ?_main 0070                 ?_show 0070  
               _PORTB 0006                 _TRISB 0086                 _TRISD 0088                 pclath 000A  
               show@s 0072                 status 0003                 wtemp0 007E          __end_of_main 0800  
        __end_of_show 0714                ??_main 0073                ??_show 0071                _TRISC0 0438  
              _TRISC1 0439                _TRISC2 043A      __end_of_lcd_init 06F3        __pcstackCOMMON 0070  
          __pmaintext 0774             ?_lcd_init 0070          __size_of_dat 0030          __size_of_cmd 0030  
          ??_lcd_init 0071  end_of_initialization 06D6   start_initialization 06D4           __end_of_dat 0774  
         __end_of_cmd 0744           __pbssCOMMON 0073     __size_of_lcd_init 0019             __pstrings 0003  
         __stringbase 0008              __ptext84 0000              __ptext85 06F3              __ptext86 06DA  
            __ptext87 0744              __ptext88 0714              __ptext89 0000              _lcd_init 06DA  
       __size_of_main 008C         __size_of_show 0021             stringcode 0003              stringdir 0003  
            stringtab 0003  
