

HI-TECH Software PIC LITE Macro Assembler V9.81 build 7503 
                                                                                               Sun Mar 17 16:13:34 2024

HI-TECH Software Omniscient Code Generator (Lite mode) build 7503
     1  0000                     opt subtitle "HI-TECH Software Omniscient Code Generator (Lite mode) build 7503"
     2                           
     3                           opt pagewidth 120
     4                           
     5                           	opt lm
     6                           
     7                           	processor	16F877A
     8                           clrc	macro
     9                           	bcf	3,0
    10  0000                     	endm
    11                           clrz	macro
    12                           	bcf	3,2
    13  0000                     	endm
    14                           setc	macro
    15                           	bsf	3,0
    16  0000                     	endm
    17                           setz	macro
    18                           	bsf	3,2
    19  0000                     	endm
    20                           skipc	macro
    21                           	btfss	3,0
    22  0000                     	endm
    23                           skipz	macro
    24                           	btfss	3,2
    25  0000                     	endm
    26                           skipnc	macro
    27                           	btfsc	3,0
    28  0000                     	endm
    29                           skipnz	macro
    30                           	btfsc	3,2
    31  0000                     	endm
    32  0000                     indf	equ	0
    33  0000                     indf0	equ	0
    34  0002                     pc	equ	2
    35  0002                     pcl	equ	2
    36  0003                     status	equ	3
    37  0004                     fsr	equ	4
    38  0004                     fsr0	equ	4
    39  0001                     c	equ	1
    40  0000                     z	equ	0
    41  000A                     pclath	equ	10
    42                           # 3 "Btap_lon_14.c"
    43                           	psect config,class=CONFIG,delta=2 ;#
    44                           # 3 "Btap_lon_14.c"
    45  2007  FF7A               	dw 0xFFFE & 0xFFFB & 0xFFFF & 0xFFFF & 0xFFFF & 0xFF7F & 0xFFFF & 0xFFFF & 0xFFFF ;#
    46                           	FNCALL	_main,_lcd_init
    47                           	FNCALL	_main,_cmd
    48                           	FNCALL	_main,_show
    49                           	FNCALL	_show,_dat
    50                           	FNCALL	_lcd_init,_cmd
    51                           	FNROOT	_main
    52                           	global	_i
    53                           	global	_PORTB
    54                           psect	text84,local,class=CODE,delta=2
    55                           global __ptext84
    56  0000                     __ptext84:
    57  0006                     _PORTB	set	6
    58                           	global	_RC0
    59  0038                     _RC0	set	56
    60                           	global	_RC1
    61  0039                     _RC1	set	57
    62                           	global	_RC2
    63  003A                     _RC2	set	58
    64                           	global	_RD0
    65  0040                     _RD0	set	64
    66                           	global	_TRISB
    67  0086                     _TRISB	set	134
    68                           	global	_TRISD
    69  0088                     _TRISD	set	136
    70                           	global	_TRISC0
    71  0438                     _TRISC0	set	1080
    72                           	global	_TRISC1
    73  0439                     _TRISC1	set	1081
    74                           	global	_TRISC2
    75  043A                     _TRISC2	set	1082
    76                           psect	strings,class=STRING,delta=2
    77                           global __pstrings
    78  0003                     __pstrings:
    79                           ;	global	stringdir,stringtab,__stringbase
    80  0003                     stringtab:
    81                           ;	String table - string pointers are 1 byte each
    82  0003                     stringcode:stringdir:
      + 0003                     stringdir:	
    83  0003  3000               movlw high(stringdir)
    84  0004  008A               movwf pclath
    85  0005  0804               movf fsr,w
    86  0006  0A84               incf fsr
    87  0007  0782               	addwf pc
    88  0008                     __stringbase:
    89  0008  3400               	retlw	0
    90                           psect	strings
    91                           	
    92  0009                     STR_3:	
    93  0009  3420               	retlw	32	;' '
    94  000A  3420               	retlw	32	;' '
    95  000B  3420               	retlw	32	;' '
    96  000C  3420               	retlw	32	;' '
    97  000D  3420               	retlw	32	;' '
    98  000E  3420               	retlw	32	;' '
    99  000F  3420               	retlw	32	;' '
   100  0010  3420               	retlw	32	;' '
   101  0011  3420               	retlw	32	;' '
   102  0012  3420               	retlw	32	;' '
   103  0013  3420               	retlw	32	;' '
   104  0014  3420               	retlw	32	;' '
   105  0015  3420               	retlw	32	;' '
   106  0016  3420               	retlw	32	;' '
   107  0017  3420               	retlw	32	;' '
   108  0018  3420               	retlw	32	;' '
   109  0019  3400               	retlw	0
   110                           psect	strings
   111                           	
   112  001A                     STR_1:	
   113  001A  344E               	retlw	78	;'N'
   114  001B  3468               	retlw	104	;'h'
   115  001C  346F               	retlw	111	;'o'
   116  001D  346D               	retlw	109	;'m'
   117  001E  3420               	retlw	32	;' '
   118  001F  3433               	retlw	51	;'3'
   119  0020  3420               	retlw	32	;' '
   120  0021  342D               	retlw	45	;'-'
   121  0022  3420               	retlw	32	;' '
   122  0023  3452               	retlw	82	;'R'
   123  0024  3441               	retlw	65	;'A'
   124  0025  3449               	retlw	73	;'I'
   125  0026  3420               	retlw	32	;' '
   126  0027  344B               	retlw	75	;'K'
   127  0028  3436               	retlw	54	;'6'
   128  0029  3433               	retlw	51	;'3'
   129  002A  3400               	retlw	0
   130                           psect	strings
   131                           	
   132  002B                     STR_2:	
   133  002B  3452               	retlw	82	;'R'
   134  002C  3461               	retlw	97	;'a'
   135  002D  3469               	retlw	105	;'i'
   136  002E  346E               	retlw	110	;'n'
   137  002F  3420               	retlw	32	;' '
   138  0030  3444               	retlw	68	;'D'
   139  0031  3465               	retlw	101	;'e'
   140  0032  3474               	retlw	116	;'t'
   141  0033  3465               	retlw	101	;'e'
   142  0034  3463               	retlw	99	;'c'
   143  0035  3474               	retlw	116	;'t'
   144  0036  3465               	retlw	101	;'e'
   145  0037  3464               	retlw	100	;'d'
   146  0038  3400               	retlw	0
   147                           psect	strings
   148                           	file	"C:\Users\TRANHA~1\AppData\Local\Temp\s344."
   149                           	line	#
   150                           psect cinit,class=CODE,delta=2
   151                           global start_initialization
   152  06D4                     start_initialization:
   153                           
   154                           psect	bssCOMMON,class=COMMON,space=1
   155                           global __pbssCOMMON
   156  0073                     __pbssCOMMON:
   157  0073                     _i:
   158  0073                            ds      2
   159                           
   160                           ; Clear objects allocated to COMMON
   161                           psect cinit,class=CODE,delta=2
   162  06D4  01F3               	clrf	((__pbssCOMMON)+0)&07Fh
   163  06D5  01F4               	clrf	((__pbssCOMMON)+1)&07Fh
   164                           psect cinit,class=CODE,delta=2
   165                           global end_of_initialization
   166                           
   167                           ;End of C runtime variable initialization code
   168                           
   169  06D6                     end_of_initialization:
   170  06D6  0183               clrf status
   171  06D7  120A  118A  2F74   ljmp _main	;jump to C main() function
   172                           psect	cstackCOMMON,class=COMMON,space=1
   173                           global __pcstackCOMMON
   174  0070                     __pcstackCOMMON:
   175                           	global	?_lcd_init
   176  0070                     ?_lcd_init:	; 0 bytes @ 0x0
   177                           	global	?_cmd
   178  0070                     ?_cmd:	; 0 bytes @ 0x0
   179                           	global	??_cmd
   180  0070                     ??_cmd:	; 0 bytes @ 0x0
   181                           	global	?_show
   182  0070                     ?_show:	; 0 bytes @ 0x0
   183                           	global	?_main
   184  0070                     ?_main:	; 0 bytes @ 0x0
   185                           	global	?_dat
   186  0070                     ?_dat:	; 0 bytes @ 0x0
   187                           	global	??_dat
   188  0070                     ??_dat:	; 0 bytes @ 0x0
   189                           	global	cmd@a
   190  0070                     cmd@a:	; 1 bytes @ 0x0
   191                           	global	dat@b
   192  0070                     dat@b:	; 1 bytes @ 0x0
   193  0070                     	ds	1
   194                           	global	??_lcd_init
   195  0071                     ??_lcd_init:	; 0 bytes @ 0x1
   196                           	global	??_show
   197  0071                     ??_show:	; 0 bytes @ 0x1
   198  0071                     	ds	1
   199                           	global	show@s
   200  0072                     show@s:	; 1 bytes @ 0x2
   201  0072                     	ds	1
   202                           	global	??_main
   203  0073                     ??_main:	; 0 bytes @ 0x3
   204 ;;Data sizes: Strings 48, constant 0, data 0, bss 2, persistent 0 stack 0
   205 ;;Auto spaces:   Size  Autos    Used
   206 ;; COMMON          14      3       5
   207 ;; BANK0           80      0       0
   208 ;; BANK1           80      0       0
   209 ;; BANK3           96      0       0
   210 ;; BANK2           96      0       0
   211                           
   212 ;;
   213 ;; Pointer list with targets:
   214                           
   215 ;; show@s	PTR unsigned char  size(1) Largest target is 17
   216 ;;		 -> STR_3(CODE[17]), STR_2(CODE[14]), STR_1(CODE[17]), 
   217 ;;
   218                           
   219                           
   220 ;;
   221 ;; Critical Paths under _main in COMMON
   222 ;;
   223 ;;   _main->_show
   224 ;;   _show->_dat
   225 ;;   _lcd_init->_cmd
   226 ;;
   227 ;; Critical Paths under _main in BANK0
   228 ;;
   229 ;;   None.
   230 ;;
   231 ;; Critical Paths under _main in BANK1
   232 ;;
   233 ;;   None.
   234 ;;
   235 ;; Critical Paths under _main in BANK3
   236 ;;
   237 ;;   None.
   238 ;;
   239 ;; Critical Paths under _main in BANK2
   240 ;;
   241 ;;   None.
   242                           
   243 ;;
   244 ;;Main: autosize = 0, tempsize = 0, incstack = 0, save=0
   245 ;;
   246                           
   247 ;;
   248 ;;Call Graph Tables:
   249 ;;
   250 ;; ---------------------------------------------------------------------------------
   251 ;; (Depth) Function   	        Calls       Base Space   Used Autos Params    Refs
   252 ;; ---------------------------------------------------------------------------------
   253 ;; (0) _main                                                 0     0      0      75
   254 ;;                           _lcd_init
   255 ;;                                _cmd
   256 ;;                               _show
   257 ;; ---------------------------------------------------------------------------------
   258 ;; (1) _show                                                 2     2      0      45
   259 ;;                                              1 COMMON     2     2      0
   260 ;;                                _dat
   261 ;; ---------------------------------------------------------------------------------
   262 ;; (1) _lcd_init                                             0     0      0      15
   263 ;;                                _cmd
   264 ;; ---------------------------------------------------------------------------------
   265 ;; (2) _dat                                                  1     1      0      15
   266 ;;                                              0 COMMON     1     1      0
   267 ;; ---------------------------------------------------------------------------------
   268 ;; (1) _cmd                                                  1     1      0      15
   269 ;;                                              0 COMMON     1     1      0
   270 ;; ---------------------------------------------------------------------------------
   271 ;; Estimated maximum stack depth 2
   272 ;; ---------------------------------------------------------------------------------
   273                           
   274 ;; Call Graph Graphs:
   275                           
   276 ;; _main (ROOT)
   277 ;;   _lcd_init
   278 ;;     _cmd
   279 ;;   _cmd
   280 ;;   _show
   281 ;;     _dat
   282 ;;
   283                           
   284 ;; Address spaces:
   285                           
   286 ;;Name               Size   Autos  Total    Cost      Usage
   287 ;;BITCOMMON            E      0       0       0        0.0%
   288 ;;EEDATA             100      0       0       0        0.0%
   289 ;;NULL                 0      0       0       0        0.0%
   290 ;;CODE                 0      0       0       0        0.0%
   291 ;;COMMON               E      3       5       1       35.7%
   292 ;;BITSFR0              0      0       0       1        0.0%
   293 ;;SFR0                 0      0       0       1        0.0%
   294 ;;BITSFR1              0      0       0       2        0.0%
   295 ;;SFR1                 0      0       0       2        0.0%
   296 ;;STACK                0      0       2       2        0.0%
   297 ;;ABS                  0      0       5       3        0.0%
   298 ;;BITBANK0            50      0       0       4        0.0%
   299 ;;BITSFR3              0      0       0       4        0.0%
   300 ;;SFR3                 0      0       0       4        0.0%
   301 ;;BANK0               50      0       0       5        0.0%
   302 ;;BITSFR2              0      0       0       5        0.0%
   303 ;;SFR2                 0      0       0       5        0.0%
   304 ;;BITBANK1            50      0       0       6        0.0%
   305 ;;BANK1               50      0       0       7        0.0%
   306 ;;BITBANK3            60      0       0       8        0.0%
   307 ;;BANK3               60      0       0       9        0.0%
   308 ;;BITBANK2            60      0       0      10        0.0%
   309 ;;BANK2               60      0       0      11        0.0%
   310 ;;DATA                 0      0       7      12        0.0%
   311                           
   312                           	global	_main
   313                           psect	maintext,global,class=CODE,delta=2
   314                           global __pmaintext
   315  0774                     __pmaintext:
   316                           
   317 ;; *************** function _main *****************
   318 ;; Defined at:
   319 ;;		line 21 in file "Btap_lon_14.c"
   320 ;; Parameters:    Size  Location     Type
   321 ;;		None
   322 ;; Auto vars:     Size  Location     Type
   323 ;;		None
   324 ;; Return value:  Size  Location     Type
   325 ;;		None               void
   326 ;; Registers used:
   327 ;;		wreg, fsr0l, fsr0h, status,2, status,0, btemp+1, pclath, cstack
   328 ;; Tracked objects:
   329 ;;		On entry : 17F/0
   330 ;;		On exit  : 0/0
   331 ;;		Unchanged: 0/0
   332 ;; Data sizes:     COMMON   BANK0   BANK1   BANK3   BANK2
   333 ;;      Params:         0       0       0       0       0
   334 ;;      Locals:         0       0       0       0       0
   335 ;;      Temps:          0       0       0       0       0
   336 ;;      Totals:         0       0       0       0       0
   337 ;;Total ram usage:        0 bytes
   338 ;; Hardware stack levels required when called:    2
   339 ;; This function calls:
   340 ;;		_lcd_init
   341 ;;		_cmd
   342 ;;		_show
   343 ;; This function is called by:
   344 ;;		Startup code after reset
   345 ;; This function uses a non-reentrant model
   346 ;;
   347                           psect	maintext
   348                           	file	"Btap_lon_14.c"
   349                           	line	21
   350                           	global	__size_of_main
   351  008C                     	__size_of_main	equ	__end_of_main-_main
   352                           	
   353  0774                     _main:	
   354                           	opt	stack 6
   355                           ; Regs used in _main: [wreg-fsr0h+status,2+status,0+btemp+1+pclath+cstack]
   356                           	line	22
   357                           	
   358  0774                     l1906:	
   359                           ;Btap_lon_14.c: 22: TRISB=TRISC0=TRISC1=TRISC2=0;
   360  0774  1683               	bsf	status, 5	;RP0=1, select bank1
   361  0775  1303               	bcf	status, 6	;RP1=0, select bank1
   362  0776  1107               	bcf	(1082/8)^080h,(1082)&7
   363  0777  1087               	bcf	(1081/8)^080h,(1081)&7
   364  0778  1007               	bcf	(1080/8)^080h,(1080)&7
   365  0779  3000               	movlw	0
   366  077A  1807               	btfsc	(1080/8)^080h,(1080)&7
   367  077B  3001               	movlw	1
   368  077C  0086               	movwf	(134)^080h	;volatile
   369                           	line	23
   370                           ;Btap_lon_14.c: 23: TRISD=0xff;
   371  077D  30FF               	movlw	(0FFh)
   372  077E  0088               	movwf	(136)^080h	;volatile
   373                           	line	24
   374                           	
   375  077F                     l1908:	
   376                           ;Btap_lon_14.c: 24: lcd_init();
   377  077F  120A  118A  26DA   	fcall	_lcd_init
              120A  118A         
   378                           	line	25
   379                           	
   380  0784                     l1910:	
   381                           ;Btap_lon_14.c: 25: cmd(0x80);
   382  0784  3080               	movlw	(080h)
   383  0785  120A  118A  2714   	fcall	_cmd
              120A  118A         
   384                           	line	26
   385                           	
   386  078A                     l1912:	
   387                           ;Btap_lon_14.c: 26: show("Nhom 3 - RAI K63");
   388  078A  3012               	movlw	((STR_1-__stringbase))&0ffh
   389  078B  120A  118A  26F3   	fcall	_show
              120A  118A         
   390  0790  2F91               	goto	l1914
   391                           	line	27
   392                           ;Btap_lon_14.c: 27: while(1) {
   393                           	
   394  0791                     l693:	
   395                           	line	28
   396                           	
   397  0791                     l1914:	
   398                           ;Btap_lon_14.c: 28: if(RD0 == 0) {
   399  0791  1283               	bcf	status, 5	;RP0=0, select bank0
   400  0792  1303               	bcf	status, 6	;RP1=0, select bank0
   401  0793  1808               	btfsc	(64/8),(64)&7
   402  0794  2F96               	goto	u2191
   403  0795  2F97               	goto	u2190
   404  0796                     u2191:
   405  0796  2FEE               	goto	l1940
   406  0797                     u2190:
   407                           	line	29
   408                           	
   409  0797                     l1916:	
   410                           ;Btap_lon_14.c: 29: cmd(0xc0);
   411  0797  30C0               	movlw	(0C0h)
   412  0798  120A  118A  2714   	fcall	_cmd
              120A  118A         
   413                           	line	30
   414                           	
   415  079D                     l1918:	
   416                           ;Btap_lon_14.c: 30: show("Rain Detected");
   417  079D  3023               	movlw	((STR_2-__stringbase))&0ffh
   418  079E  120A  118A  26F3   	fcall	_show
              120A  118A         
   419                           	line	31
   420                           	
   421  07A3                     l1920:	
   422                           ;Btap_lon_14.c: 31: for(i=0;i<1000;i++);for(i=0;i<1000;i++);
   423  07A3  01F3               	clrf	(_i)
   424  07A4  01F4               	clrf	(_i+1)
   425                           	
   426  07A5                     l1922:	
   427  07A5  0874               	movf	(_i+1),w
   428  07A6  3A80               	xorlw	80h
   429  07A7  00FF               	movwf	btemp+1
   430  07A8  3083               	movlw	(high(03E8h))^80h
   431  07A9  027F               	subwf	btemp+1,w
   432  07AA  1D03               	skipz
   433  07AB  2FAE               	goto	u2205
   434  07AC  30E8               	movlw	low(03E8h)
   435  07AD  0273               	subwf	(_i),w
   436  07AE                     u2205:
   437                           
   438  07AE  1C03               	skipc
   439  07AF  2FB1               	goto	u2201
   440  07B0  2FB2               	goto	u2200
   441  07B1                     u2201:
   442  07B1  2FB4               	goto	l1926
   443  07B2                     u2200:
   444  07B2  2FC8               	goto	l1930
   445                           	
   446  07B3                     l1924:	
   447  07B3  2FC8               	goto	l1930
   448                           	
   449  07B4                     l695:	
   450                           	
   451  07B4                     l1926:	
   452  07B4  3001               	movlw	low(01h)
   453  07B5  07F3               	addwf	(_i),f
   454  07B6  1803               	skipnc
   455  07B7  0AF4               	incf	(_i+1),f
   456  07B8  3000               	movlw	high(01h)
   457  07B9  07F4               	addwf	(_i+1),f
   458                           	
   459  07BA                     l1928:	
   460  07BA  0874               	movf	(_i+1),w
   461  07BB  3A80               	xorlw	80h
   462  07BC  00FF               	movwf	btemp+1
   463  07BD  3083               	movlw	(high(03E8h))^80h
   464  07BE  027F               	subwf	btemp+1,w
   465  07BF  1D03               	skipz
   466  07C0  2FC3               	goto	u2215
   467  07C1  30E8               	movlw	low(03E8h)
   468  07C2  0273               	subwf	(_i),w
   469  07C3                     u2215:
   470                           
   471  07C3  1C03               	skipc
   472  07C4  2FC6               	goto	u2211
   473  07C5  2FC7               	goto	u2210
   474  07C6                     u2211:
   475  07C6  2FB4               	goto	l1926
   476  07C7                     u2210:
   477  07C7  2FC8               	goto	l1930
   478                           	
   479  07C8                     l696:	
   480                           	
   481  07C8                     l1930:	
   482  07C8  01F3               	clrf	(_i)
   483  07C9  01F4               	clrf	(_i+1)
   484                           	
   485  07CA                     l1932:	
   486  07CA  0874               	movf	(_i+1),w
   487  07CB  3A80               	xorlw	80h
   488  07CC  00FF               	movwf	btemp+1
   489  07CD  3083               	movlw	(high(03E8h))^80h
   490  07CE  027F               	subwf	btemp+1,w
   491  07CF  1D03               	skipz
   492  07D0  2FD3               	goto	u2225
   493  07D1  30E8               	movlw	low(03E8h)
   494  07D2  0273               	subwf	(_i),w
   495  07D3                     u2225:
   496                           
   497  07D3  1C03               	skipc
   498  07D4  2FD6               	goto	u2221
   499  07D5  2FD7               	goto	u2220
   500  07D6                     u2221:
   501  07D6  2FD9               	goto	l1936
   502  07D7                     u2220:
   503  07D7  2F91               	goto	l1914
   504                           	
   505  07D8                     l1934:	
   506  07D8  2F91               	goto	l1914
   507                           	
   508  07D9                     l697:	
   509                           	
   510  07D9                     l1936:	
   511  07D9  3001               	movlw	low(01h)
   512  07DA  07F3               	addwf	(_i),f
   513  07DB  1803               	skipnc
   514  07DC  0AF4               	incf	(_i+1),f
   515  07DD  3000               	movlw	high(01h)
   516  07DE  07F4               	addwf	(_i+1),f
   517                           	
   518  07DF                     l1938:	
   519  07DF  0874               	movf	(_i+1),w
   520  07E0  3A80               	xorlw	80h
   521  07E1  00FF               	movwf	btemp+1
   522  07E2  3083               	movlw	(high(03E8h))^80h
   523  07E3  027F               	subwf	btemp+1,w
   524  07E4  1D03               	skipz
   525  07E5  2FE8               	goto	u2235
   526  07E6  30E8               	movlw	low(03E8h)
   527  07E7  0273               	subwf	(_i),w
   528  07E8                     u2235:
   529                           
   530  07E8  1C03               	skipc
   531  07E9  2FEB               	goto	u2231
   532  07EA  2FEC               	goto	u2230
   533  07EB                     u2231:
   534  07EB  2FD9               	goto	l1936
   535  07EC                     u2230:
   536  07EC  2F91               	goto	l1914
   537                           	
   538  07ED                     l698:	
   539                           	line	32
   540                           ;Btap_lon_14.c: 32: } else {
   541  07ED  2F91               	goto	l1914
   542                           	
   543  07EE                     l694:	
   544                           	line	33
   545                           	
   546  07EE                     l1940:	
   547                           ;Btap_lon_14.c: 33: cmd(0xc0);
   548  07EE  30C0               	movlw	(0C0h)
   549  07EF  120A  118A  2714   	fcall	_cmd
              120A  118A         
   550                           	line	34
   551                           	
   552  07F4                     l1942:	
   553                           ;Btap_lon_14.c: 34: show("                ");
   554  07F4  3001               	movlw	((STR_3-__stringbase))&0ffh
   555  07F5  120A  118A  26F3   	fcall	_show
              120A  118A         
   556  07FA  2F91               	goto	l1914
   557                           	line	35
   558                           	
   559  07FB                     l699:	
   560  07FB  2F91               	goto	l1914
   561                           	line	36
   562                           	
   563  07FC                     l700:	
   564                           	line	27
   565  07FC  2F91               	goto	l1914
   566                           	
   567  07FD                     l701:	
   568                           	line	37
   569                           	
   570  07FD                     l702:	
   571                           	global	start
   572  07FD  120A  118A  2800   	ljmp	start
   573                           	opt stack 0
   574                           GLOBAL	__end_of_main
   575  0800                     	__end_of_main:
   576 ;; =============== function _main ends ============
   577                           
   578                           	signat	_main,88
   579                           	global	_show
   580                           psect	text85,local,class=CODE,delta=2
   581                           global __ptext85
   582  06F3                     __ptext85:
   583                           
   584 ;; *************** function _show *****************
   585 ;; Defined at:
   586 ;;		line 68 in file "Btap_lon_14.c"
   587 ;; Parameters:    Size  Location     Type
   588 ;;  s               1    wreg     PTR unsigned char 
   589 ;;		 -> STR_3(17), STR_2(14), STR_1(17), 
   590 ;; Auto vars:     Size  Location     Type
   591 ;;  s               1    2[COMMON] PTR unsigned char 
   592 ;;		 -> STR_3(17), STR_2(14), STR_1(17), 
   593 ;; Return value:  Size  Location     Type
   594 ;;		None               void
   595 ;; Registers used:
   596 ;;		wreg, fsr0l, fsr0h, status,2, status,0, btemp+1, pclath, cstack
   597 ;; Tracked objects:
   598 ;;		On entry : 0/0
   599 ;;		On exit  : 0/0
   600 ;;		Unchanged: 0/0
   601 ;; Data sizes:     COMMON   BANK0   BANK1   BANK3   BANK2
   602 ;;      Params:         0       0       0       0       0
   603 ;;      Locals:         1       0       0       0       0
   604 ;;      Temps:          1       0       0       0       0
   605 ;;      Totals:         2       0       0       0       0
   606 ;;Total ram usage:        2 bytes
   607 ;; Hardware stack levels used:    1
   608 ;; Hardware stack levels required when called:    1
   609 ;; This function calls:
   610 ;;		_dat
   611 ;; This function is called by:
   612 ;;		_main
   613 ;; This function uses a non-reentrant model
   614 ;;
   615                           psect	text85
   616                           	file	"Btap_lon_14.c"
   617                           	line	68
   618                           	global	__size_of_show
   619  0021                     	__size_of_show	equ	__end_of_show-_show
   620                           	
   621  06F3                     _show:	
   622                           	opt	stack 6
   623                           ; Regs used in _show: [wreg-fsr0h+status,2+status,0+btemp+1+pclath+cstack]
   624                           ;show@s stored from wreg
   625  06F3  00F2               	movwf	(show@s)
   626                           	line	69
   627                           	
   628  06F4                     l1898:	
   629                           ;Btap_lon_14.c: 69: while(*s)
   630  06F4  2F06               	goto	l1904
   631                           	
   632  06F5                     l719:	
   633                           	line	71
   634                           	
   635  06F5                     l1900:	
   636                           ;Btap_lon_14.c: 70: {
   637                           ;Btap_lon_14.c: 71: dat(*s++);
   638  06F5  0872               	movf	(show@s),w
   639  06F6  0084               	movwf	fsr0
   640  06F7  120A  118A  2003   	fcall	stringdir
              120A  118A         
   641  06FC  120A  118A  2744   	fcall	_dat
              120A  118A         
   642                           	
   643  0701                     l1902:	
   644  0701  3001               	movlw	(01h)
   645  0702  00F1               	movwf	(??_show+0)+0
   646  0703  0871               	movf	(??_show+0)+0,w
   647  0704  07F2               	addwf	(show@s),f
   648  0705  2F06               	goto	l1904
   649                           	line	72
   650                           	
   651  0706                     l718:	
   652                           	line	69
   653                           	
   654  0706                     l1904:	
   655  0706  0872               	movf	(show@s),w
   656  0707  0084               	movwf	fsr0
   657  0708  120A  118A  2003   	fcall	stringdir
              120A  118A         
   658  070D  3800               	iorlw	0
   659  070E  1D03               	skipz
   660  070F  2F11               	goto	u2181
   661  0710  2F12               	goto	u2180
   662  0711                     u2181:
   663  0711  2EF5               	goto	l1900
   664  0712                     u2180:
   665  0712  2F13               	goto	l721
   666                           	
   667  0713                     l720:	
   668                           	line	73
   669                           	
   670  0713                     l721:	
   671  0713  0008               	return
   672                           	opt stack 0
   673                           GLOBAL	__end_of_show
   674  0714                     	__end_of_show:
   675 ;; =============== function _show ends ============
   676                           
   677                           	signat	_show,4216
   678                           	global	_lcd_init
   679                           psect	text86,local,class=CODE,delta=2
   680                           global __ptext86
   681  06DA                     __ptext86:
   682                           
   683 ;; *************** function _lcd_init *****************
   684 ;; Defined at:
   685 ;;		line 40 in file "Btap_lon_14.c"
   686 ;; Parameters:    Size  Location     Type
   687 ;;		None
   688 ;; Auto vars:     Size  Location     Type
   689 ;;		None
   690 ;; Return value:  Size  Location     Type
   691 ;;		None               void
   692 ;; Registers used:
   693 ;;		wreg, status,2, status,0, btemp+1, pclath, cstack
   694 ;; Tracked objects:
   695 ;;		On entry : 0/0
   696 ;;		On exit  : 0/0
   697 ;;		Unchanged: 0/0
   698 ;; Data sizes:     COMMON   BANK0   BANK1   BANK3   BANK2
   699 ;;      Params:         0       0       0       0       0
   700 ;;      Locals:         0       0       0       0       0
   701 ;;      Temps:          0       0       0       0       0
   702 ;;      Totals:         0       0       0       0       0
   703 ;;Total ram usage:        0 bytes
   704 ;; Hardware stack levels used:    1
   705 ;; Hardware stack levels required when called:    1
   706 ;; This function calls:
   707 ;;		_cmd
   708 ;; This function is called by:
   709 ;;		_main
   710 ;; This function uses a non-reentrant model
   711 ;;
   712                           psect	text86
   713                           	file	"Btap_lon_14.c"
   714                           	line	40
   715                           	global	__size_of_lcd_init
   716  0019                     	__size_of_lcd_init	equ	__end_of_lcd_init-_lcd_init
   717                           	
   718  06DA                     _lcd_init:	
   719                           	opt	stack 6
   720                           ; Regs used in _lcd_init: [wreg+status,2+status,0+btemp+1+pclath+cstack]
   721                           	line	41
   722                           	
   723  06DA                     l1896:	
   724                           ;Btap_lon_14.c: 41: cmd(0x38);
   725  06DA  3038               	movlw	(038h)
   726  06DB  120A  118A  2714   	fcall	_cmd
              120A  118A         
   727                           	line	42
   728                           ;Btap_lon_14.c: 42: cmd(0x0c);
   729  06E0  300C               	movlw	(0Ch)
   730  06E1  120A  118A  2714   	fcall	_cmd
              120A  118A         
   731                           	line	43
   732                           ;Btap_lon_14.c: 43: cmd(0x06);
   733  06E6  3006               	movlw	(06h)
   734  06E7  120A  118A  2714   	fcall	_cmd
              120A  118A         
   735                           	line	44
   736                           ;Btap_lon_14.c: 44: cmd(0x80);
   737  06EC  3080               	movlw	(080h)
   738  06ED  120A  118A  2714   	fcall	_cmd
              120A  118A         
   739                           	line	45
   740                           	
   741  06F2                     l705:	
   742  06F2  0008               	return
   743                           	opt stack 0
   744                           GLOBAL	__end_of_lcd_init
   745  06F3                     	__end_of_lcd_init:
   746 ;; =============== function _lcd_init ends ============
   747                           
   748                           	signat	_lcd_init,88
   749                           	global	_dat
   750                           psect	text87,local,class=CODE,delta=2
   751                           global __ptext87
   752  0744                     __ptext87:
   753                           
   754 ;; *************** function _dat *****************
   755 ;; Defined at:
   756 ;;		line 58 in file "Btap_lon_14.c"
   757 ;; Parameters:    Size  Location     Type
   758 ;;  b               1    wreg     unsigned char 
   759 ;; Auto vars:     Size  Location     Type
   760 ;;  b               1    0[COMMON] unsigned char 
   761 ;; Return value:  Size  Location     Type
   762 ;;		None               void
   763 ;; Registers used:
   764 ;;		wreg, status,2, btemp+1
   765 ;; Tracked objects:
   766 ;;		On entry : 0/0
   767 ;;		On exit  : 0/0
   768 ;;		Unchanged: 0/0
   769 ;; Data sizes:     COMMON   BANK0   BANK1   BANK3   BANK2
   770 ;;      Params:         0       0       0       0       0
   771 ;;      Locals:         1       0       0       0       0
   772 ;;      Temps:          0       0       0       0       0
   773 ;;      Totals:         1       0       0       0       0
   774 ;;Total ram usage:        1 bytes
   775 ;; Hardware stack levels used:    1
   776 ;; This function calls:
   777 ;;		Nothing
   778 ;; This function is called by:
   779 ;;		_show
   780 ;; This function uses a non-reentrant model
   781 ;;
   782                           psect	text87
   783                           	file	"Btap_lon_14.c"
   784                           	line	58
   785                           	global	__size_of_dat
   786  0030                     	__size_of_dat	equ	__end_of_dat-_dat
   787                           	
   788  0744                     _dat:	
   789                           	opt	stack 6
   790                           ; Regs used in _dat: [wreg+status,2+btemp+1]
   791                           ;dat@b stored from wreg
   792  0744  00F0               	movwf	(dat@b)
   793                           	line	59
   794                           	
   795  0745                     l1112:	
   796                           ;Btap_lon_14.c: 59: PORTB=b;
   797  0745  0870               	movf	(dat@b),w
   798  0746  1283               	bcf	status, 5	;RP0=0, select bank0
   799  0747  1303               	bcf	status, 6	;RP1=0, select bank0
   800  0748  0086               	movwf	(6)	;volatile
   801                           	line	60
   802                           	
   803  0749                     l1114:	
   804                           ;Btap_lon_14.c: 60: RC0=1;
   805  0749  1407               	bsf	(56/8),(56)&7
   806                           	line	61
   807                           	
   808  074A                     l1116:	
   809                           ;Btap_lon_14.c: 61: RC1=0;
   810  074A  1087               	bcf	(57/8),(57)&7
   811                           	line	62
   812                           	
   813  074B                     l1118:	
   814                           ;Btap_lon_14.c: 62: RC2=1;
   815  074B  1507               	bsf	(58/8),(58)&7
   816                           	line	63
   817                           	
   818  074C                     l1120:	
   819                           ;Btap_lon_14.c: 63: for(i=0;i<1000;i++);
   820  074C  01F3               	clrf	(_i)
   821  074D  01F4               	clrf	(_i+1)
   822                           	
   823  074E                     l1122:	
   824  074E  0874               	movf	(_i+1),w
   825  074F  3A80               	xorlw	80h
   826  0750  00FF               	movwf	btemp+1
   827  0751  3083               	movlw	(high(03E8h))^80h
   828  0752  027F               	subwf	btemp+1,w
   829  0753  1D03               	skipz
   830  0754  2F57               	goto	u35
   831  0755  30E8               	movlw	low(03E8h)
   832  0756  0273               	subwf	(_i),w
   833  0757                     u35:
   834                           
   835  0757  1C03               	skipc
   836  0758  2F5A               	goto	u31
   837  0759  2F5B               	goto	u30
   838  075A                     u31:
   839  075A  2F5D               	goto	l1126
   840  075B                     u30:
   841  075B  2F70               	goto	l714
   842                           	
   843  075C                     l1124:	
   844  075C  2F70               	goto	l714
   845                           	
   846  075D                     l713:	
   847                           	
   848  075D                     l1126:	
   849  075D  3001               	movlw	low(01h)
   850  075E  07F3               	addwf	(_i),f
   851  075F  1803               	skipnc
   852  0760  0AF4               	incf	(_i+1),f
   853  0761  3000               	movlw	high(01h)
   854  0762  07F4               	addwf	(_i+1),f
   855                           	
   856  0763                     l1128:	
   857  0763  0874               	movf	(_i+1),w
   858  0764  3A80               	xorlw	80h
   859  0765  00FF               	movwf	btemp+1
   860  0766  3083               	movlw	(high(03E8h))^80h
   861  0767  027F               	subwf	btemp+1,w
   862  0768  1D03               	skipz
   863  0769  2F6C               	goto	u45
   864  076A  30E8               	movlw	low(03E8h)
   865  076B  0273               	subwf	(_i),w
   866  076C                     u45:
   867                           
   868  076C  1C03               	skipc
   869  076D  2F6F               	goto	u41
   870  076E  2F70               	goto	u40
   871  076F                     u41:
   872  076F  2F5D               	goto	l1126
   873  0770                     u40:
   874                           	
   875  0770                     l714:	
   876                           	line	64
   877                           ;Btap_lon_14.c: 64: RC2=0;
   878  0770  1283               	bcf	status, 5	;RP0=0, select bank0
   879  0771  1303               	bcf	status, 6	;RP1=0, select bank0
   880  0772  1107               	bcf	(58/8),(58)&7
   881                           	line	65
   882                           	
   883  0773                     l715:	
   884  0773  0008               	return
   885                           	opt stack 0
   886                           GLOBAL	__end_of_dat
   887  0774                     	__end_of_dat:
   888 ;; =============== function _dat ends ============
   889                           
   890                           	signat	_dat,4216
   891                           	global	_cmd
   892                           psect	text88,local,class=CODE,delta=2
   893                           global __ptext88
   894  0714                     __ptext88:
   895                           
   896 ;; *************** function _cmd *****************
   897 ;; Defined at:
   898 ;;		line 48 in file "Btap_lon_14.c"
   899 ;; Parameters:    Size  Location     Type
   900 ;;  a               1    wreg     unsigned char 
   901 ;; Auto vars:     Size  Location     Type
   902 ;;  a               1    0[COMMON] unsigned char 
   903 ;; Return value:  Size  Location     Type
   904 ;;		None               void
   905 ;; Registers used:
   906 ;;		wreg, status,2, btemp+1
   907 ;; Tracked objects:
   908 ;;		On entry : 0/0
   909 ;;		On exit  : 0/0
   910 ;;		Unchanged: 0/0
   911 ;; Data sizes:     COMMON   BANK0   BANK1   BANK3   BANK2
   912 ;;      Params:         0       0       0       0       0
   913 ;;      Locals:         1       0       0       0       0
   914 ;;      Temps:          0       0       0       0       0
   915 ;;      Totals:         1       0       0       0       0
   916 ;;Total ram usage:        1 bytes
   917 ;; Hardware stack levels used:    1
   918 ;; This function calls:
   919 ;;		Nothing
   920 ;; This function is called by:
   921 ;;		_main
   922 ;;		_lcd_init
   923 ;; This function uses a non-reentrant model
   924 ;;
   925                           psect	text88
   926                           	file	"Btap_lon_14.c"
   927                           	line	48
   928                           	global	__size_of_cmd
   929  0030                     	__size_of_cmd	equ	__end_of_cmd-_cmd
   930                           	
   931  0714                     _cmd:	
   932                           	opt	stack 7
   933                           ; Regs used in _cmd: [wreg+status,2+btemp+1]
   934                           ;cmd@a stored from wreg
   935  0714  00F0               	movwf	(cmd@a)
   936                           	line	49
   937                           	
   938  0715                     l1094:	
   939                           ;Btap_lon_14.c: 49: PORTB=a;
   940  0715  0870               	movf	(cmd@a),w
   941  0716  1283               	bcf	status, 5	;RP0=0, select bank0
   942  0717  1303               	bcf	status, 6	;RP1=0, select bank0
   943  0718  0086               	movwf	(6)	;volatile
   944                           	line	50
   945                           	
   946  0719                     l1096:	
   947                           ;Btap_lon_14.c: 50: RC0=0;
   948  0719  1007               	bcf	(56/8),(56)&7
   949                           	line	51
   950                           	
   951  071A                     l1098:	
   952                           ;Btap_lon_14.c: 51: RC1=0;
   953  071A  1087               	bcf	(57/8),(57)&7
   954                           	line	52
   955                           	
   956  071B                     l1100:	
   957                           ;Btap_lon_14.c: 52: RC2=1;
   958  071B  1507               	bsf	(58/8),(58)&7
   959                           	line	53
   960                           	
   961  071C                     l1102:	
   962                           ;Btap_lon_14.c: 53: for(i=0;i<1000;i++);
   963  071C  01F3               	clrf	(_i)
   964  071D  01F4               	clrf	(_i+1)
   965                           	
   966  071E                     l1104:	
   967  071E  0874               	movf	(_i+1),w
   968  071F  3A80               	xorlw	80h
   969  0720  00FF               	movwf	btemp+1
   970  0721  3083               	movlw	(high(03E8h))^80h
   971  0722  027F               	subwf	btemp+1,w
   972  0723  1D03               	skipz
   973  0724  2F27               	goto	u15
   974  0725  30E8               	movlw	low(03E8h)
   975  0726  0273               	subwf	(_i),w
   976  0727                     u15:
   977                           
   978  0727  1C03               	skipc
   979  0728  2F2A               	goto	u11
   980  0729  2F2B               	goto	u10
   981  072A                     u11:
   982  072A  2F2D               	goto	l1108
   983  072B                     u10:
   984  072B  2F40               	goto	l709
   985                           	
   986  072C                     l1106:	
   987  072C  2F40               	goto	l709
   988                           	
   989  072D                     l708:	
   990                           	
   991  072D                     l1108:	
   992  072D  3001               	movlw	low(01h)
   993  072E  07F3               	addwf	(_i),f
   994  072F  1803               	skipnc
   995  0730  0AF4               	incf	(_i+1),f
   996  0731  3000               	movlw	high(01h)
   997  0732  07F4               	addwf	(_i+1),f
   998                           	
   999  0733                     l1110:	
  1000  0733  0874               	movf	(_i+1),w
  1001  0734  3A80               	xorlw	80h
  1002  0735  00FF               	movwf	btemp+1
  1003  0736  3083               	movlw	(high(03E8h))^80h
  1004  0737  027F               	subwf	btemp+1,w
  1005  0738  1D03               	skipz
  1006  0739  2F3C               	goto	u25
  1007  073A  30E8               	movlw	low(03E8h)
  1008  073B  0273               	subwf	(_i),w
  1009  073C                     u25:
  1010                           
  1011  073C  1C03               	skipc
  1012  073D  2F3F               	goto	u21
  1013  073E  2F40               	goto	u20
  1014  073F                     u21:
  1015  073F  2F2D               	goto	l1108
  1016  0740                     u20:
  1017                           	
  1018  0740                     l709:	
  1019                           	line	54
  1020                           ;Btap_lon_14.c: 54: RC2=0;
  1021  0740  1283               	bcf	status, 5	;RP0=0, select bank0
  1022  0741  1303               	bcf	status, 6	;RP1=0, select bank0
  1023  0742  1107               	bcf	(58/8),(58)&7
  1024                           	line	55
  1025                           	
  1026  0743                     l710:	
  1027  0743  0008               	return
  1028                           	opt stack 0
  1029                           GLOBAL	__end_of_cmd
  1030  0744                     	__end_of_cmd:
  1031 ;; =============== function _cmd ends ============
  1032                           
  1033                           	signat	_cmd,4216
  1034                           psect	text89,local,class=CODE,delta=2
  1035                           global __ptext89
  1036  0000                     __ptext89:
  1037                           	global	btemp
  1038  007E                     	btemp set 07Eh
  1039                           
  1040                           	DABS	1,126,2	;btemp
  1041                           	global	wtemp0
  1042  007E                     	wtemp0 set btemp


HI-TECH Software PICC Macro Assembler V9.81 build 7503 
Symbol Table                                                                                   Sun Mar 17 16:13:34 2024

                   _i 0073                     pc 0002                    u10 072B                    u11 072A  
                  u20 0740                    u21 073F                    u30 075B                    u15 0727  
                  u31 075A                    u40 0770                    u25 073C                    u41 076F  
                  u35 0757                    u45 076C                    fsr 0004                   l700 07FC  
                 l701 07FD                   l710 0743                   l702 07FD                   l720 0713  
                 l713 075D                   l705 06F2                   l721 0713                   l714 0770  
                 l715 0773                   l708 072D                   l709 0740                   l718 0706  
                 l719 06F5                   l693 0791                   l694 07EE                   l695 07B4  
                 l696 07C8                   l697 07D9                   l698 07ED                   l699 07FB  
                 _RC0 0038                   _RC1 0039                   _RD0 0040                   _RC2 003A  
                 _dat 0744                   _cmd 0714                   fsr0 0004                  l1100 071B  
                l1110 0733                  l1102 071C                  l1104 071E                  l1120 074C  
                l1112 0745                  l1106 072C                  l1122 074E                  l1114 0749  
                l1108 072D                  l1124 075C                  l1116 074A                  l1126 075D  
                l1118 074B                  l1128 0763                  l1094 0715                  ?_dat 0070  
                l1096 0719                  l1098 071A                  ?_cmd 0070                  l1900 06F5  
                l1902 0701                  l1910 0784                  l1904 0706                  l1920 07A3  
                l1912 078A                  l1930 07C8                  l1922 07A5                  l1914 0791  
                l1906 0774                  l1932 07CA                  l1924 07B3                  l1916 0797  
                l1940 07EE                  l1908 077F                  l1942 07F4                  l1934 07D8  
                l1926 07B4                  l1918 079D                  l1936 07D9                  l1928 07BA  
                l1938 07DF                  l1896 06DA                  l1898 06F4                  STR_1 001A  
                STR_2 002B                  STR_3 0009                  u2200 07B2                  u2201 07B1  
                u2210 07C7                  u2211 07C6                  u2220 07D7                  u2221 07D6  
                u2205 07AE                  u2230 07EC                  u2231 07EB                  u2215 07C3  
                u2225 07D3                  u2235 07E8                  u2180 0712                  u2181 0711  
                u2190 0797                  u2191 0796                  dat@b 0070                  cmd@a 0070  
                _main 0774                  _show 06F3                  btemp 007E                  start 0000  
               ??_dat 0070                 ??_cmd 0070                 ?_main 0070                 ?_show 0070  
               _PORTB 0006                 _TRISB 0086                 _TRISD 0088                 pclath 000A  
               show@s 0072                 status 0003                 wtemp0 007E          __end_of_main 0800  
        __end_of_show 0714                ??_main 0073                ??_show 0071                _TRISC0 0438  
              _TRISC1 0439                _TRISC2 043A      __end_of_lcd_init 06F3        __pcstackCOMMON 0070  
          __pmaintext 0774             ?_lcd_init 0070          __size_of_dat 0030          __size_of_cmd 0030  
          ??_lcd_init 0071  end_of_initialization 06D6   start_initialization 06D4           __end_of_dat 0774  
         __end_of_cmd 0744           __pbssCOMMON 0073     __size_of_lcd_init 0019             __pstrings 0003  
         __stringbase 0008              __ptext84 0000              __ptext85 06F3              __ptext86 06DA  
            __ptext87 0744              __ptext88 0714              __ptext89 0000              _lcd_init 06DA  
       __size_of_main 008C         __size_of_show 0021             stringcode 0003              stringdir 0003  
            stringtab 0003  
