

HI-TECH Software PIC LITE Macro Assembler V9.81 build 7503 
                                                                                               Sun Mar 17 16:26:48 2024

HI-TECH Software Omniscient Code Generator (Lite mode) build 7503
     1  0000                     opt subtitle "HI-TECH Software Omniscient Code Generator (Lite mode) build 7503"
     2                           
     3                           opt pagewidth 120
     4                           
     5                           	opt lm
     6                           
     7                           	processor	16F877A
     8                           clrc	macro
     9                           	bcf	3,0
    10  0000                     	endm
    11                           clrz	macro
    12                           	bcf	3,2
    13  0000                     	endm
    14                           setc	macro
    15                           	bsf	3,0
    16  0000                     	endm
    17                           setz	macro
    18                           	bsf	3,2
    19  0000                     	endm
    20                           skipc	macro
    21                           	btfss	3,0
    22  0000                     	endm
    23                           skipz	macro
    24                           	btfss	3,2
    25  0000                     	endm
    26                           skipnc	macro
    27                           	btfsc	3,0
    28  0000                     	endm
    29                           skipnz	macro
    30                           	btfsc	3,2
    31  0000                     	endm
    32  0000                     indf	equ	0
    33  0000                     indf0	equ	0
    34  0002                     pc	equ	2
    35  0002                     pcl	equ	2
    36  0003                     status	equ	3
    37  0004                     fsr	equ	4
    38  0004                     fsr0	equ	4
    39  0001                     c	equ	1
    40  0000                     z	equ	0
    41  000A                     pclath	equ	10
    42                           # 3 "Btap_lon_15.c"
    43                           	psect config,class=CONFIG,delta=2 ;#
    44                           # 3 "Btap_lon_15.c"
    45  2007  FF7A               	dw 0xFFFE & 0xFFFB & 0xFFFF & 0xFFFF & 0xFFFF & 0xFF7F & 0xFFFF & 0xFFFF & 0xFFFF ;#
    46                           	FNCALL	_main,_lcd_init
    47                           	FNCALL	_main,_cmd
    48                           	FNCALL	_main,_show
    49                           	FNCALL	_show,_dat
    50                           	FNCALL	_lcd_init,_cmd
    51                           	FNROOT	_main
    52                           	global	_i
    53                           	global	_PORTB
    54                           psect	text84,local,class=CODE,delta=2
    55                           global __ptext84
    56  0000                     __ptext84:
    57  0006                     _PORTB	set	6
    58                           	global	_RC0
    59  0038                     _RC0	set	56
    60                           	global	_RC1
    61  0039                     _RC1	set	57
    62                           	global	_RC2
    63  003A                     _RC2	set	58
    64                           	global	_RD0
    65  0040                     _RD0	set	64
    66                           	global	_TRISB
    67  0086                     _TRISB	set	134
    68                           	global	_TRISD
    69  0088                     _TRISD	set	136
    70                           	global	_TRISC0
    71  0438                     _TRISC0	set	1080
    72                           	global	_TRISC1
    73  0439                     _TRISC1	set	1081
    74                           	global	_TRISC2
    75  043A                     _TRISC2	set	1082
    76                           psect	strings,class=STRING,delta=2
    77                           global __pstrings
    78  0003                     __pstrings:
    79                           ;	global	stringdir,stringtab,__stringbase
    80  0003                     stringtab:
    81                           ;	String table - string pointers are 1 byte each
    82  0003                     stringcode:stringdir:
      + 0003                     stringdir:	
    83  0003  3000               movlw high(stringdir)
    84  0004  008A               movwf pclath
    85  0005  0804               movf fsr,w
    86  0006  0A84               incf fsr
    87  0007  0782               	addwf pc
    88  0008                     __stringbase:
    89  0008  3400               	retlw	0
    90                           psect	strings
    91                           	
    92  0009                     STR_3:	
    93  0009  3420               	retlw	32	;' '
    94  000A  3420               	retlw	32	;' '
    95  000B  3420               	retlw	32	;' '
    96  000C  3420               	retlw	32	;' '
    97  000D  3420               	retlw	32	;' '
    98  000E  3420               	retlw	32	;' '
    99  000F  3420               	retlw	32	;' '
   100  0010  3420               	retlw	32	;' '
   101  0011  3420               	retlw	32	;' '
   102  0012  3420               	retlw	32	;' '
   103  0013  3420               	retlw	32	;' '
   104  0014  3420               	retlw	32	;' '
   105  0015  3420               	retlw	32	;' '
   106  0016  3420               	retlw	32	;' '
   107  0017  3420               	retlw	32	;' '
   108  0018  3420               	retlw	32	;' '
   109  0019  3400               	retlw	0
   110                           psect	strings
   111                           	
   112  001A                     STR_1:	
   113  001A  344E               	retlw	78	;'N'
   114  001B  3468               	retlw	104	;'h'
   115  001C  346F               	retlw	111	;'o'
   116  001D  346D               	retlw	109	;'m'
   117  001E  3420               	retlw	32	;' '
   118  001F  3433               	retlw	51	;'3'
   119  0020  3420               	retlw	32	;' '
   120  0021  342D               	retlw	45	;'-'
   121  0022  3420               	retlw	32	;' '
   122  0023  3452               	retlw	82	;'R'
   123  0024  3441               	retlw	65	;'A'
   124  0025  3449               	retlw	73	;'I'
   125  0026  3420               	retlw	32	;' '
   126  0027  344B               	retlw	75	;'K'
   127  0028  3436               	retlw	54	;'6'
   128  0029  3433               	retlw	51	;'3'
   129  002A  3400               	retlw	0
   130                           psect	strings
   131                           	
   132  002B                     STR_2:	
   133  002B  3447               	retlw	71	;'G'
   134  002C  3461               	retlw	97	;'a'
   135  002D  3473               	retlw	115	;'s'
   136  002E  3420               	retlw	32	;' '
   137  002F  3444               	retlw	68	;'D'
   138  0030  3465               	retlw	101	;'e'
   139  0031  3474               	retlw	116	;'t'
   140  0032  3465               	retlw	101	;'e'
   141  0033  3463               	retlw	99	;'c'
   142  0034  3474               	retlw	116	;'t'
   143  0035  3465               	retlw	101	;'e'
   144  0036  3464               	retlw	100	;'d'
   145  0037  3400               	retlw	0
   146                           psect	strings
   147                           	file	"C:\Users\TRANHA~1\AppData\Local\Temp\sg1s."
   148                           	line	#
   149                           psect cinit,class=CODE,delta=2
   150                           global start_initialization
   151  06D4                     start_initialization:
   152                           
   153                           psect	bssCOMMON,class=COMMON,space=1
   154                           global __pbssCOMMON
   155  0073                     __pbssCOMMON:
   156  0073                     _i:
   157  0073                            ds      2
   158                           
   159                           ; Clear objects allocated to COMMON
   160                           psect cinit,class=CODE,delta=2
   161  06D4  01F3               	clrf	((__pbssCOMMON)+0)&07Fh
   162  06D5  01F4               	clrf	((__pbssCOMMON)+1)&07Fh
   163                           psect cinit,class=CODE,delta=2
   164                           global end_of_initialization
   165                           
   166                           ;End of C runtime variable initialization code
   167                           
   168  06D6                     end_of_initialization:
   169  06D6  0183               clrf status
   170  06D7  120A  118A  2F74   ljmp _main	;jump to C main() function
   171                           psect	cstackCOMMON,class=COMMON,space=1
   172                           global __pcstackCOMMON
   173  0070                     __pcstackCOMMON:
   174                           	global	?_lcd_init
   175  0070                     ?_lcd_init:	; 0 bytes @ 0x0
   176                           	global	?_cmd
   177  0070                     ?_cmd:	; 0 bytes @ 0x0
   178                           	global	??_cmd
   179  0070                     ??_cmd:	; 0 bytes @ 0x0
   180                           	global	?_show
   181  0070                     ?_show:	; 0 bytes @ 0x0
   182                           	global	?_main
   183  0070                     ?_main:	; 0 bytes @ 0x0
   184                           	global	?_dat
   185  0070                     ?_dat:	; 0 bytes @ 0x0
   186                           	global	??_dat
   187  0070                     ??_dat:	; 0 bytes @ 0x0
   188                           	global	cmd@a
   189  0070                     cmd@a:	; 1 bytes @ 0x0
   190                           	global	dat@b
   191  0070                     dat@b:	; 1 bytes @ 0x0
   192  0070                     	ds	1
   193                           	global	??_lcd_init
   194  0071                     ??_lcd_init:	; 0 bytes @ 0x1
   195                           	global	??_show
   196  0071                     ??_show:	; 0 bytes @ 0x1
   197  0071                     	ds	1
   198                           	global	show@s
   199  0072                     show@s:	; 1 bytes @ 0x2
   200  0072                     	ds	1
   201                           	global	??_main
   202  0073                     ??_main:	; 0 bytes @ 0x3
   203 ;;Data sizes: Strings 47, constant 0, data 0, bss 2, persistent 0 stack 0
   204 ;;Auto spaces:   Size  Autos    Used
   205 ;; COMMON          14      3       5
   206 ;; BANK0           80      0       0
   207 ;; BANK1           80      0       0
   208 ;; BANK3           96      0       0
   209 ;; BANK2           96      0       0
   210                           
   211 ;;
   212 ;; Pointer list with targets:
   213                           
   214 ;; show@s	PTR unsigned char  size(1) Largest target is 17
   215 ;;		 -> STR_3(CODE[17]), STR_2(CODE[13]), STR_1(CODE[17]), 
   216 ;;
   217                           
   218                           
   219 ;;
   220 ;; Critical Paths under _main in COMMON
   221 ;;
   222 ;;   _main->_show
   223 ;;   _show->_dat
   224 ;;   _lcd_init->_cmd
   225 ;;
   226 ;; Critical Paths under _main in BANK0
   227 ;;
   228 ;;   None.
   229 ;;
   230 ;; Critical Paths under _main in BANK1
   231 ;;
   232 ;;   None.
   233 ;;
   234 ;; Critical Paths under _main in BANK3
   235 ;;
   236 ;;   None.
   237 ;;
   238 ;; Critical Paths under _main in BANK2
   239 ;;
   240 ;;   None.
   241                           
   242 ;;
   243 ;;Main: autosize = 0, tempsize = 0, incstack = 0, save=0
   244 ;;
   245                           
   246 ;;
   247 ;;Call Graph Tables:
   248 ;;
   249 ;; ---------------------------------------------------------------------------------
   250 ;; (Depth) Function   	        Calls       Base Space   Used Autos Params    Refs
   251 ;; ---------------------------------------------------------------------------------
   252 ;; (0) _main                                                 0     0      0      75
   253 ;;                           _lcd_init
   254 ;;                                _cmd
   255 ;;                               _show
   256 ;; ---------------------------------------------------------------------------------
   257 ;; (1) _show                                                 2     2      0      45
   258 ;;                                              1 COMMON     2     2      0
   259 ;;                                _dat
   260 ;; ---------------------------------------------------------------------------------
   261 ;; (1) _lcd_init                                             0     0      0      15
   262 ;;                                _cmd
   263 ;; ---------------------------------------------------------------------------------
   264 ;; (2) _dat                                                  1     1      0      15
   265 ;;                                              0 COMMON     1     1      0
   266 ;; ---------------------------------------------------------------------------------
   267 ;; (1) _cmd                                                  1     1      0      15
   268 ;;                                              0 COMMON     1     1      0
   269 ;; ---------------------------------------------------------------------------------
   270 ;; Estimated maximum stack depth 2
   271 ;; ---------------------------------------------------------------------------------
   272                           
   273 ;; Call Graph Graphs:
   274                           
   275 ;; _main (ROOT)
   276 ;;   _lcd_init
   277 ;;     _cmd
   278 ;;   _cmd
   279 ;;   _show
   280 ;;     _dat
   281 ;;
   282                           
   283 ;; Address spaces:
   284                           
   285 ;;Name               Size   Autos  Total    Cost      Usage
   286 ;;BITCOMMON            E      0       0       0        0.0%
   287 ;;EEDATA             100      0       0       0        0.0%
   288 ;;NULL                 0      0       0       0        0.0%
   289 ;;CODE                 0      0       0       0        0.0%
   290 ;;COMMON               E      3       5       1       35.7%
   291 ;;BITSFR0              0      0       0       1        0.0%
   292 ;;SFR0                 0      0       0       1        0.0%
   293 ;;BITSFR1              0      0       0       2        0.0%
   294 ;;SFR1                 0      0       0       2        0.0%
   295 ;;STACK                0      0       2       2        0.0%
   296 ;;ABS                  0      0       5       3        0.0%
   297 ;;BITBANK0            50      0       0       4        0.0%
   298 ;;BITSFR3              0      0       0       4        0.0%
   299 ;;SFR3                 0      0       0       4        0.0%
   300 ;;BANK0               50      0       0       5        0.0%
   301 ;;BITSFR2              0      0       0       5        0.0%
   302 ;;SFR2                 0      0       0       5        0.0%
   303 ;;BITBANK1            50      0       0       6        0.0%
   304 ;;BANK1               50      0       0       7        0.0%
   305 ;;BITBANK3            60      0       0       8        0.0%
   306 ;;BANK3               60      0       0       9        0.0%
   307 ;;BITBANK2            60      0       0      10        0.0%
   308 ;;BANK2               60      0       0      11        0.0%
   309 ;;DATA                 0      0       7      12        0.0%
   310                           
   311                           	global	_main
   312                           psect	maintext,global,class=CODE,delta=2
   313                           global __pmaintext
   314  0774                     __pmaintext:
   315                           
   316 ;; *************** function _main *****************
   317 ;; Defined at:
   318 ;;		line 21 in file "Btap_lon_15.c"
   319 ;; Parameters:    Size  Location     Type
   320 ;;		None
   321 ;; Auto vars:     Size  Location     Type
   322 ;;		None
   323 ;; Return value:  Size  Location     Type
   324 ;;		None               void
   325 ;; Registers used:
   326 ;;		wreg, fsr0l, fsr0h, status,2, status,0, btemp+1, pclath, cstack
   327 ;; Tracked objects:
   328 ;;		On entry : 17F/0
   329 ;;		On exit  : 0/0
   330 ;;		Unchanged: 0/0
   331 ;; Data sizes:     COMMON   BANK0   BANK1   BANK3   BANK2
   332 ;;      Params:         0       0       0       0       0
   333 ;;      Locals:         0       0       0       0       0
   334 ;;      Temps:          0       0       0       0       0
   335 ;;      Totals:         0       0       0       0       0
   336 ;;Total ram usage:        0 bytes
   337 ;; Hardware stack levels required when called:    2
   338 ;; This function calls:
   339 ;;		_lcd_init
   340 ;;		_cmd
   341 ;;		_show
   342 ;; This function is called by:
   343 ;;		Startup code after reset
   344 ;; This function uses a non-reentrant model
   345 ;;
   346                           psect	maintext
   347                           	file	"Btap_lon_15.c"
   348                           	line	21
   349                           	global	__size_of_main
   350  008C                     	__size_of_main	equ	__end_of_main-_main
   351                           	
   352  0774                     _main:	
   353                           	opt	stack 6
   354                           ; Regs used in _main: [wreg-fsr0h+status,2+status,0+btemp+1+pclath+cstack]
   355                           	line	22
   356                           	
   357  0774                     l1906:	
   358                           ;Btap_lon_15.c: 22: TRISB=TRISC0=TRISC1=TRISC2=0;
   359  0774  1683               	bsf	status, 5	;RP0=1, select bank1
   360  0775  1303               	bcf	status, 6	;RP1=0, select bank1
   361  0776  1107               	bcf	(1082/8)^080h,(1082)&7
   362  0777  1087               	bcf	(1081/8)^080h,(1081)&7
   363  0778  1007               	bcf	(1080/8)^080h,(1080)&7
   364  0779  3000               	movlw	0
   365  077A  1807               	btfsc	(1080/8)^080h,(1080)&7
   366  077B  3001               	movlw	1
   367  077C  0086               	movwf	(134)^080h	;volatile
   368                           	line	23
   369                           ;Btap_lon_15.c: 23: TRISD=0xff;
   370  077D  30FF               	movlw	(0FFh)
   371  077E  0088               	movwf	(136)^080h	;volatile
   372                           	line	24
   373                           	
   374  077F                     l1908:	
   375                           ;Btap_lon_15.c: 24: lcd_init();
   376  077F  120A  118A  26DA   	fcall	_lcd_init
              120A  118A         
   377                           	line	25
   378                           	
   379  0784                     l1910:	
   380                           ;Btap_lon_15.c: 25: cmd(0x80);
   381  0784  3080               	movlw	(080h)
   382  0785  120A  118A  2714   	fcall	_cmd
              120A  118A         
   383                           	line	26
   384                           	
   385  078A                     l1912:	
   386                           ;Btap_lon_15.c: 26: show("Nhom 3 - RAI K63");
   387  078A  3012               	movlw	((STR_1-__stringbase))&0ffh
   388  078B  120A  118A  26F3   	fcall	_show
              120A  118A         
   389  0790  2F91               	goto	l1914
   390                           	line	27
   391                           ;Btap_lon_15.c: 27: while(1) {
   392                           	
   393  0791                     l693:	
   394                           	line	28
   395                           	
   396  0791                     l1914:	
   397                           ;Btap_lon_15.c: 28: if(RD0) {
   398  0791  1283               	bcf	status, 5	;RP0=0, select bank0
   399  0792  1303               	bcf	status, 6	;RP1=0, select bank0
   400  0793  1C08               	btfss	(64/8),(64)&7
   401  0794  2F96               	goto	u2191
   402  0795  2F97               	goto	u2190
   403  0796                     u2191:
   404  0796  2FEE               	goto	l1940
   405  0797                     u2190:
   406                           	line	29
   407                           	
   408  0797                     l1916:	
   409                           ;Btap_lon_15.c: 29: cmd(0xc0);
   410  0797  30C0               	movlw	(0C0h)
   411  0798  120A  118A  2714   	fcall	_cmd
              120A  118A         
   412                           	line	30
   413                           	
   414  079D                     l1918:	
   415                           ;Btap_lon_15.c: 30: show("Gas Detected");
   416  079D  3023               	movlw	((STR_2-__stringbase))&0ffh
   417  079E  120A  118A  26F3   	fcall	_show
              120A  118A         
   418                           	line	31
   419                           	
   420  07A3                     l1920:	
   421                           ;Btap_lon_15.c: 31: for(i=0;i<1000;i++);for(i=0;i<1000;i++);
   422  07A3  01F3               	clrf	(_i)
   423  07A4  01F4               	clrf	(_i+1)
   424                           	
   425  07A5                     l1922:	
   426  07A5  0874               	movf	(_i+1),w
   427  07A6  3A80               	xorlw	80h
   428  07A7  00FF               	movwf	btemp+1
   429  07A8  3083               	movlw	(high(03E8h))^80h
   430  07A9  027F               	subwf	btemp+1,w
   431  07AA  1D03               	skipz
   432  07AB  2FAE               	goto	u2205
   433  07AC  30E8               	movlw	low(03E8h)
   434  07AD  0273               	subwf	(_i),w
   435  07AE                     u2205:
   436                           
   437  07AE  1C03               	skipc
   438  07AF  2FB1               	goto	u2201
   439  07B0  2FB2               	goto	u2200
   440  07B1                     u2201:
   441  07B1  2FB4               	goto	l1926
   442  07B2                     u2200:
   443  07B2  2FC8               	goto	l1930
   444                           	
   445  07B3                     l1924:	
   446  07B3  2FC8               	goto	l1930
   447                           	
   448  07B4                     l695:	
   449                           	
   450  07B4                     l1926:	
   451  07B4  3001               	movlw	low(01h)
   452  07B5  07F3               	addwf	(_i),f
   453  07B6  1803               	skipnc
   454  07B7  0AF4               	incf	(_i+1),f
   455  07B8  3000               	movlw	high(01h)
   456  07B9  07F4               	addwf	(_i+1),f
   457                           	
   458  07BA                     l1928:	
   459  07BA  0874               	movf	(_i+1),w
   460  07BB  3A80               	xorlw	80h
   461  07BC  00FF               	movwf	btemp+1
   462  07BD  3083               	movlw	(high(03E8h))^80h
   463  07BE  027F               	subwf	btemp+1,w
   464  07BF  1D03               	skipz
   465  07C0  2FC3               	goto	u2215
   466  07C1  30E8               	movlw	low(03E8h)
   467  07C2  0273               	subwf	(_i),w
   468  07C3                     u2215:
   469                           
   470  07C3  1C03               	skipc
   471  07C4  2FC6               	goto	u2211
   472  07C5  2FC7               	goto	u2210
   473  07C6                     u2211:
   474  07C6  2FB4               	goto	l1926
   475  07C7                     u2210:
   476  07C7  2FC8               	goto	l1930
   477                           	
   478  07C8                     l696:	
   479                           	
   480  07C8                     l1930:	
   481  07C8  01F3               	clrf	(_i)
   482  07C9  01F4               	clrf	(_i+1)
   483                           	
   484  07CA                     l1932:	
   485  07CA  0874               	movf	(_i+1),w
   486  07CB  3A80               	xorlw	80h
   487  07CC  00FF               	movwf	btemp+1
   488  07CD  3083               	movlw	(high(03E8h))^80h
   489  07CE  027F               	subwf	btemp+1,w
   490  07CF  1D03               	skipz
   491  07D0  2FD3               	goto	u2225
   492  07D1  30E8               	movlw	low(03E8h)
   493  07D2  0273               	subwf	(_i),w
   494  07D3                     u2225:
   495                           
   496  07D3  1C03               	skipc
   497  07D4  2FD6               	goto	u2221
   498  07D5  2FD7               	goto	u2220
   499  07D6                     u2221:
   500  07D6  2FD9               	goto	l1936
   501  07D7                     u2220:
   502  07D7  2F91               	goto	l1914
   503                           	
   504  07D8                     l1934:	
   505  07D8  2F91               	goto	l1914
   506                           	
   507  07D9                     l697:	
   508                           	
   509  07D9                     l1936:	
   510  07D9  3001               	movlw	low(01h)
   511  07DA  07F3               	addwf	(_i),f
   512  07DB  1803               	skipnc
   513  07DC  0AF4               	incf	(_i+1),f
   514  07DD  3000               	movlw	high(01h)
   515  07DE  07F4               	addwf	(_i+1),f
   516                           	
   517  07DF                     l1938:	
   518  07DF  0874               	movf	(_i+1),w
   519  07E0  3A80               	xorlw	80h
   520  07E1  00FF               	movwf	btemp+1
   521  07E2  3083               	movlw	(high(03E8h))^80h
   522  07E3  027F               	subwf	btemp+1,w
   523  07E4  1D03               	skipz
   524  07E5  2FE8               	goto	u2235
   525  07E6  30E8               	movlw	low(03E8h)
   526  07E7  0273               	subwf	(_i),w
   527  07E8                     u2235:
   528                           
   529  07E8  1C03               	skipc
   530  07E9  2FEB               	goto	u2231
   531  07EA  2FEC               	goto	u2230
   532  07EB                     u2231:
   533  07EB  2FD9               	goto	l1936
   534  07EC                     u2230:
   535  07EC  2F91               	goto	l1914
   536                           	
   537  07ED                     l698:	
   538                           	line	32
   539                           ;Btap_lon_15.c: 32: } else {
   540  07ED  2F91               	goto	l1914
   541                           	
   542  07EE                     l694:	
   543                           	line	33
   544                           	
   545  07EE                     l1940:	
   546                           ;Btap_lon_15.c: 33: cmd(0xc0);
   547  07EE  30C0               	movlw	(0C0h)
   548  07EF  120A  118A  2714   	fcall	_cmd
              120A  118A         
   549                           	line	34
   550                           	
   551  07F4                     l1942:	
   552                           ;Btap_lon_15.c: 34: show("                ");
   553  07F4  3001               	movlw	((STR_3-__stringbase))&0ffh
   554  07F5  120A  118A  26F3   	fcall	_show
              120A  118A         
   555  07FA  2F91               	goto	l1914
   556                           	line	35
   557                           	
   558  07FB                     l699:	
   559  07FB  2F91               	goto	l1914
   560                           	line	36
   561                           	
   562  07FC                     l700:	
   563                           	line	27
   564  07FC  2F91               	goto	l1914
   565                           	
   566  07FD                     l701:	
   567                           	line	37
   568                           	
   569  07FD                     l702:	
   570                           	global	start
   571  07FD  120A  118A  2800   	ljmp	start
   572                           	opt stack 0
   573                           GLOBAL	__end_of_main
   574  0800                     	__end_of_main:
   575 ;; =============== function _main ends ============
   576                           
   577                           	signat	_main,88
   578                           	global	_show
   579                           psect	text85,local,class=CODE,delta=2
   580                           global __ptext85
   581  06F3                     __ptext85:
   582                           
   583 ;; *************** function _show *****************
   584 ;; Defined at:
   585 ;;		line 68 in file "Btap_lon_15.c"
   586 ;; Parameters:    Size  Location     Type
   587 ;;  s               1    wreg     PTR unsigned char 
   588 ;;		 -> STR_3(17), STR_2(13), STR_1(17), 
   589 ;; Auto vars:     Size  Location     Type
   590 ;;  s               1    2[COMMON] PTR unsigned char 
   591 ;;		 -> STR_3(17), STR_2(13), STR_1(17), 
   592 ;; Return value:  Size  Location     Type
   593 ;;		None               void
   594 ;; Registers used:
   595 ;;		wreg, fsr0l, fsr0h, status,2, status,0, btemp+1, pclath, cstack
   596 ;; Tracked objects:
   597 ;;		On entry : 0/0
   598 ;;		On exit  : 0/0
   599 ;;		Unchanged: 0/0
   600 ;; Data sizes:     COMMON   BANK0   BANK1   BANK3   BANK2
   601 ;;      Params:         0       0       0       0       0
   602 ;;      Locals:         1       0       0       0       0
   603 ;;      Temps:          1       0       0       0       0
   604 ;;      Totals:         2       0       0       0       0
   605 ;;Total ram usage:        2 bytes
   606 ;; Hardware stack levels used:    1
   607 ;; Hardware stack levels required when called:    1
   608 ;; This function calls:
   609 ;;		_dat
   610 ;; This function is called by:
   611 ;;		_main
   612 ;; This function uses a non-reentrant model
   613 ;;
   614                           psect	text85
   615                           	file	"Btap_lon_15.c"
   616                           	line	68
   617                           	global	__size_of_show
   618  0021                     	__size_of_show	equ	__end_of_show-_show
   619                           	
   620  06F3                     _show:	
   621                           	opt	stack 6
   622                           ; Regs used in _show: [wreg-fsr0h+status,2+status,0+btemp+1+pclath+cstack]
   623                           ;show@s stored from wreg
   624  06F3  00F2               	movwf	(show@s)
   625                           	line	69
   626                           	
   627  06F4                     l1898:	
   628                           ;Btap_lon_15.c: 69: while(*s)
   629  06F4  2F06               	goto	l1904
   630                           	
   631  06F5                     l719:	
   632                           	line	71
   633                           	
   634  06F5                     l1900:	
   635                           ;Btap_lon_15.c: 70: {
   636                           ;Btap_lon_15.c: 71: dat(*s++);
   637  06F5  0872               	movf	(show@s),w
   638  06F6  0084               	movwf	fsr0
   639  06F7  120A  118A  2003   	fcall	stringdir
              120A  118A         
   640  06FC  120A  118A  2744   	fcall	_dat
              120A  118A         
   641                           	
   642  0701                     l1902:	
   643  0701  3001               	movlw	(01h)
   644  0702  00F1               	movwf	(??_show+0)+0
   645  0703  0871               	movf	(??_show+0)+0,w
   646  0704  07F2               	addwf	(show@s),f
   647  0705  2F06               	goto	l1904
   648                           	line	72
   649                           	
   650  0706                     l718:	
   651                           	line	69
   652                           	
   653  0706                     l1904:	
   654  0706  0872               	movf	(show@s),w
   655  0707  0084               	movwf	fsr0
   656  0708  120A  118A  2003   	fcall	stringdir
              120A  118A         
   657  070D  3800               	iorlw	0
   658  070E  1D03               	skipz
   659  070F  2F11               	goto	u2181
   660  0710  2F12               	goto	u2180
   661  0711                     u2181:
   662  0711  2EF5               	goto	l1900
   663  0712                     u2180:
   664  0712  2F13               	goto	l721
   665                           	
   666  0713                     l720:	
   667                           	line	73
   668                           	
   669  0713                     l721:	
   670  0713  0008               	return
   671                           	opt stack 0
   672                           GLOBAL	__end_of_show
   673  0714                     	__end_of_show:
   674 ;; =============== function _show ends ============
   675                           
   676                           	signat	_show,4216
   677                           	global	_lcd_init
   678                           psect	text86,local,class=CODE,delta=2
   679                           global __ptext86
   680  06DA                     __ptext86:
   681                           
   682 ;; *************** function _lcd_init *****************
   683 ;; Defined at:
   684 ;;		line 40 in file "Btap_lon_15.c"
   685 ;; Parameters:    Size  Location     Type
   686 ;;		None
   687 ;; Auto vars:     Size  Location     Type
   688 ;;		None
   689 ;; Return value:  Size  Location     Type
   690 ;;		None               void
   691 ;; Registers used:
   692 ;;		wreg, status,2, status,0, btemp+1, pclath, cstack
   693 ;; Tracked objects:
   694 ;;		On entry : 0/0
   695 ;;		On exit  : 0/0
   696 ;;		Unchanged: 0/0
   697 ;; Data sizes:     COMMON   BANK0   BANK1   BANK3   BANK2
   698 ;;      Params:         0       0       0       0       0
   699 ;;      Locals:         0       0       0       0       0
   700 ;;      Temps:          0       0       0       0       0
   701 ;;      Totals:         0       0       0       0       0
   702 ;;Total ram usage:        0 bytes
   703 ;; Hardware stack levels used:    1
   704 ;; Hardware stack levels required when called:    1
   705 ;; This function calls:
   706 ;;		_cmd
   707 ;; This function is called by:
   708 ;;		_main
   709 ;; This function uses a non-reentrant model
   710 ;;
   711                           psect	text86
   712                           	file	"Btap_lon_15.c"
   713                           	line	40
   714                           	global	__size_of_lcd_init
   715  0019                     	__size_of_lcd_init	equ	__end_of_lcd_init-_lcd_init
   716                           	
   717  06DA                     _lcd_init:	
   718                           	opt	stack 6
   719                           ; Regs used in _lcd_init: [wreg+status,2+status,0+btemp+1+pclath+cstack]
   720                           	line	41
   721                           	
   722  06DA                     l1896:	
   723                           ;Btap_lon_15.c: 41: cmd(0x38);
   724  06DA  3038               	movlw	(038h)
   725  06DB  120A  118A  2714   	fcall	_cmd
              120A  118A         
   726                           	line	42
   727                           ;Btap_lon_15.c: 42: cmd(0x0c);
   728  06E0  300C               	movlw	(0Ch)
   729  06E1  120A  118A  2714   	fcall	_cmd
              120A  118A         
   730                           	line	43
   731                           ;Btap_lon_15.c: 43: cmd(0x06);
   732  06E6  3006               	movlw	(06h)
   733  06E7  120A  118A  2714   	fcall	_cmd
              120A  118A         
   734                           	line	44
   735                           ;Btap_lon_15.c: 44: cmd(0x80);
   736  06EC  3080               	movlw	(080h)
   737  06ED  120A  118A  2714   	fcall	_cmd
              120A  118A         
   738                           	line	45
   739                           	
   740  06F2                     l705:	
   741  06F2  0008               	return
   742                           	opt stack 0
   743                           GLOBAL	__end_of_lcd_init
   744  06F3                     	__end_of_lcd_init:
   745 ;; =============== function _lcd_init ends ============
   746                           
   747                           	signat	_lcd_init,88
   748                           	global	_dat
   749                           psect	text87,local,class=CODE,delta=2
   750                           global __ptext87
   751  0744                     __ptext87:
   752                           
   753 ;; *************** function _dat *****************
   754 ;; Defined at:
   755 ;;		line 58 in file "Btap_lon_15.c"
   756 ;; Parameters:    Size  Location     Type
   757 ;;  b               1    wreg     unsigned char 
   758 ;; Auto vars:     Size  Location     Type
   759 ;;  b               1    0[COMMON] unsigned char 
   760 ;; Return value:  Size  Location     Type
   761 ;;		None               void
   762 ;; Registers used:
   763 ;;		wreg, status,2, btemp+1
   764 ;; Tracked objects:
   765 ;;		On entry : 0/0
   766 ;;		On exit  : 0/0
   767 ;;		Unchanged: 0/0
   768 ;; Data sizes:     COMMON   BANK0   BANK1   BANK3   BANK2
   769 ;;      Params:         0       0       0       0       0
   770 ;;      Locals:         1       0       0       0       0
   771 ;;      Temps:          0       0       0       0       0
   772 ;;      Totals:         1       0       0       0       0
   773 ;;Total ram usage:        1 bytes
   774 ;; Hardware stack levels used:    1
   775 ;; This function calls:
   776 ;;		Nothing
   777 ;; This function is called by:
   778 ;;		_show
   779 ;; This function uses a non-reentrant model
   780 ;;
   781                           psect	text87
   782                           	file	"Btap_lon_15.c"
   783                           	line	58
   784                           	global	__size_of_dat
   785  0030                     	__size_of_dat	equ	__end_of_dat-_dat
   786                           	
   787  0744                     _dat:	
   788                           	opt	stack 6
   789                           ; Regs used in _dat: [wreg+status,2+btemp+1]
   790                           ;dat@b stored from wreg
   791  0744  00F0               	movwf	(dat@b)
   792                           	line	59
   793                           	
   794  0745                     l1112:	
   795                           ;Btap_lon_15.c: 59: PORTB=b;
   796  0745  0870               	movf	(dat@b),w
   797  0746  1283               	bcf	status, 5	;RP0=0, select bank0
   798  0747  1303               	bcf	status, 6	;RP1=0, select bank0
   799  0748  0086               	movwf	(6)	;volatile
   800                           	line	60
   801                           	
   802  0749                     l1114:	
   803                           ;Btap_lon_15.c: 60: RC0=1;
   804  0749  1407               	bsf	(56/8),(56)&7
   805                           	line	61
   806                           	
   807  074A                     l1116:	
   808                           ;Btap_lon_15.c: 61: RC1=0;
   809  074A  1087               	bcf	(57/8),(57)&7
   810                           	line	62
   811                           	
   812  074B                     l1118:	
   813                           ;Btap_lon_15.c: 62: RC2=1;
   814  074B  1507               	bsf	(58/8),(58)&7
   815                           	line	63
   816                           	
   817  074C                     l1120:	
   818                           ;Btap_lon_15.c: 63: for(i=0;i<1000;i++);
   819  074C  01F3               	clrf	(_i)
   820  074D  01F4               	clrf	(_i+1)
   821                           	
   822  074E                     l1122:	
   823  074E  0874               	movf	(_i+1),w
   824  074F  3A80               	xorlw	80h
   825  0750  00FF               	movwf	btemp+1
   826  0751  3083               	movlw	(high(03E8h))^80h
   827  0752  027F               	subwf	btemp+1,w
   828  0753  1D03               	skipz
   829  0754  2F57               	goto	u35
   830  0755  30E8               	movlw	low(03E8h)
   831  0756  0273               	subwf	(_i),w
   832  0757                     u35:
   833                           
   834  0757  1C03               	skipc
   835  0758  2F5A               	goto	u31
   836  0759  2F5B               	goto	u30
   837  075A                     u31:
   838  075A  2F5D               	goto	l1126
   839  075B                     u30:
   840  075B  2F70               	goto	l714
   841                           	
   842  075C                     l1124:	
   843  075C  2F70               	goto	l714
   844                           	
   845  075D                     l713:	
   846                           	
   847  075D                     l1126:	
   848  075D  3001               	movlw	low(01h)
   849  075E  07F3               	addwf	(_i),f
   850  075F  1803               	skipnc
   851  0760  0AF4               	incf	(_i+1),f
   852  0761  3000               	movlw	high(01h)
   853  0762  07F4               	addwf	(_i+1),f
   854                           	
   855  0763                     l1128:	
   856  0763  0874               	movf	(_i+1),w
   857  0764  3A80               	xorlw	80h
   858  0765  00FF               	movwf	btemp+1
   859  0766  3083               	movlw	(high(03E8h))^80h
   860  0767  027F               	subwf	btemp+1,w
   861  0768  1D03               	skipz
   862  0769  2F6C               	goto	u45
   863  076A  30E8               	movlw	low(03E8h)
   864  076B  0273               	subwf	(_i),w
   865  076C                     u45:
   866                           
   867  076C  1C03               	skipc
   868  076D  2F6F               	goto	u41
   869  076E  2F70               	goto	u40
   870  076F                     u41:
   871  076F  2F5D               	goto	l1126
   872  0770                     u40:
   873                           	
   874  0770                     l714:	
   875                           	line	64
   876                           ;Btap_lon_15.c: 64: RC2=0;
   877  0770  1283               	bcf	status, 5	;RP0=0, select bank0
   878  0771  1303               	bcf	status, 6	;RP1=0, select bank0
   879  0772  1107               	bcf	(58/8),(58)&7
   880                           	line	65
   881                           	
   882  0773                     l715:	
   883  0773  0008               	return
   884                           	opt stack 0
   885                           GLOBAL	__end_of_dat
   886  0774                     	__end_of_dat:
   887 ;; =============== function _dat ends ============
   888                           
   889                           	signat	_dat,4216
   890                           	global	_cmd
   891                           psect	text88,local,class=CODE,delta=2
   892                           global __ptext88
   893  0714                     __ptext88:
   894                           
   895 ;; *************** function _cmd *****************
   896 ;; Defined at:
   897 ;;		line 48 in file "Btap_lon_15.c"
   898 ;; Parameters:    Size  Location     Type
   899 ;;  a               1    wreg     unsigned char 
   900 ;; Auto vars:     Size  Location     Type
   901 ;;  a               1    0[COMMON] unsigned char 
   902 ;; Return value:  Size  Location     Type
   903 ;;		None               void
   904 ;; Registers used:
   905 ;;		wreg, status,2, btemp+1
   906 ;; Tracked objects:
   907 ;;		On entry : 0/0
   908 ;;		On exit  : 0/0
   909 ;;		Unchanged: 0/0
   910 ;; Data sizes:     COMMON   BANK0   BANK1   BANK3   BANK2
   911 ;;      Params:         0       0       0       0       0
   912 ;;      Locals:         1       0       0       0       0
   913 ;;      Temps:          0       0       0       0       0
   914 ;;      Totals:         1       0       0       0       0
   915 ;;Total ram usage:        1 bytes
   916 ;; Hardware stack levels used:    1
   917 ;; This function calls:
   918 ;;		Nothing
   919 ;; This function is called by:
   920 ;;		_main
   921 ;;		_lcd_init
   922 ;; This function uses a non-reentrant model
   923 ;;
   924                           psect	text88
   925                           	file	"Btap_lon_15.c"
   926                           	line	48
   927                           	global	__size_of_cmd
   928  0030                     	__size_of_cmd	equ	__end_of_cmd-_cmd
   929                           	
   930  0714                     _cmd:	
   931                           	opt	stack 7
   932                           ; Regs used in _cmd: [wreg+status,2+btemp+1]
   933                           ;cmd@a stored from wreg
   934  0714  00F0               	movwf	(cmd@a)
   935                           	line	49
   936                           	
   937  0715                     l1094:	
   938                           ;Btap_lon_15.c: 49: PORTB=a;
   939  0715  0870               	movf	(cmd@a),w
   940  0716  1283               	bcf	status, 5	;RP0=0, select bank0
   941  0717  1303               	bcf	status, 6	;RP1=0, select bank0
   942  0718  0086               	movwf	(6)	;volatile
   943                           	line	50
   944                           	
   945  0719                     l1096:	
   946                           ;Btap_lon_15.c: 50: RC0=0;
   947  0719  1007               	bcf	(56/8),(56)&7
   948                           	line	51
   949                           	
   950  071A                     l1098:	
   951                           ;Btap_lon_15.c: 51: RC1=0;
   952  071A  1087               	bcf	(57/8),(57)&7
   953                           	line	52
   954                           	
   955  071B                     l1100:	
   956                           ;Btap_lon_15.c: 52: RC2=1;
   957  071B  1507               	bsf	(58/8),(58)&7
   958                           	line	53
   959                           	
   960  071C                     l1102:	
   961                           ;Btap_lon_15.c: 53: for(i=0;i<1000;i++);
   962  071C  01F3               	clrf	(_i)
   963  071D  01F4               	clrf	(_i+1)
   964                           	
   965  071E                     l1104:	
   966  071E  0874               	movf	(_i+1),w
   967  071F  3A80               	xorlw	80h
   968  0720  00FF               	movwf	btemp+1
   969  0721  3083               	movlw	(high(03E8h))^80h
   970  0722  027F               	subwf	btemp+1,w
   971  0723  1D03               	skipz
   972  0724  2F27               	goto	u15
   973  0725  30E8               	movlw	low(03E8h)
   974  0726  0273               	subwf	(_i),w
   975  0727                     u15:
   976                           
   977  0727  1C03               	skipc
   978  0728  2F2A               	goto	u11
   979  0729  2F2B               	goto	u10
   980  072A                     u11:
   981  072A  2F2D               	goto	l1108
   982  072B                     u10:
   983  072B  2F40               	goto	l709
   984                           	
   985  072C                     l1106:	
   986  072C  2F40               	goto	l709
   987                           	
   988  072D                     l708:	
   989                           	
   990  072D                     l1108:	
   991  072D  3001               	movlw	low(01h)
   992  072E  07F3               	addwf	(_i),f
   993  072F  1803               	skipnc
   994  0730  0AF4               	incf	(_i+1),f
   995  0731  3000               	movlw	high(01h)
   996  0732  07F4               	addwf	(_i+1),f
   997                           	
   998  0733                     l1110:	
   999  0733  0874               	movf	(_i+1),w
  1000  0734  3A80               	xorlw	80h
  1001  0735  00FF               	movwf	btemp+1
  1002  0736  3083               	movlw	(high(03E8h))^80h
  1003  0737  027F               	subwf	btemp+1,w
  1004  0738  1D03               	skipz
  1005  0739  2F3C               	goto	u25
  1006  073A  30E8               	movlw	low(03E8h)
  1007  073B  0273               	subwf	(_i),w
  1008  073C                     u25:
  1009                           
  1010  073C  1C03               	skipc
  1011  073D  2F3F               	goto	u21
  1012  073E  2F40               	goto	u20
  1013  073F                     u21:
  1014  073F  2F2D               	goto	l1108
  1015  0740                     u20:
  1016                           	
  1017  0740                     l709:	
  1018                           	line	54
  1019                           ;Btap_lon_15.c: 54: RC2=0;
  1020  0740  1283               	bcf	status, 5	;RP0=0, select bank0
  1021  0741  1303               	bcf	status, 6	;RP1=0, select bank0
  1022  0742  1107               	bcf	(58/8),(58)&7
  1023                           	line	55
  1024                           	
  1025  0743                     l710:	
  1026  0743  0008               	return
  1027                           	opt stack 0
  1028                           GLOBAL	__end_of_cmd
  1029  0744                     	__end_of_cmd:
  1030 ;; =============== function _cmd ends ============
  1031                           
  1032                           	signat	_cmd,4216
  1033                           psect	text89,local,class=CODE,delta=2
  1034                           global __ptext89
  1035  0000                     __ptext89:
  1036                           	global	btemp
  1037  007E                     	btemp set 07Eh
  1038                           
  1039                           	DABS	1,126,2	;btemp
  1040                           	global	wtemp0
  1041  007E                     	wtemp0 set btemp


HI-TECH Software PICC Macro Assembler V9.81 build 7503 
Symbol Table                                                                                   Sun Mar 17 16:26:48 2024

                   _i 0073                     pc 0002                    u10 072B                    u11 072A  
                  u20 0740                    u21 073F                    u30 075B                    u15 0727  
                  u31 075A                    u40 0770                    u25 073C                    u41 076F  
                  u35 0757                    u45 076C                    fsr 0004                   l700 07FC  
                 l701 07FD                   l710 0743                   l702 07FD                   l720 0713  
                 l713 075D                   l705 06F2                   l721 0713                   l714 0770  
                 l715 0773                   l708 072D                   l709 0740                   l718 0706  
                 l719 06F5                   l693 0791                   l694 07EE                   l695 07B4  
                 l696 07C8                   l697 07D9                   l698 07ED                   l699 07FB  
                 _RC0 0038                   _RC1 0039                   _RD0 0040                   _RC2 003A  
                 _dat 0744                   _cmd 0714                   fsr0 0004                  l1100 071B  
                l1110 0733                  l1102 071C                  l1104 071E                  l1120 074C  
                l1112 0745                  l1106 072C                  l1122 074E                  l1114 0749  
                l1108 072D                  l1124 075C                  l1116 074A                  l1126 075D  
                l1118 074B                  l1128 0763                  l1094 0715                  ?_dat 0070  
                l1096 0719                  l1098 071A                  ?_cmd 0070                  l1900 06F5  
                l1902 0701                  l1910 0784                  l1904 0706                  l1920 07A3  
                l1912 078A                  l1930 07C8                  l1922 07A5                  l1914 0791  
                l1906 0774                  l1932 07CA                  l1924 07B3                  l1916 0797  
                l1940 07EE                  l1908 077F                  l1942 07F4                  l1934 07D8  
                l1926 07B4                  l1918 079D                  l1936 07D9                  l1928 07BA  
                l1938 07DF                  l1896 06DA                  l1898 06F4                  STR_1 001A  
                STR_2 002B                  STR_3 0009                  u2200 07B2                  u2201 07B1  
                u2210 07C7                  u2211 07C6                  u2220 07D7                  u2221 07D6  
                u2205 07AE                  u2230 07EC                  u2231 07EB                  u2215 07C3  
                u2225 07D3                  u2235 07E8                  u2180 0712                  u2181 0711  
                u2190 0797                  u2191 0796                  dat@b 0070                  cmd@a 0070  
                _main 0774                  _show 06F3                  btemp 007E                  start 0000  
               ??_dat 0070                 ??_cmd 0070                 ?_main 0070                 ?_show 0070  
               _PORTB 0006                 _TRISB 0086                 _TRISD 0088                 pclath 000A  
               show@s 0072                 status 0003                 wtemp0 007E          __end_of_main 0800  
        __end_of_show 0714                ??_main 0073                ??_show 0071                _TRISC0 0438  
              _TRISC1 0439                _TRISC2 043A      __end_of_lcd_init 06F3        __pcstackCOMMON 0070  
          __pmaintext 0774             ?_lcd_init 0070          __size_of_dat 0030          __size_of_cmd 0030  
          ??_lcd_init 0071  end_of_initialization 06D6   start_initialization 06D4           __end_of_dat 0774  
         __end_of_cmd 0744           __pbssCOMMON 0073     __size_of_lcd_init 0019             __pstrings 0003  
         __stringbase 0008              __ptext84 0000              __ptext85 06F3              __ptext86 06DA  
            __ptext87 0744              __ptext88 0714              __ptext89 0000              _lcd_init 06DA  
       __size_of_main 008C         __size_of_show 0021             stringcode 0003              stringdir 0003  
            stringtab 0003  
