

HI-TECH Software PIC LITE Macro Assembler V9.81 build 7503 
                                                                                               Sun Mar 17 15:19:15 2024

HI-TECH Software Omniscient Code Generator (Lite mode) build 7503
     1  0000                     opt subtitle "HI-TECH Software Omniscient Code Generator (Lite mode) build 7503"
     2                           
     3                           opt pagewidth 120
     4                           
     5                           	opt lm
     6                           
     7                           	processor	16F877A
     8                           clrc	macro
     9                           	bcf	3,0
    10  0000                     	endm
    11                           clrz	macro
    12                           	bcf	3,2
    13  0000                     	endm
    14                           setc	macro
    15                           	bsf	3,0
    16  0000                     	endm
    17                           setz	macro
    18                           	bsf	3,2
    19  0000                     	endm
    20                           skipc	macro
    21                           	btfss	3,0
    22  0000                     	endm
    23                           skipz	macro
    24                           	btfss	3,2
    25  0000                     	endm
    26                           skipnc	macro
    27                           	btfsc	3,0
    28  0000                     	endm
    29                           skipnz	macro
    30                           	btfsc	3,2
    31  0000                     	endm
    32  0000                     indf	equ	0
    33  0000                     indf0	equ	0
    34  0002                     pc	equ	2
    35  0002                     pcl	equ	2
    36  0003                     status	equ	3
    37  0004                     fsr	equ	4
    38  0004                     fsr0	equ	4
    39  0001                     c	equ	1
    40  0000                     z	equ	0
    41  000A                     pclath	equ	10
    42                           # 3 "Btap_lon_9.c"
    43                           	psect config,class=CONFIG,delta=2 ;#
    44                           # 3 "Btap_lon_9.c"
    45  2007  FF7A               	dw 0xFFFE & 0xFFFB & 0xFFFF & 0xFFFF & 0xFFFF & 0xFF7F & 0xFFFF & 0xFFFF & 0xFFFF ;#
    46                           	FNCALL	_main,_lcd_init
    47                           	FNCALL	_main,_cmd
    48                           	FNCALL	_main,_show
    49                           	FNCALL	_show,_dat
    50                           	FNCALL	_lcd_init,_cmd
    51                           	FNROOT	_main
    52                           	global	_i
    53                           	global	_PORTB
    54                           psect	text84,local,class=CODE,delta=2
    55                           global __ptext84
    56  0000                     __ptext84:
    57  0006                     _PORTB	set	6
    58                           	global	_RC0
    59  0038                     _RC0	set	56
    60                           	global	_RC1
    61  0039                     _RC1	set	57
    62                           	global	_RC2
    63  003A                     _RC2	set	58
    64                           	global	_RD0
    65  0040                     _RD0	set	64
    66                           	global	_TRISB
    67  0086                     _TRISB	set	134
    68                           	global	_TRISD
    69  0088                     _TRISD	set	136
    70                           	global	_TRISC0
    71  0438                     _TRISC0	set	1080
    72                           	global	_TRISC1
    73  0439                     _TRISC1	set	1081
    74                           	global	_TRISC2
    75  043A                     _TRISC2	set	1082
    76                           psect	strings,class=STRING,delta=2
    77                           global __pstrings
    78  0003                     __pstrings:
    79                           ;	global	stringdir,stringtab,__stringbase
    80  0003                     stringtab:
    81                           ;	String table - string pointers are 1 byte each
    82  0003                     stringcode:stringdir:
      + 0003                     stringdir:	
    83  0003  3000               movlw high(stringdir)
    84  0004  008A               movwf pclath
    85  0005  0804               movf fsr,w
    86  0006  0A84               incf fsr
    87  0007  0782               	addwf pc
    88  0008                     __stringbase:
    89  0008  3400               	retlw	0
    90                           psect	strings
    91                           	
    92  0009                     STR_2:	
    93  0009  344F               	retlw	79	;'O'
    94  000A  3462               	retlw	98	;'b'
    95  000B  3473               	retlw	115	;'s'
    96  000C  3474               	retlw	116	;'t'
    97  000D  3461               	retlw	97	;'a'
    98  000E  3463               	retlw	99	;'c'
    99  000F  346C               	retlw	108	;'l'
   100  0010  3465               	retlw	101	;'e'
   101  0011  3420               	retlw	32	;' '
   102  0012  3444               	retlw	68	;'D'
   103  0013  3465               	retlw	101	;'e'
   104  0014  3474               	retlw	116	;'t'
   105  0015  3465               	retlw	101	;'e'
   106  0016  3463               	retlw	99	;'c'
   107  0017  3474               	retlw	116	;'t'
   108  0018  3465               	retlw	101	;'e'
   109  0019  3464               	retlw	100	;'d'
   110  001A  3400               	retlw	0
   111                           psect	strings
   112                           	
   113  001B                     STR_3:	
   114  001B  3420               	retlw	32	;' '
   115  001C  3420               	retlw	32	;' '
   116  001D  3420               	retlw	32	;' '
   117  001E  3420               	retlw	32	;' '
   118  001F  3420               	retlw	32	;' '
   119  0020  3420               	retlw	32	;' '
   120  0021  3420               	retlw	32	;' '
   121  0022  3420               	retlw	32	;' '
   122  0023  3420               	retlw	32	;' '
   123  0024  3420               	retlw	32	;' '
   124  0025  3420               	retlw	32	;' '
   125  0026  3420               	retlw	32	;' '
   126  0027  3420               	retlw	32	;' '
   127  0028  3420               	retlw	32	;' '
   128  0029  3420               	retlw	32	;' '
   129  002A  3420               	retlw	32	;' '
   130  002B  3400               	retlw	0
   131                           psect	strings
   132                           	
   133  002C                     STR_1:	
   134  002C  344E               	retlw	78	;'N'
   135  002D  3468               	retlw	104	;'h'
   136  002E  346F               	retlw	111	;'o'
   137  002F  346D               	retlw	109	;'m'
   138  0030  3420               	retlw	32	;' '
   139  0031  3433               	retlw	51	;'3'
   140  0032  3420               	retlw	32	;' '
   141  0033  342D               	retlw	45	;'-'
   142  0034  3420               	retlw	32	;' '
   143  0035  3452               	retlw	82	;'R'
   144  0036  3441               	retlw	65	;'A'
   145  0037  3449               	retlw	73	;'I'
   146  0038  3420               	retlw	32	;' '
   147  0039  344B               	retlw	75	;'K'
   148  003A  3436               	retlw	54	;'6'
   149  003B  3433               	retlw	51	;'3'
   150  003C  3400               	retlw	0
   151                           psect	strings
   152                           	file	"C:\Users\TRANHA~1\AppData\Local\Temp\sdc."
   153                           	line	#
   154                           psect cinit,class=CODE,delta=2
   155                           global start_initialization
   156  06D4                     start_initialization:
   157                           
   158                           psect	bssCOMMON,class=COMMON,space=1
   159                           global __pbssCOMMON
   160  0073                     __pbssCOMMON:
   161  0073                     _i:
   162  0073                            ds      2
   163                           
   164                           ; Clear objects allocated to COMMON
   165                           psect cinit,class=CODE,delta=2
   166  06D4  01F3               	clrf	((__pbssCOMMON)+0)&07Fh
   167  06D5  01F4               	clrf	((__pbssCOMMON)+1)&07Fh
   168                           psect cinit,class=CODE,delta=2
   169                           global end_of_initialization
   170                           
   171                           ;End of C runtime variable initialization code
   172                           
   173  06D6                     end_of_initialization:
   174  06D6  0183               clrf status
   175  06D7  120A  118A  2F74   ljmp _main	;jump to C main() function
   176                           psect	cstackCOMMON,class=COMMON,space=1
   177                           global __pcstackCOMMON
   178  0070                     __pcstackCOMMON:
   179                           	global	?_lcd_init
   180  0070                     ?_lcd_init:	; 0 bytes @ 0x0
   181                           	global	?_cmd
   182  0070                     ?_cmd:	; 0 bytes @ 0x0
   183                           	global	??_cmd
   184  0070                     ??_cmd:	; 0 bytes @ 0x0
   185                           	global	?_show
   186  0070                     ?_show:	; 0 bytes @ 0x0
   187                           	global	?_main
   188  0070                     ?_main:	; 0 bytes @ 0x0
   189                           	global	?_dat
   190  0070                     ?_dat:	; 0 bytes @ 0x0
   191                           	global	??_dat
   192  0070                     ??_dat:	; 0 bytes @ 0x0
   193                           	global	cmd@a
   194  0070                     cmd@a:	; 1 bytes @ 0x0
   195                           	global	dat@b
   196  0070                     dat@b:	; 1 bytes @ 0x0
   197  0070                     	ds	1
   198                           	global	??_lcd_init
   199  0071                     ??_lcd_init:	; 0 bytes @ 0x1
   200                           	global	??_show
   201  0071                     ??_show:	; 0 bytes @ 0x1
   202  0071                     	ds	1
   203                           	global	show@s
   204  0072                     show@s:	; 1 bytes @ 0x2
   205  0072                     	ds	1
   206                           	global	??_main
   207  0073                     ??_main:	; 0 bytes @ 0x3
   208 ;;Data sizes: Strings 52, constant 0, data 0, bss 2, persistent 0 stack 0
   209 ;;Auto spaces:   Size  Autos    Used
   210 ;; COMMON          14      3       5
   211 ;; BANK0           80      0       0
   212 ;; BANK1           80      0       0
   213 ;; BANK3           96      0       0
   214 ;; BANK2           96      0       0
   215                           
   216 ;;
   217 ;; Pointer list with targets:
   218                           
   219 ;; show@s	PTR unsigned char  size(1) Largest target is 18
   220 ;;		 -> STR_3(CODE[17]), STR_2(CODE[18]), STR_1(CODE[17]), 
   221 ;;
   222                           
   223                           
   224 ;;
   225 ;; Critical Paths under _main in COMMON
   226 ;;
   227 ;;   _main->_show
   228 ;;   _show->_dat
   229 ;;   _lcd_init->_cmd
   230 ;;
   231 ;; Critical Paths under _main in BANK0
   232 ;;
   233 ;;   None.
   234 ;;
   235 ;; Critical Paths under _main in BANK1
   236 ;;
   237 ;;   None.
   238 ;;
   239 ;; Critical Paths under _main in BANK3
   240 ;;
   241 ;;   None.
   242 ;;
   243 ;; Critical Paths under _main in BANK2
   244 ;;
   245 ;;   None.
   246                           
   247 ;;
   248 ;;Main: autosize = 0, tempsize = 0, incstack = 0, save=0
   249 ;;
   250                           
   251 ;;
   252 ;;Call Graph Tables:
   253 ;;
   254 ;; ---------------------------------------------------------------------------------
   255 ;; (Depth) Function   	        Calls       Base Space   Used Autos Params    Refs
   256 ;; ---------------------------------------------------------------------------------
   257 ;; (0) _main                                                 0     0      0      75
   258 ;;                           _lcd_init
   259 ;;                                _cmd
   260 ;;                               _show
   261 ;; ---------------------------------------------------------------------------------
   262 ;; (1) _show                                                 2     2      0      45
   263 ;;                                              1 COMMON     2     2      0
   264 ;;                                _dat
   265 ;; ---------------------------------------------------------------------------------
   266 ;; (1) _lcd_init                                             0     0      0      15
   267 ;;                                _cmd
   268 ;; ---------------------------------------------------------------------------------
   269 ;; (2) _dat                                                  1     1      0      15
   270 ;;                                              0 COMMON     1     1      0
   271 ;; ---------------------------------------------------------------------------------
   272 ;; (1) _cmd                                                  1     1      0      15
   273 ;;                                              0 COMMON     1     1      0
   274 ;; ---------------------------------------------------------------------------------
   275 ;; Estimated maximum stack depth 2
   276 ;; ---------------------------------------------------------------------------------
   277                           
   278 ;; Call Graph Graphs:
   279                           
   280 ;; _main (ROOT)
   281 ;;   _lcd_init
   282 ;;     _cmd
   283 ;;   _cmd
   284 ;;   _show
   285 ;;     _dat
   286 ;;
   287                           
   288 ;; Address spaces:
   289                           
   290 ;;Name               Size   Autos  Total    Cost      Usage
   291 ;;BITCOMMON            E      0       0       0        0.0%
   292 ;;EEDATA             100      0       0       0        0.0%
   293 ;;NULL                 0      0       0       0        0.0%
   294 ;;CODE                 0      0       0       0        0.0%
   295 ;;COMMON               E      3       5       1       35.7%
   296 ;;BITSFR0              0      0       0       1        0.0%
   297 ;;SFR0                 0      0       0       1        0.0%
   298 ;;BITSFR1              0      0       0       2        0.0%
   299 ;;SFR1                 0      0       0       2        0.0%
   300 ;;STACK                0      0       2       2        0.0%
   301 ;;ABS                  0      0       5       3        0.0%
   302 ;;BITBANK0            50      0       0       4        0.0%
   303 ;;BITSFR3              0      0       0       4        0.0%
   304 ;;SFR3                 0      0       0       4        0.0%
   305 ;;BANK0               50      0       0       5        0.0%
   306 ;;BITSFR2              0      0       0       5        0.0%
   307 ;;SFR2                 0      0       0       5        0.0%
   308 ;;BITBANK1            50      0       0       6        0.0%
   309 ;;BANK1               50      0       0       7        0.0%
   310 ;;BITBANK3            60      0       0       8        0.0%
   311 ;;BANK3               60      0       0       9        0.0%
   312 ;;BITBANK2            60      0       0      10        0.0%
   313 ;;BANK2               60      0       0      11        0.0%
   314 ;;DATA                 0      0       7      12        0.0%
   315                           
   316                           	global	_main
   317                           psect	maintext,global,class=CODE,delta=2
   318                           global __pmaintext
   319  0774                     __pmaintext:
   320                           
   321 ;; *************** function _main *****************
   322 ;; Defined at:
   323 ;;		line 21 in file "Btap_lon_9.c"
   324 ;; Parameters:    Size  Location     Type
   325 ;;		None
   326 ;; Auto vars:     Size  Location     Type
   327 ;;		None
   328 ;; Return value:  Size  Location     Type
   329 ;;		None               void
   330 ;; Registers used:
   331 ;;		wreg, fsr0l, fsr0h, status,2, status,0, btemp+1, pclath, cstack
   332 ;; Tracked objects:
   333 ;;		On entry : 17F/0
   334 ;;		On exit  : 0/0
   335 ;;		Unchanged: 0/0
   336 ;; Data sizes:     COMMON   BANK0   BANK1   BANK3   BANK2
   337 ;;      Params:         0       0       0       0       0
   338 ;;      Locals:         0       0       0       0       0
   339 ;;      Temps:          0       0       0       0       0
   340 ;;      Totals:         0       0       0       0       0
   341 ;;Total ram usage:        0 bytes
   342 ;; Hardware stack levels required when called:    2
   343 ;; This function calls:
   344 ;;		_lcd_init
   345 ;;		_cmd
   346 ;;		_show
   347 ;; This function is called by:
   348 ;;		Startup code after reset
   349 ;; This function uses a non-reentrant model
   350 ;;
   351                           psect	maintext
   352                           	file	"Btap_lon_9.c"
   353                           	line	21
   354                           	global	__size_of_main
   355  008C                     	__size_of_main	equ	__end_of_main-_main
   356                           	
   357  0774                     _main:	
   358                           	opt	stack 6
   359                           ; Regs used in _main: [wreg-fsr0h+status,2+status,0+btemp+1+pclath+cstack]
   360                           	line	22
   361                           	
   362  0774                     l1906:	
   363                           ;Btap_lon_9.c: 22: TRISB=TRISC0=TRISC1=TRISC2=0;
   364  0774  1683               	bsf	status, 5	;RP0=1, select bank1
   365  0775  1303               	bcf	status, 6	;RP1=0, select bank1
   366  0776  1107               	bcf	(1082/8)^080h,(1082)&7
   367  0777  1087               	bcf	(1081/8)^080h,(1081)&7
   368  0778  1007               	bcf	(1080/8)^080h,(1080)&7
   369  0779  3000               	movlw	0
   370  077A  1807               	btfsc	(1080/8)^080h,(1080)&7
   371  077B  3001               	movlw	1
   372  077C  0086               	movwf	(134)^080h	;volatile
   373                           	line	23
   374                           ;Btap_lon_9.c: 23: TRISD=0xff;
   375  077D  30FF               	movlw	(0FFh)
   376  077E  0088               	movwf	(136)^080h	;volatile
   377                           	line	24
   378                           	
   379  077F                     l1908:	
   380                           ;Btap_lon_9.c: 24: lcd_init();
   381  077F  120A  118A  26DA   	fcall	_lcd_init
              120A  118A         
   382                           	line	25
   383                           	
   384  0784                     l1910:	
   385                           ;Btap_lon_9.c: 25: cmd(0x80);
   386  0784  3080               	movlw	(080h)
   387  0785  120A  118A  2714   	fcall	_cmd
              120A  118A         
   388                           	line	26
   389                           	
   390  078A                     l1912:	
   391                           ;Btap_lon_9.c: 26: show("Nhom 3 - RAI K63");
   392  078A  3024               	movlw	((STR_1-__stringbase))&0ffh
   393  078B  120A  118A  26F3   	fcall	_show
              120A  118A         
   394  0790  2F91               	goto	l1914
   395                           	line	27
   396                           ;Btap_lon_9.c: 27: while(1) {
   397                           	
   398  0791                     l693:	
   399                           	line	28
   400                           	
   401  0791                     l1914:	
   402                           ;Btap_lon_9.c: 28: if(RD0) {
   403  0791  1283               	bcf	status, 5	;RP0=0, select bank0
   404  0792  1303               	bcf	status, 6	;RP1=0, select bank0
   405  0793  1C08               	btfss	(64/8),(64)&7
   406  0794  2F96               	goto	u2191
   407  0795  2F97               	goto	u2190
   408  0796                     u2191:
   409  0796  2FEE               	goto	l1940
   410  0797                     u2190:
   411                           	line	29
   412                           	
   413  0797                     l1916:	
   414                           ;Btap_lon_9.c: 29: cmd(0xc0);
   415  0797  30C0               	movlw	(0C0h)
   416  0798  120A  118A  2714   	fcall	_cmd
              120A  118A         
   417                           	line	30
   418                           	
   419  079D                     l1918:	
   420                           ;Btap_lon_9.c: 30: show("Obstacle Detected");
   421  079D  3001               	movlw	((STR_2-__stringbase))&0ffh
   422  079E  120A  118A  26F3   	fcall	_show
              120A  118A         
   423                           	line	31
   424                           	
   425  07A3                     l1920:	
   426                           ;Btap_lon_9.c: 31: for(i=0;i<1000;i++);for(i=0;i<1000;i++);
   427  07A3  01F3               	clrf	(_i)
   428  07A4  01F4               	clrf	(_i+1)
   429                           	
   430  07A5                     l1922:	
   431  07A5  0874               	movf	(_i+1),w
   432  07A6  3A80               	xorlw	80h
   433  07A7  00FF               	movwf	btemp+1
   434  07A8  3083               	movlw	(high(03E8h))^80h
   435  07A9  027F               	subwf	btemp+1,w
   436  07AA  1D03               	skipz
   437  07AB  2FAE               	goto	u2205
   438  07AC  30E8               	movlw	low(03E8h)
   439  07AD  0273               	subwf	(_i),w
   440  07AE                     u2205:
   441                           
   442  07AE  1C03               	skipc
   443  07AF  2FB1               	goto	u2201
   444  07B0  2FB2               	goto	u2200
   445  07B1                     u2201:
   446  07B1  2FB4               	goto	l1926
   447  07B2                     u2200:
   448  07B2  2FC8               	goto	l1930
   449                           	
   450  07B3                     l1924:	
   451  07B3  2FC8               	goto	l1930
   452                           	
   453  07B4                     l695:	
   454                           	
   455  07B4                     l1926:	
   456  07B4  3001               	movlw	low(01h)
   457  07B5  07F3               	addwf	(_i),f
   458  07B6  1803               	skipnc
   459  07B7  0AF4               	incf	(_i+1),f
   460  07B8  3000               	movlw	high(01h)
   461  07B9  07F4               	addwf	(_i+1),f
   462                           	
   463  07BA                     l1928:	
   464  07BA  0874               	movf	(_i+1),w
   465  07BB  3A80               	xorlw	80h
   466  07BC  00FF               	movwf	btemp+1
   467  07BD  3083               	movlw	(high(03E8h))^80h
   468  07BE  027F               	subwf	btemp+1,w
   469  07BF  1D03               	skipz
   470  07C0  2FC3               	goto	u2215
   471  07C1  30E8               	movlw	low(03E8h)
   472  07C2  0273               	subwf	(_i),w
   473  07C3                     u2215:
   474                           
   475  07C3  1C03               	skipc
   476  07C4  2FC6               	goto	u2211
   477  07C5  2FC7               	goto	u2210
   478  07C6                     u2211:
   479  07C6  2FB4               	goto	l1926
   480  07C7                     u2210:
   481  07C7  2FC8               	goto	l1930
   482                           	
   483  07C8                     l696:	
   484                           	
   485  07C8                     l1930:	
   486  07C8  01F3               	clrf	(_i)
   487  07C9  01F4               	clrf	(_i+1)
   488                           	
   489  07CA                     l1932:	
   490  07CA  0874               	movf	(_i+1),w
   491  07CB  3A80               	xorlw	80h
   492  07CC  00FF               	movwf	btemp+1
   493  07CD  3083               	movlw	(high(03E8h))^80h
   494  07CE  027F               	subwf	btemp+1,w
   495  07CF  1D03               	skipz
   496  07D0  2FD3               	goto	u2225
   497  07D1  30E8               	movlw	low(03E8h)
   498  07D2  0273               	subwf	(_i),w
   499  07D3                     u2225:
   500                           
   501  07D3  1C03               	skipc
   502  07D4  2FD6               	goto	u2221
   503  07D5  2FD7               	goto	u2220
   504  07D6                     u2221:
   505  07D6  2FD9               	goto	l1936
   506  07D7                     u2220:
   507  07D7  2F91               	goto	l1914
   508                           	
   509  07D8                     l1934:	
   510  07D8  2F91               	goto	l1914
   511                           	
   512  07D9                     l697:	
   513                           	
   514  07D9                     l1936:	
   515  07D9  3001               	movlw	low(01h)
   516  07DA  07F3               	addwf	(_i),f
   517  07DB  1803               	skipnc
   518  07DC  0AF4               	incf	(_i+1),f
   519  07DD  3000               	movlw	high(01h)
   520  07DE  07F4               	addwf	(_i+1),f
   521                           	
   522  07DF                     l1938:	
   523  07DF  0874               	movf	(_i+1),w
   524  07E0  3A80               	xorlw	80h
   525  07E1  00FF               	movwf	btemp+1
   526  07E2  3083               	movlw	(high(03E8h))^80h
   527  07E3  027F               	subwf	btemp+1,w
   528  07E4  1D03               	skipz
   529  07E5  2FE8               	goto	u2235
   530  07E6  30E8               	movlw	low(03E8h)
   531  07E7  0273               	subwf	(_i),w
   532  07E8                     u2235:
   533                           
   534  07E8  1C03               	skipc
   535  07E9  2FEB               	goto	u2231
   536  07EA  2FEC               	goto	u2230
   537  07EB                     u2231:
   538  07EB  2FD9               	goto	l1936
   539  07EC                     u2230:
   540  07EC  2F91               	goto	l1914
   541                           	
   542  07ED                     l698:	
   543                           	line	32
   544                           ;Btap_lon_9.c: 32: } else {
   545  07ED  2F91               	goto	l1914
   546                           	
   547  07EE                     l694:	
   548                           	line	33
   549                           	
   550  07EE                     l1940:	
   551                           ;Btap_lon_9.c: 33: cmd(0xc0);
   552  07EE  30C0               	movlw	(0C0h)
   553  07EF  120A  118A  2714   	fcall	_cmd
              120A  118A         
   554                           	line	34
   555                           	
   556  07F4                     l1942:	
   557                           ;Btap_lon_9.c: 34: show("                ");
   558  07F4  3013               	movlw	((STR_3-__stringbase))&0ffh
   559  07F5  120A  118A  26F3   	fcall	_show
              120A  118A         
   560  07FA  2F91               	goto	l1914
   561                           	line	35
   562                           	
   563  07FB                     l699:	
   564  07FB  2F91               	goto	l1914
   565                           	line	36
   566                           	
   567  07FC                     l700:	
   568                           	line	27
   569  07FC  2F91               	goto	l1914
   570                           	
   571  07FD                     l701:	
   572                           	line	37
   573                           	
   574  07FD                     l702:	
   575                           	global	start
   576  07FD  120A  118A  2800   	ljmp	start
   577                           	opt stack 0
   578                           GLOBAL	__end_of_main
   579  0800                     	__end_of_main:
   580 ;; =============== function _main ends ============
   581                           
   582                           	signat	_main,88
   583                           	global	_show
   584                           psect	text85,local,class=CODE,delta=2
   585                           global __ptext85
   586  06F3                     __ptext85:
   587                           
   588 ;; *************** function _show *****************
   589 ;; Defined at:
   590 ;;		line 68 in file "Btap_lon_9.c"
   591 ;; Parameters:    Size  Location     Type
   592 ;;  s               1    wreg     PTR unsigned char 
   593 ;;		 -> STR_3(17), STR_2(18), STR_1(17), 
   594 ;; Auto vars:     Size  Location     Type
   595 ;;  s               1    2[COMMON] PTR unsigned char 
   596 ;;		 -> STR_3(17), STR_2(18), STR_1(17), 
   597 ;; Return value:  Size  Location     Type
   598 ;;		None               void
   599 ;; Registers used:
   600 ;;		wreg, fsr0l, fsr0h, status,2, status,0, btemp+1, pclath, cstack
   601 ;; Tracked objects:
   602 ;;		On entry : 0/0
   603 ;;		On exit  : 0/0
   604 ;;		Unchanged: 0/0
   605 ;; Data sizes:     COMMON   BANK0   BANK1   BANK3   BANK2
   606 ;;      Params:         0       0       0       0       0
   607 ;;      Locals:         1       0       0       0       0
   608 ;;      Temps:          1       0       0       0       0
   609 ;;      Totals:         2       0       0       0       0
   610 ;;Total ram usage:        2 bytes
   611 ;; Hardware stack levels used:    1
   612 ;; Hardware stack levels required when called:    1
   613 ;; This function calls:
   614 ;;		_dat
   615 ;; This function is called by:
   616 ;;		_main
   617 ;; This function uses a non-reentrant model
   618 ;;
   619                           psect	text85
   620                           	file	"Btap_lon_9.c"
   621                           	line	68
   622                           	global	__size_of_show
   623  0021                     	__size_of_show	equ	__end_of_show-_show
   624                           	
   625  06F3                     _show:	
   626                           	opt	stack 6
   627                           ; Regs used in _show: [wreg-fsr0h+status,2+status,0+btemp+1+pclath+cstack]
   628                           ;show@s stored from wreg
   629  06F3  00F2               	movwf	(show@s)
   630                           	line	69
   631                           	
   632  06F4                     l1898:	
   633                           ;Btap_lon_9.c: 69: while(*s)
   634  06F4  2F06               	goto	l1904
   635                           	
   636  06F5                     l719:	
   637                           	line	71
   638                           	
   639  06F5                     l1900:	
   640                           ;Btap_lon_9.c: 70: {
   641                           ;Btap_lon_9.c: 71: dat(*s++);
   642  06F5  0872               	movf	(show@s),w
   643  06F6  0084               	movwf	fsr0
   644  06F7  120A  118A  2003   	fcall	stringdir
              120A  118A         
   645  06FC  120A  118A  2744   	fcall	_dat
              120A  118A         
   646                           	
   647  0701                     l1902:	
   648  0701  3001               	movlw	(01h)
   649  0702  00F1               	movwf	(??_show+0)+0
   650  0703  0871               	movf	(??_show+0)+0,w
   651  0704  07F2               	addwf	(show@s),f
   652  0705  2F06               	goto	l1904
   653                           	line	72
   654                           	
   655  0706                     l718:	
   656                           	line	69
   657                           	
   658  0706                     l1904:	
   659  0706  0872               	movf	(show@s),w
   660  0707  0084               	movwf	fsr0
   661  0708  120A  118A  2003   	fcall	stringdir
              120A  118A         
   662  070D  3800               	iorlw	0
   663  070E  1D03               	skipz
   664  070F  2F11               	goto	u2181
   665  0710  2F12               	goto	u2180
   666  0711                     u2181:
   667  0711  2EF5               	goto	l1900
   668  0712                     u2180:
   669  0712  2F13               	goto	l721
   670                           	
   671  0713                     l720:	
   672                           	line	73
   673                           	
   674  0713                     l721:	
   675  0713  0008               	return
   676                           	opt stack 0
   677                           GLOBAL	__end_of_show
   678  0714                     	__end_of_show:
   679 ;; =============== function _show ends ============
   680                           
   681                           	signat	_show,4216
   682                           	global	_lcd_init
   683                           psect	text86,local,class=CODE,delta=2
   684                           global __ptext86
   685  06DA                     __ptext86:
   686                           
   687 ;; *************** function _lcd_init *****************
   688 ;; Defined at:
   689 ;;		line 40 in file "Btap_lon_9.c"
   690 ;; Parameters:    Size  Location     Type
   691 ;;		None
   692 ;; Auto vars:     Size  Location     Type
   693 ;;		None
   694 ;; Return value:  Size  Location     Type
   695 ;;		None               void
   696 ;; Registers used:
   697 ;;		wreg, status,2, status,0, btemp+1, pclath, cstack
   698 ;; Tracked objects:
   699 ;;		On entry : 0/0
   700 ;;		On exit  : 0/0
   701 ;;		Unchanged: 0/0
   702 ;; Data sizes:     COMMON   BANK0   BANK1   BANK3   BANK2
   703 ;;      Params:         0       0       0       0       0
   704 ;;      Locals:         0       0       0       0       0
   705 ;;      Temps:          0       0       0       0       0
   706 ;;      Totals:         0       0       0       0       0
   707 ;;Total ram usage:        0 bytes
   708 ;; Hardware stack levels used:    1
   709 ;; Hardware stack levels required when called:    1
   710 ;; This function calls:
   711 ;;		_cmd
   712 ;; This function is called by:
   713 ;;		_main
   714 ;; This function uses a non-reentrant model
   715 ;;
   716                           psect	text86
   717                           	file	"Btap_lon_9.c"
   718                           	line	40
   719                           	global	__size_of_lcd_init
   720  0019                     	__size_of_lcd_init	equ	__end_of_lcd_init-_lcd_init
   721                           	
   722  06DA                     _lcd_init:	
   723                           	opt	stack 6
   724                           ; Regs used in _lcd_init: [wreg+status,2+status,0+btemp+1+pclath+cstack]
   725                           	line	41
   726                           	
   727  06DA                     l1896:	
   728                           ;Btap_lon_9.c: 41: cmd(0x38);
   729  06DA  3038               	movlw	(038h)
   730  06DB  120A  118A  2714   	fcall	_cmd
              120A  118A         
   731                           	line	42
   732                           ;Btap_lon_9.c: 42: cmd(0x0c);
   733  06E0  300C               	movlw	(0Ch)
   734  06E1  120A  118A  2714   	fcall	_cmd
              120A  118A         
   735                           	line	43
   736                           ;Btap_lon_9.c: 43: cmd(0x06);
   737  06E6  3006               	movlw	(06h)
   738  06E7  120A  118A  2714   	fcall	_cmd
              120A  118A         
   739                           	line	44
   740                           ;Btap_lon_9.c: 44: cmd(0x80);
   741  06EC  3080               	movlw	(080h)
   742  06ED  120A  118A  2714   	fcall	_cmd
              120A  118A         
   743                           	line	45
   744                           	
   745  06F2                     l705:	
   746  06F2  0008               	return
   747                           	opt stack 0
   748                           GLOBAL	__end_of_lcd_init
   749  06F3                     	__end_of_lcd_init:
   750 ;; =============== function _lcd_init ends ============
   751                           
   752                           	signat	_lcd_init,88
   753                           	global	_dat
   754                           psect	text87,local,class=CODE,delta=2
   755                           global __ptext87
   756  0744                     __ptext87:
   757                           
   758 ;; *************** function _dat *****************
   759 ;; Defined at:
   760 ;;		line 58 in file "Btap_lon_9.c"
   761 ;; Parameters:    Size  Location     Type
   762 ;;  b               1    wreg     unsigned char 
   763 ;; Auto vars:     Size  Location     Type
   764 ;;  b               1    0[COMMON] unsigned char 
   765 ;; Return value:  Size  Location     Type
   766 ;;		None               void
   767 ;; Registers used:
   768 ;;		wreg, status,2, btemp+1
   769 ;; Tracked objects:
   770 ;;		On entry : 0/0
   771 ;;		On exit  : 0/0
   772 ;;		Unchanged: 0/0
   773 ;; Data sizes:     COMMON   BANK0   BANK1   BANK3   BANK2
   774 ;;      Params:         0       0       0       0       0
   775 ;;      Locals:         1       0       0       0       0
   776 ;;      Temps:          0       0       0       0       0
   777 ;;      Totals:         1       0       0       0       0
   778 ;;Total ram usage:        1 bytes
   779 ;; Hardware stack levels used:    1
   780 ;; This function calls:
   781 ;;		Nothing
   782 ;; This function is called by:
   783 ;;		_show
   784 ;; This function uses a non-reentrant model
   785 ;;
   786                           psect	text87
   787                           	file	"Btap_lon_9.c"
   788                           	line	58
   789                           	global	__size_of_dat
   790  0030                     	__size_of_dat	equ	__end_of_dat-_dat
   791                           	
   792  0744                     _dat:	
   793                           	opt	stack 6
   794                           ; Regs used in _dat: [wreg+status,2+btemp+1]
   795                           ;dat@b stored from wreg
   796  0744  00F0               	movwf	(dat@b)
   797                           	line	59
   798                           	
   799  0745                     l1112:	
   800                           ;Btap_lon_9.c: 59: PORTB=b;
   801  0745  0870               	movf	(dat@b),w
   802  0746  1283               	bcf	status, 5	;RP0=0, select bank0
   803  0747  1303               	bcf	status, 6	;RP1=0, select bank0
   804  0748  0086               	movwf	(6)	;volatile
   805                           	line	60
   806                           	
   807  0749                     l1114:	
   808                           ;Btap_lon_9.c: 60: RC0=1;
   809  0749  1407               	bsf	(56/8),(56)&7
   810                           	line	61
   811                           	
   812  074A                     l1116:	
   813                           ;Btap_lon_9.c: 61: RC1=0;
   814  074A  1087               	bcf	(57/8),(57)&7
   815                           	line	62
   816                           	
   817  074B                     l1118:	
   818                           ;Btap_lon_9.c: 62: RC2=1;
   819  074B  1507               	bsf	(58/8),(58)&7
   820                           	line	63
   821                           	
   822  074C                     l1120:	
   823                           ;Btap_lon_9.c: 63: for(i=0;i<1000;i++);
   824  074C  01F3               	clrf	(_i)
   825  074D  01F4               	clrf	(_i+1)
   826                           	
   827  074E                     l1122:	
   828  074E  0874               	movf	(_i+1),w
   829  074F  3A80               	xorlw	80h
   830  0750  00FF               	movwf	btemp+1
   831  0751  3083               	movlw	(high(03E8h))^80h
   832  0752  027F               	subwf	btemp+1,w
   833  0753  1D03               	skipz
   834  0754  2F57               	goto	u35
   835  0755  30E8               	movlw	low(03E8h)
   836  0756  0273               	subwf	(_i),w
   837  0757                     u35:
   838                           
   839  0757  1C03               	skipc
   840  0758  2F5A               	goto	u31
   841  0759  2F5B               	goto	u30
   842  075A                     u31:
   843  075A  2F5D               	goto	l1126
   844  075B                     u30:
   845  075B  2F70               	goto	l714
   846                           	
   847  075C                     l1124:	
   848  075C  2F70               	goto	l714
   849                           	
   850  075D                     l713:	
   851                           	
   852  075D                     l1126:	
   853  075D  3001               	movlw	low(01h)
   854  075E  07F3               	addwf	(_i),f
   855  075F  1803               	skipnc
   856  0760  0AF4               	incf	(_i+1),f
   857  0761  3000               	movlw	high(01h)
   858  0762  07F4               	addwf	(_i+1),f
   859                           	
   860  0763                     l1128:	
   861  0763  0874               	movf	(_i+1),w
   862  0764  3A80               	xorlw	80h
   863  0765  00FF               	movwf	btemp+1
   864  0766  3083               	movlw	(high(03E8h))^80h
   865  0767  027F               	subwf	btemp+1,w
   866  0768  1D03               	skipz
   867  0769  2F6C               	goto	u45
   868  076A  30E8               	movlw	low(03E8h)
   869  076B  0273               	subwf	(_i),w
   870  076C                     u45:
   871                           
   872  076C  1C03               	skipc
   873  076D  2F6F               	goto	u41
   874  076E  2F70               	goto	u40
   875  076F                     u41:
   876  076F  2F5D               	goto	l1126
   877  0770                     u40:
   878                           	
   879  0770                     l714:	
   880                           	line	64
   881                           ;Btap_lon_9.c: 64: RC2=0;
   882  0770  1283               	bcf	status, 5	;RP0=0, select bank0
   883  0771  1303               	bcf	status, 6	;RP1=0, select bank0
   884  0772  1107               	bcf	(58/8),(58)&7
   885                           	line	65
   886                           	
   887  0773                     l715:	
   888  0773  0008               	return
   889                           	opt stack 0
   890                           GLOBAL	__end_of_dat
   891  0774                     	__end_of_dat:
   892 ;; =============== function _dat ends ============
   893                           
   894                           	signat	_dat,4216
   895                           	global	_cmd
   896                           psect	text88,local,class=CODE,delta=2
   897                           global __ptext88
   898  0714                     __ptext88:
   899                           
   900 ;; *************** function _cmd *****************
   901 ;; Defined at:
   902 ;;		line 48 in file "Btap_lon_9.c"
   903 ;; Parameters:    Size  Location     Type
   904 ;;  a               1    wreg     unsigned char 
   905 ;; Auto vars:     Size  Location     Type
   906 ;;  a               1    0[COMMON] unsigned char 
   907 ;; Return value:  Size  Location     Type
   908 ;;		None               void
   909 ;; Registers used:
   910 ;;		wreg, status,2, btemp+1
   911 ;; Tracked objects:
   912 ;;		On entry : 0/0
   913 ;;		On exit  : 0/0
   914 ;;		Unchanged: 0/0
   915 ;; Data sizes:     COMMON   BANK0   BANK1   BANK3   BANK2
   916 ;;      Params:         0       0       0       0       0
   917 ;;      Locals:         1       0       0       0       0
   918 ;;      Temps:          0       0       0       0       0
   919 ;;      Totals:         1       0       0       0       0
   920 ;;Total ram usage:        1 bytes
   921 ;; Hardware stack levels used:    1
   922 ;; This function calls:
   923 ;;		Nothing
   924 ;; This function is called by:
   925 ;;		_main
   926 ;;		_lcd_init
   927 ;; This function uses a non-reentrant model
   928 ;;
   929                           psect	text88
   930                           	file	"Btap_lon_9.c"
   931                           	line	48
   932                           	global	__size_of_cmd
   933  0030                     	__size_of_cmd	equ	__end_of_cmd-_cmd
   934                           	
   935  0714                     _cmd:	
   936                           	opt	stack 7
   937                           ; Regs used in _cmd: [wreg+status,2+btemp+1]
   938                           ;cmd@a stored from wreg
   939  0714  00F0               	movwf	(cmd@a)
   940                           	line	49
   941                           	
   942  0715                     l1094:	
   943                           ;Btap_lon_9.c: 49: PORTB=a;
   944  0715  0870               	movf	(cmd@a),w
   945  0716  1283               	bcf	status, 5	;RP0=0, select bank0
   946  0717  1303               	bcf	status, 6	;RP1=0, select bank0
   947  0718  0086               	movwf	(6)	;volatile
   948                           	line	50
   949                           	
   950  0719                     l1096:	
   951                           ;Btap_lon_9.c: 50: RC0=0;
   952  0719  1007               	bcf	(56/8),(56)&7
   953                           	line	51
   954                           	
   955  071A                     l1098:	
   956                           ;Btap_lon_9.c: 51: RC1=0;
   957  071A  1087               	bcf	(57/8),(57)&7
   958                           	line	52
   959                           	
   960  071B                     l1100:	
   961                           ;Btap_lon_9.c: 52: RC2=1;
   962  071B  1507               	bsf	(58/8),(58)&7
   963                           	line	53
   964                           	
   965  071C                     l1102:	
   966                           ;Btap_lon_9.c: 53: for(i=0;i<1000;i++);
   967  071C  01F3               	clrf	(_i)
   968  071D  01F4               	clrf	(_i+1)
   969                           	
   970  071E                     l1104:	
   971  071E  0874               	movf	(_i+1),w
   972  071F  3A80               	xorlw	80h
   973  0720  00FF               	movwf	btemp+1
   974  0721  3083               	movlw	(high(03E8h))^80h
   975  0722  027F               	subwf	btemp+1,w
   976  0723  1D03               	skipz
   977  0724  2F27               	goto	u15
   978  0725  30E8               	movlw	low(03E8h)
   979  0726  0273               	subwf	(_i),w
   980  0727                     u15:
   981                           
   982  0727  1C03               	skipc
   983  0728  2F2A               	goto	u11
   984  0729  2F2B               	goto	u10
   985  072A                     u11:
   986  072A  2F2D               	goto	l1108
   987  072B                     u10:
   988  072B  2F40               	goto	l709
   989                           	
   990  072C                     l1106:	
   991  072C  2F40               	goto	l709
   992                           	
   993  072D                     l708:	
   994                           	
   995  072D                     l1108:	
   996  072D  3001               	movlw	low(01h)
   997  072E  07F3               	addwf	(_i),f
   998  072F  1803               	skipnc
   999  0730  0AF4               	incf	(_i+1),f
  1000  0731  3000               	movlw	high(01h)
  1001  0732  07F4               	addwf	(_i+1),f
  1002                           	
  1003  0733                     l1110:	
  1004  0733  0874               	movf	(_i+1),w
  1005  0734  3A80               	xorlw	80h
  1006  0735  00FF               	movwf	btemp+1
  1007  0736  3083               	movlw	(high(03E8h))^80h
  1008  0737  027F               	subwf	btemp+1,w
  1009  0738  1D03               	skipz
  1010  0739  2F3C               	goto	u25
  1011  073A  30E8               	movlw	low(03E8h)
  1012  073B  0273               	subwf	(_i),w
  1013  073C                     u25:
  1014                           
  1015  073C  1C03               	skipc
  1016  073D  2F3F               	goto	u21
  1017  073E  2F40               	goto	u20
  1018  073F                     u21:
  1019  073F  2F2D               	goto	l1108
  1020  0740                     u20:
  1021                           	
  1022  0740                     l709:	
  1023                           	line	54
  1024                           ;Btap_lon_9.c: 54: RC2=0;
  1025  0740  1283               	bcf	status, 5	;RP0=0, select bank0
  1026  0741  1303               	bcf	status, 6	;RP1=0, select bank0
  1027  0742  1107               	bcf	(58/8),(58)&7
  1028                           	line	55
  1029                           	
  1030  0743                     l710:	
  1031  0743  0008               	return
  1032                           	opt stack 0
  1033                           GLOBAL	__end_of_cmd
  1034  0744                     	__end_of_cmd:
  1035 ;; =============== function _cmd ends ============
  1036                           
  1037                           	signat	_cmd,4216
  1038                           psect	text89,local,class=CODE,delta=2
  1039                           global __ptext89
  1040  0000                     __ptext89:
  1041                           	global	btemp
  1042  007E                     	btemp set 07Eh
  1043                           
  1044                           	DABS	1,126,2	;btemp
  1045                           	global	wtemp0
  1046  007E                     	wtemp0 set btemp


HI-TECH Software PICC Macro Assembler V9.81 build 7503 
Symbol Table                                                                                   Sun Mar 17 15:19:15 2024

                   _i 0073                     pc 0002                    u10 072B                    u11 072A  
                  u20 0740                    u21 073F                    u30 075B                    u15 0727  
                  u31 075A                    u40 0770                    u25 073C                    u41 076F  
                  u35 0757                    u45 076C                    fsr 0004                   l700 07FC  
                 l701 07FD                   l710 0743                   l702 07FD                   l720 0713  
                 l713 075D                   l705 06F2                   l721 0713                   l714 0770  
                 l715 0773                   l708 072D                   l709 0740                   l718 0706  
                 l719 06F5                   l693 0791                   l694 07EE                   l695 07B4  
                 l696 07C8                   l697 07D9                   l698 07ED                   l699 07FB  
                 _RC0 0038                   _RC1 0039                   _RD0 0040                   _RC2 003A  
                 _dat 0744                   _cmd 0714                   fsr0 0004                  l1100 071B  
                l1110 0733                  l1102 071C                  l1104 071E                  l1120 074C  
                l1112 0745                  l1106 072C                  l1122 074E                  l1114 0749  
                l1108 072D                  l1124 075C                  l1116 074A                  l1126 075D  
                l1118 074B                  l1128 0763                  l1094 0715                  ?_dat 0070  
                l1096 0719                  l1098 071A                  ?_cmd 0070                  l1900 06F5  
                l1902 0701                  l1910 0784                  l1904 0706                  l1920 07A3  
                l1912 078A                  l1930 07C8                  l1922 07A5                  l1914 0791  
                l1906 0774                  l1932 07CA                  l1924 07B3                  l1916 0797  
                l1940 07EE                  l1908 077F                  l1942 07F4                  l1934 07D8  
                l1926 07B4                  l1918 079D                  l1936 07D9                  l1928 07BA  
                l1938 07DF                  l1896 06DA                  l1898 06F4                  STR_1 002C  
                STR_2 0009                  STR_3 001B                  u2200 07B2                  u2201 07B1  
                u2210 07C7                  u2211 07C6                  u2220 07D7                  u2221 07D6  
                u2205 07AE                  u2230 07EC                  u2231 07EB                  u2215 07C3  
                u2225 07D3                  u2235 07E8                  u2180 0712                  u2181 0711  
                u2190 0797                  u2191 0796                  dat@b 0070                  cmd@a 0070  
                _main 0774                  _show 06F3                  btemp 007E                  start 0000  
               ??_dat 0070                 ??_cmd 0070                 ?_main 0070                 ?_show 0070  
               _PORTB 0006                 _TRISB 0086                 _TRISD 0088                 pclath 000A  
               show@s 0072                 status 0003                 wtemp0 007E          __end_of_main 0800  
        __end_of_show 0714                ??_main 0073                ??_show 0071                _TRISC0 0438  
              _TRISC1 0439                _TRISC2 043A      __end_of_lcd_init 06F3        __pcstackCOMMON 0070  
          __pmaintext 0774             ?_lcd_init 0070          __size_of_dat 0030          __size_of_cmd 0030  
          ??_lcd_init 0071  end_of_initialization 06D6   start_initialization 06D4           __end_of_dat 0774  
         __end_of_cmd 0744           __pbssCOMMON 0073     __size_of_lcd_init 0019             __pstrings 0003  
         __stringbase 0008              __ptext84 0000              __ptext85 06F3              __ptext86 06DA  
            __ptext87 0744              __ptext88 0714              __ptext89 0000              _lcd_init 06DA  
       __size_of_main 008C         __size_of_show 0021             stringcode 0003              stringdir 0003  
            stringtab 0003  
