

HI-TECH Software PIC LITE Macro Assembler V9.81 build 7503 
                                                                                               Sun Mar 17 15:32:07 2024

HI-TECH Software Omniscient Code Generator (Lite mode) build 7503
     1  0000                     opt subtitle "HI-TECH Software Omniscient Code Generator (Lite mode) build 7503"
     2                           
     3                           opt pagewidth 120
     4                           
     5                           	opt lm
     6                           
     7                           	processor	16F877A
     8                           clrc	macro
     9                           	bcf	3,0
    10  0000                     	endm
    11                           clrz	macro
    12                           	bcf	3,2
    13  0000                     	endm
    14                           setc	macro
    15                           	bsf	3,0
    16  0000                     	endm
    17                           setz	macro
    18                           	bsf	3,2
    19  0000                     	endm
    20                           skipc	macro
    21                           	btfss	3,0
    22  0000                     	endm
    23                           skipz	macro
    24                           	btfss	3,2
    25  0000                     	endm
    26                           skipnc	macro
    27                           	btfsc	3,0
    28  0000                     	endm
    29                           skipnz	macro
    30                           	btfsc	3,2
    31  0000                     	endm
    32  0000                     indf	equ	0
    33  0000                     indf0	equ	0
    34  0002                     pc	equ	2
    35  0002                     pcl	equ	2
    36  0003                     status	equ	3
    37  0004                     fsr	equ	4
    38  0004                     fsr0	equ	4
    39  0001                     c	equ	1
    40  0000                     z	equ	0
    41  000A                     pclath	equ	10
    42                           # 3 "Btap_lon_11.c"
    43                           	psect config,class=CONFIG,delta=2 ;#
    44                           # 3 "Btap_lon_11.c"
    45  2007  FF7A               	dw 0xFFFE & 0xFFFB & 0xFFFF & 0xFFFF & 0xFFFF & 0xFF7F & 0xFFFF & 0xFFFF & 0xFFFF ;#
    46                           	FNCALL	_main,_lcd_init
    47                           	FNCALL	_main,_cmd
    48                           	FNCALL	_main,_show
    49                           	FNCALL	_show,_dat
    50                           	FNCALL	_lcd_init,_cmd
    51                           	FNROOT	_main
    52                           	global	_i
    53                           	global	_PORTB
    54                           psect	text84,local,class=CODE,delta=2
    55                           global __ptext84
    56  0000                     __ptext84:
    57  0006                     _PORTB	set	6
    58                           	global	_RC0
    59  0038                     _RC0	set	56
    60                           	global	_RC1
    61  0039                     _RC1	set	57
    62                           	global	_RC2
    63  003A                     _RC2	set	58
    64                           	global	_RD0
    65  0040                     _RD0	set	64
    66                           	global	_TRISB
    67  0086                     _TRISB	set	134
    68                           	global	_TRISD
    69  0088                     _TRISD	set	136
    70                           	global	_TRISC0
    71  0438                     _TRISC0	set	1080
    72                           	global	_TRISC1
    73  0439                     _TRISC1	set	1081
    74                           	global	_TRISC2
    75  043A                     _TRISC2	set	1082
    76                           psect	strings,class=STRING,delta=2
    77                           global __pstrings
    78  0003                     __pstrings:
    79                           ;	global	stringdir,stringtab,__stringbase
    80  0003                     stringtab:
    81                           ;	String table - string pointers are 1 byte each
    82  0003                     stringcode:stringdir:
      + 0003                     stringdir:	
    83  0003  3000               movlw high(stringdir)
    84  0004  008A               movwf pclath
    85  0005  0804               movf fsr,w
    86  0006  0A84               incf fsr
    87  0007  0782               	addwf pc
    88  0008                     __stringbase:
    89  0008  3400               	retlw	0
    90                           psect	strings
    91                           	
    92  0009                     STR_3:	
    93  0009  3420               	retlw	32	;' '
    94  000A  3420               	retlw	32	;' '
    95  000B  3420               	retlw	32	;' '
    96  000C  3420               	retlw	32	;' '
    97  000D  3420               	retlw	32	;' '
    98  000E  3420               	retlw	32	;' '
    99  000F  3420               	retlw	32	;' '
   100  0010  3420               	retlw	32	;' '
   101  0011  3420               	retlw	32	;' '
   102  0012  3420               	retlw	32	;' '
   103  0013  3420               	retlw	32	;' '
   104  0014  3420               	retlw	32	;' '
   105  0015  3420               	retlw	32	;' '
   106  0016  3420               	retlw	32	;' '
   107  0017  3420               	retlw	32	;' '
   108  0018  3420               	retlw	32	;' '
   109  0019  3400               	retlw	0
   110                           psect	strings
   111                           	
   112  001A                     STR_1:	
   113  001A  344E               	retlw	78	;'N'
   114  001B  3468               	retlw	104	;'h'
   115  001C  346F               	retlw	111	;'o'
   116  001D  346D               	retlw	109	;'m'
   117  001E  3420               	retlw	32	;' '
   118  001F  3433               	retlw	51	;'3'
   119  0020  3420               	retlw	32	;' '
   120  0021  342D               	retlw	45	;'-'
   121  0022  3420               	retlw	32	;' '
   122  0023  3452               	retlw	82	;'R'
   123  0024  3441               	retlw	65	;'A'
   124  0025  3449               	retlw	73	;'I'
   125  0026  3420               	retlw	32	;' '
   126  0027  344B               	retlw	75	;'K'
   127  0028  3436               	retlw	54	;'6'
   128  0029  3433               	retlw	51	;'3'
   129  002A  3400               	retlw	0
   130                           psect	strings
   131                           	
   132  002B                     STR_2:	
   133  002B  3453               	retlw	83	;'S'
   134  002C  346F               	retlw	111	;'o'
   135  002D  3475               	retlw	117	;'u'
   136  002E  346E               	retlw	110	;'n'
   137  002F  3464               	retlw	100	;'d'
   138  0030  3420               	retlw	32	;' '
   139  0031  3444               	retlw	68	;'D'
   140  0032  3465               	retlw	101	;'e'
   141  0033  3474               	retlw	116	;'t'
   142  0034  3465               	retlw	101	;'e'
   143  0035  3463               	retlw	99	;'c'
   144  0036  3474               	retlw	116	;'t'
   145  0037  3465               	retlw	101	;'e'
   146  0038  3464               	retlw	100	;'d'
   147  0039  3400               	retlw	0
   148                           psect	strings
   149                           	file	"C:\Users\TRANHA~1\AppData\Local\Temp\so84."
   150                           	line	#
   151                           psect cinit,class=CODE,delta=2
   152                           global start_initialization
   153  06D4                     start_initialization:
   154                           
   155                           psect	bssCOMMON,class=COMMON,space=1
   156                           global __pbssCOMMON
   157  0073                     __pbssCOMMON:
   158  0073                     _i:
   159  0073                            ds      2
   160                           
   161                           ; Clear objects allocated to COMMON
   162                           psect cinit,class=CODE,delta=2
   163  06D4  01F3               	clrf	((__pbssCOMMON)+0)&07Fh
   164  06D5  01F4               	clrf	((__pbssCOMMON)+1)&07Fh
   165                           psect cinit,class=CODE,delta=2
   166                           global end_of_initialization
   167                           
   168                           ;End of C runtime variable initialization code
   169                           
   170  06D6                     end_of_initialization:
   171  06D6  0183               clrf status
   172  06D7  120A  118A  2F74   ljmp _main	;jump to C main() function
   173                           psect	cstackCOMMON,class=COMMON,space=1
   174                           global __pcstackCOMMON
   175  0070                     __pcstackCOMMON:
   176                           	global	?_lcd_init
   177  0070                     ?_lcd_init:	; 0 bytes @ 0x0
   178                           	global	?_cmd
   179  0070                     ?_cmd:	; 0 bytes @ 0x0
   180                           	global	??_cmd
   181  0070                     ??_cmd:	; 0 bytes @ 0x0
   182                           	global	?_show
   183  0070                     ?_show:	; 0 bytes @ 0x0
   184                           	global	?_main
   185  0070                     ?_main:	; 0 bytes @ 0x0
   186                           	global	?_dat
   187  0070                     ?_dat:	; 0 bytes @ 0x0
   188                           	global	??_dat
   189  0070                     ??_dat:	; 0 bytes @ 0x0
   190                           	global	cmd@a
   191  0070                     cmd@a:	; 1 bytes @ 0x0
   192                           	global	dat@b
   193  0070                     dat@b:	; 1 bytes @ 0x0
   194  0070                     	ds	1
   195                           	global	??_lcd_init
   196  0071                     ??_lcd_init:	; 0 bytes @ 0x1
   197                           	global	??_show
   198  0071                     ??_show:	; 0 bytes @ 0x1
   199  0071                     	ds	1
   200                           	global	show@s
   201  0072                     show@s:	; 1 bytes @ 0x2
   202  0072                     	ds	1
   203                           	global	??_main
   204  0073                     ??_main:	; 0 bytes @ 0x3
   205 ;;Data sizes: Strings 49, constant 0, data 0, bss 2, persistent 0 stack 0
   206 ;;Auto spaces:   Size  Autos    Used
   207 ;; COMMON          14      3       5
   208 ;; BANK0           80      0       0
   209 ;; BANK1           80      0       0
   210 ;; BANK3           96      0       0
   211 ;; BANK2           96      0       0
   212                           
   213 ;;
   214 ;; Pointer list with targets:
   215                           
   216 ;; show@s	PTR unsigned char  size(1) Largest target is 17
   217 ;;		 -> STR_3(CODE[17]), STR_2(CODE[15]), STR_1(CODE[17]), 
   218 ;;
   219                           
   220                           
   221 ;;
   222 ;; Critical Paths under _main in COMMON
   223 ;;
   224 ;;   _main->_show
   225 ;;   _show->_dat
   226 ;;   _lcd_init->_cmd
   227 ;;
   228 ;; Critical Paths under _main in BANK0
   229 ;;
   230 ;;   None.
   231 ;;
   232 ;; Critical Paths under _main in BANK1
   233 ;;
   234 ;;   None.
   235 ;;
   236 ;; Critical Paths under _main in BANK3
   237 ;;
   238 ;;   None.
   239 ;;
   240 ;; Critical Paths under _main in BANK2
   241 ;;
   242 ;;   None.
   243                           
   244 ;;
   245 ;;Main: autosize = 0, tempsize = 0, incstack = 0, save=0
   246 ;;
   247                           
   248 ;;
   249 ;;Call Graph Tables:
   250 ;;
   251 ;; ---------------------------------------------------------------------------------
   252 ;; (Depth) Function   	        Calls       Base Space   Used Autos Params    Refs
   253 ;; ---------------------------------------------------------------------------------
   254 ;; (0) _main                                                 0     0      0      75
   255 ;;                           _lcd_init
   256 ;;                                _cmd
   257 ;;                               _show
   258 ;; ---------------------------------------------------------------------------------
   259 ;; (1) _show                                                 2     2      0      45
   260 ;;                                              1 COMMON     2     2      0
   261 ;;                                _dat
   262 ;; ---------------------------------------------------------------------------------
   263 ;; (1) _lcd_init                                             0     0      0      15
   264 ;;                                _cmd
   265 ;; ---------------------------------------------------------------------------------
   266 ;; (2) _dat                                                  1     1      0      15
   267 ;;                                              0 COMMON     1     1      0
   268 ;; ---------------------------------------------------------------------------------
   269 ;; (1) _cmd                                                  1     1      0      15
   270 ;;                                              0 COMMON     1     1      0
   271 ;; ---------------------------------------------------------------------------------
   272 ;; Estimated maximum stack depth 2
   273 ;; ---------------------------------------------------------------------------------
   274                           
   275 ;; Call Graph Graphs:
   276                           
   277 ;; _main (ROOT)
   278 ;;   _lcd_init
   279 ;;     _cmd
   280 ;;   _cmd
   281 ;;   _show
   282 ;;     _dat
   283 ;;
   284                           
   285 ;; Address spaces:
   286                           
   287 ;;Name               Size   Autos  Total    Cost      Usage
   288 ;;BITCOMMON            E      0       0       0        0.0%
   289 ;;EEDATA             100      0       0       0        0.0%
   290 ;;NULL                 0      0       0       0        0.0%
   291 ;;CODE                 0      0       0       0        0.0%
   292 ;;COMMON               E      3       5       1       35.7%
   293 ;;BITSFR0              0      0       0       1        0.0%
   294 ;;SFR0                 0      0       0       1        0.0%
   295 ;;BITSFR1              0      0       0       2        0.0%
   296 ;;SFR1                 0      0       0       2        0.0%
   297 ;;STACK                0      0       2       2        0.0%
   298 ;;ABS                  0      0       5       3        0.0%
   299 ;;BITBANK0            50      0       0       4        0.0%
   300 ;;BITSFR3              0      0       0       4        0.0%
   301 ;;SFR3                 0      0       0       4        0.0%
   302 ;;BANK0               50      0       0       5        0.0%
   303 ;;BITSFR2              0      0       0       5        0.0%
   304 ;;SFR2                 0      0       0       5        0.0%
   305 ;;BITBANK1            50      0       0       6        0.0%
   306 ;;BANK1               50      0       0       7        0.0%
   307 ;;BITBANK3            60      0       0       8        0.0%
   308 ;;BANK3               60      0       0       9        0.0%
   309 ;;BITBANK2            60      0       0      10        0.0%
   310 ;;BANK2               60      0       0      11        0.0%
   311 ;;DATA                 0      0       7      12        0.0%
   312                           
   313                           	global	_main
   314                           psect	maintext,global,class=CODE,delta=2
   315                           global __pmaintext
   316  0774                     __pmaintext:
   317                           
   318 ;; *************** function _main *****************
   319 ;; Defined at:
   320 ;;		line 21 in file "Btap_lon_11.c"
   321 ;; Parameters:    Size  Location     Type
   322 ;;		None
   323 ;; Auto vars:     Size  Location     Type
   324 ;;		None
   325 ;; Return value:  Size  Location     Type
   326 ;;		None               void
   327 ;; Registers used:
   328 ;;		wreg, fsr0l, fsr0h, status,2, status,0, btemp+1, pclath, cstack
   329 ;; Tracked objects:
   330 ;;		On entry : 17F/0
   331 ;;		On exit  : 0/0
   332 ;;		Unchanged: 0/0
   333 ;; Data sizes:     COMMON   BANK0   BANK1   BANK3   BANK2
   334 ;;      Params:         0       0       0       0       0
   335 ;;      Locals:         0       0       0       0       0
   336 ;;      Temps:          0       0       0       0       0
   337 ;;      Totals:         0       0       0       0       0
   338 ;;Total ram usage:        0 bytes
   339 ;; Hardware stack levels required when called:    2
   340 ;; This function calls:
   341 ;;		_lcd_init
   342 ;;		_cmd
   343 ;;		_show
   344 ;; This function is called by:
   345 ;;		Startup code after reset
   346 ;; This function uses a non-reentrant model
   347 ;;
   348                           psect	maintext
   349                           	file	"Btap_lon_11.c"
   350                           	line	21
   351                           	global	__size_of_main
   352  008C                     	__size_of_main	equ	__end_of_main-_main
   353                           	
   354  0774                     _main:	
   355                           	opt	stack 6
   356                           ; Regs used in _main: [wreg-fsr0h+status,2+status,0+btemp+1+pclath+cstack]
   357                           	line	22
   358                           	
   359  0774                     l1906:	
   360                           ;Btap_lon_11.c: 22: TRISB=TRISC0=TRISC1=TRISC2=0;
   361  0774  1683               	bsf	status, 5	;RP0=1, select bank1
   362  0775  1303               	bcf	status, 6	;RP1=0, select bank1
   363  0776  1107               	bcf	(1082/8)^080h,(1082)&7
   364  0777  1087               	bcf	(1081/8)^080h,(1081)&7
   365  0778  1007               	bcf	(1080/8)^080h,(1080)&7
   366  0779  3000               	movlw	0
   367  077A  1807               	btfsc	(1080/8)^080h,(1080)&7
   368  077B  3001               	movlw	1
   369  077C  0086               	movwf	(134)^080h	;volatile
   370                           	line	23
   371                           ;Btap_lon_11.c: 23: TRISD=0xff;
   372  077D  30FF               	movlw	(0FFh)
   373  077E  0088               	movwf	(136)^080h	;volatile
   374                           	line	24
   375                           	
   376  077F                     l1908:	
   377                           ;Btap_lon_11.c: 24: lcd_init();
   378  077F  120A  118A  26DA   	fcall	_lcd_init
              120A  118A         
   379                           	line	25
   380                           	
   381  0784                     l1910:	
   382                           ;Btap_lon_11.c: 25: cmd(0x80);
   383  0784  3080               	movlw	(080h)
   384  0785  120A  118A  2714   	fcall	_cmd
              120A  118A         
   385                           	line	26
   386                           	
   387  078A                     l1912:	
   388                           ;Btap_lon_11.c: 26: show("Nhom 3 - RAI K63");
   389  078A  3012               	movlw	((STR_1-__stringbase))&0ffh
   390  078B  120A  118A  26F3   	fcall	_show
              120A  118A         
   391  0790  2F91               	goto	l1914
   392                           	line	27
   393                           ;Btap_lon_11.c: 27: while(1) {
   394                           	
   395  0791                     l693:	
   396                           	line	28
   397                           	
   398  0791                     l1914:	
   399                           ;Btap_lon_11.c: 28: if(RD0) {
   400  0791  1283               	bcf	status, 5	;RP0=0, select bank0
   401  0792  1303               	bcf	status, 6	;RP1=0, select bank0
   402  0793  1C08               	btfss	(64/8),(64)&7
   403  0794  2F96               	goto	u2191
   404  0795  2F97               	goto	u2190
   405  0796                     u2191:
   406  0796  2FEE               	goto	l1940
   407  0797                     u2190:
   408                           	line	29
   409                           	
   410  0797                     l1916:	
   411                           ;Btap_lon_11.c: 29: cmd(0xc0);
   412  0797  30C0               	movlw	(0C0h)
   413  0798  120A  118A  2714   	fcall	_cmd
              120A  118A         
   414                           	line	30
   415                           	
   416  079D                     l1918:	
   417                           ;Btap_lon_11.c: 30: show("Sound Detected");
   418  079D  3023               	movlw	((STR_2-__stringbase))&0ffh
   419  079E  120A  118A  26F3   	fcall	_show
              120A  118A         
   420                           	line	31
   421                           	
   422  07A3                     l1920:	
   423                           ;Btap_lon_11.c: 31: for(i=0;i<1000;i++);for(i=0;i<1000;i++);
   424  07A3  01F3               	clrf	(_i)
   425  07A4  01F4               	clrf	(_i+1)
   426                           	
   427  07A5                     l1922:	
   428  07A5  0874               	movf	(_i+1),w
   429  07A6  3A80               	xorlw	80h
   430  07A7  00FF               	movwf	btemp+1
   431  07A8  3083               	movlw	(high(03E8h))^80h
   432  07A9  027F               	subwf	btemp+1,w
   433  07AA  1D03               	skipz
   434  07AB  2FAE               	goto	u2205
   435  07AC  30E8               	movlw	low(03E8h)
   436  07AD  0273               	subwf	(_i),w
   437  07AE                     u2205:
   438                           
   439  07AE  1C03               	skipc
   440  07AF  2FB1               	goto	u2201
   441  07B0  2FB2               	goto	u2200
   442  07B1                     u2201:
   443  07B1  2FB4               	goto	l1926
   444  07B2                     u2200:
   445  07B2  2FC8               	goto	l1930
   446                           	
   447  07B3                     l1924:	
   448  07B3  2FC8               	goto	l1930
   449                           	
   450  07B4                     l695:	
   451                           	
   452  07B4                     l1926:	
   453  07B4  3001               	movlw	low(01h)
   454  07B5  07F3               	addwf	(_i),f
   455  07B6  1803               	skipnc
   456  07B7  0AF4               	incf	(_i+1),f
   457  07B8  3000               	movlw	high(01h)
   458  07B9  07F4               	addwf	(_i+1),f
   459                           	
   460  07BA                     l1928:	
   461  07BA  0874               	movf	(_i+1),w
   462  07BB  3A80               	xorlw	80h
   463  07BC  00FF               	movwf	btemp+1
   464  07BD  3083               	movlw	(high(03E8h))^80h
   465  07BE  027F               	subwf	btemp+1,w
   466  07BF  1D03               	skipz
   467  07C0  2FC3               	goto	u2215
   468  07C1  30E8               	movlw	low(03E8h)
   469  07C2  0273               	subwf	(_i),w
   470  07C3                     u2215:
   471                           
   472  07C3  1C03               	skipc
   473  07C4  2FC6               	goto	u2211
   474  07C5  2FC7               	goto	u2210
   475  07C6                     u2211:
   476  07C6  2FB4               	goto	l1926
   477  07C7                     u2210:
   478  07C7  2FC8               	goto	l1930
   479                           	
   480  07C8                     l696:	
   481                           	
   482  07C8                     l1930:	
   483  07C8  01F3               	clrf	(_i)
   484  07C9  01F4               	clrf	(_i+1)
   485                           	
   486  07CA                     l1932:	
   487  07CA  0874               	movf	(_i+1),w
   488  07CB  3A80               	xorlw	80h
   489  07CC  00FF               	movwf	btemp+1
   490  07CD  3083               	movlw	(high(03E8h))^80h
   491  07CE  027F               	subwf	btemp+1,w
   492  07CF  1D03               	skipz
   493  07D0  2FD3               	goto	u2225
   494  07D1  30E8               	movlw	low(03E8h)
   495  07D2  0273               	subwf	(_i),w
   496  07D3                     u2225:
   497                           
   498  07D3  1C03               	skipc
   499  07D4  2FD6               	goto	u2221
   500  07D5  2FD7               	goto	u2220
   501  07D6                     u2221:
   502  07D6  2FD9               	goto	l1936
   503  07D7                     u2220:
   504  07D7  2F91               	goto	l1914
   505                           	
   506  07D8                     l1934:	
   507  07D8  2F91               	goto	l1914
   508                           	
   509  07D9                     l697:	
   510                           	
   511  07D9                     l1936:	
   512  07D9  3001               	movlw	low(01h)
   513  07DA  07F3               	addwf	(_i),f
   514  07DB  1803               	skipnc
   515  07DC  0AF4               	incf	(_i+1),f
   516  07DD  3000               	movlw	high(01h)
   517  07DE  07F4               	addwf	(_i+1),f
   518                           	
   519  07DF                     l1938:	
   520  07DF  0874               	movf	(_i+1),w
   521  07E0  3A80               	xorlw	80h
   522  07E1  00FF               	movwf	btemp+1
   523  07E2  3083               	movlw	(high(03E8h))^80h
   524  07E3  027F               	subwf	btemp+1,w
   525  07E4  1D03               	skipz
   526  07E5  2FE8               	goto	u2235
   527  07E6  30E8               	movlw	low(03E8h)
   528  07E7  0273               	subwf	(_i),w
   529  07E8                     u2235:
   530                           
   531  07E8  1C03               	skipc
   532  07E9  2FEB               	goto	u2231
   533  07EA  2FEC               	goto	u2230
   534  07EB                     u2231:
   535  07EB  2FD9               	goto	l1936
   536  07EC                     u2230:
   537  07EC  2F91               	goto	l1914
   538                           	
   539  07ED                     l698:	
   540                           	line	32
   541                           ;Btap_lon_11.c: 32: } else {
   542  07ED  2F91               	goto	l1914
   543                           	
   544  07EE                     l694:	
   545                           	line	33
   546                           	
   547  07EE                     l1940:	
   548                           ;Btap_lon_11.c: 33: cmd(0xc0);
   549  07EE  30C0               	movlw	(0C0h)
   550  07EF  120A  118A  2714   	fcall	_cmd
              120A  118A         
   551                           	line	34
   552                           	
   553  07F4                     l1942:	
   554                           ;Btap_lon_11.c: 34: show("                ");
   555  07F4  3001               	movlw	((STR_3-__stringbase))&0ffh
   556  07F5  120A  118A  26F3   	fcall	_show
              120A  118A         
   557  07FA  2F91               	goto	l1914
   558                           	line	35
   559                           	
   560  07FB                     l699:	
   561  07FB  2F91               	goto	l1914
   562                           	line	36
   563                           	
   564  07FC                     l700:	
   565                           	line	27
   566  07FC  2F91               	goto	l1914
   567                           	
   568  07FD                     l701:	
   569                           	line	37
   570                           	
   571  07FD                     l702:	
   572                           	global	start
   573  07FD  120A  118A  2800   	ljmp	start
   574                           	opt stack 0
   575                           GLOBAL	__end_of_main
   576  0800                     	__end_of_main:
   577 ;; =============== function _main ends ============
   578                           
   579                           	signat	_main,88
   580                           	global	_show
   581                           psect	text85,local,class=CODE,delta=2
   582                           global __ptext85
   583  06F3                     __ptext85:
   584                           
   585 ;; *************** function _show *****************
   586 ;; Defined at:
   587 ;;		line 68 in file "Btap_lon_11.c"
   588 ;; Parameters:    Size  Location     Type
   589 ;;  s               1    wreg     PTR unsigned char 
   590 ;;		 -> STR_3(17), STR_2(15), STR_1(17), 
   591 ;; Auto vars:     Size  Location     Type
   592 ;;  s               1    2[COMMON] PTR unsigned char 
   593 ;;		 -> STR_3(17), STR_2(15), STR_1(17), 
   594 ;; Return value:  Size  Location     Type
   595 ;;		None               void
   596 ;; Registers used:
   597 ;;		wreg, fsr0l, fsr0h, status,2, status,0, btemp+1, pclath, cstack
   598 ;; Tracked objects:
   599 ;;		On entry : 0/0
   600 ;;		On exit  : 0/0
   601 ;;		Unchanged: 0/0
   602 ;; Data sizes:     COMMON   BANK0   BANK1   BANK3   BANK2
   603 ;;      Params:         0       0       0       0       0
   604 ;;      Locals:         1       0       0       0       0
   605 ;;      Temps:          1       0       0       0       0
   606 ;;      Totals:         2       0       0       0       0
   607 ;;Total ram usage:        2 bytes
   608 ;; Hardware stack levels used:    1
   609 ;; Hardware stack levels required when called:    1
   610 ;; This function calls:
   611 ;;		_dat
   612 ;; This function is called by:
   613 ;;		_main
   614 ;; This function uses a non-reentrant model
   615 ;;
   616                           psect	text85
   617                           	file	"Btap_lon_11.c"
   618                           	line	68
   619                           	global	__size_of_show
   620  0021                     	__size_of_show	equ	__end_of_show-_show
   621                           	
   622  06F3                     _show:	
   623                           	opt	stack 6
   624                           ; Regs used in _show: [wreg-fsr0h+status,2+status,0+btemp+1+pclath+cstack]
   625                           ;show@s stored from wreg
   626  06F3  00F2               	movwf	(show@s)
   627                           	line	69
   628                           	
   629  06F4                     l1898:	
   630                           ;Btap_lon_11.c: 69: while(*s)
   631  06F4  2F06               	goto	l1904
   632                           	
   633  06F5                     l719:	
   634                           	line	71
   635                           	
   636  06F5                     l1900:	
   637                           ;Btap_lon_11.c: 70: {
   638                           ;Btap_lon_11.c: 71: dat(*s++);
   639  06F5  0872               	movf	(show@s),w
   640  06F6  0084               	movwf	fsr0
   641  06F7  120A  118A  2003   	fcall	stringdir
              120A  118A         
   642  06FC  120A  118A  2744   	fcall	_dat
              120A  118A         
   643                           	
   644  0701                     l1902:	
   645  0701  3001               	movlw	(01h)
   646  0702  00F1               	movwf	(??_show+0)+0
   647  0703  0871               	movf	(??_show+0)+0,w
   648  0704  07F2               	addwf	(show@s),f
   649  0705  2F06               	goto	l1904
   650                           	line	72
   651                           	
   652  0706                     l718:	
   653                           	line	69
   654                           	
   655  0706                     l1904:	
   656  0706  0872               	movf	(show@s),w
   657  0707  0084               	movwf	fsr0
   658  0708  120A  118A  2003   	fcall	stringdir
              120A  118A         
   659  070D  3800               	iorlw	0
   660  070E  1D03               	skipz
   661  070F  2F11               	goto	u2181
   662  0710  2F12               	goto	u2180
   663  0711                     u2181:
   664  0711  2EF5               	goto	l1900
   665  0712                     u2180:
   666  0712  2F13               	goto	l721
   667                           	
   668  0713                     l720:	
   669                           	line	73
   670                           	
   671  0713                     l721:	
   672  0713  0008               	return
   673                           	opt stack 0
   674                           GLOBAL	__end_of_show
   675  0714                     	__end_of_show:
   676 ;; =============== function _show ends ============
   677                           
   678                           	signat	_show,4216
   679                           	global	_lcd_init
   680                           psect	text86,local,class=CODE,delta=2
   681                           global __ptext86
   682  06DA                     __ptext86:
   683                           
   684 ;; *************** function _lcd_init *****************
   685 ;; Defined at:
   686 ;;		line 40 in file "Btap_lon_11.c"
   687 ;; Parameters:    Size  Location     Type
   688 ;;		None
   689 ;; Auto vars:     Size  Location     Type
   690 ;;		None
   691 ;; Return value:  Size  Location     Type
   692 ;;		None               void
   693 ;; Registers used:
   694 ;;		wreg, status,2, status,0, btemp+1, pclath, cstack
   695 ;; Tracked objects:
   696 ;;		On entry : 0/0
   697 ;;		On exit  : 0/0
   698 ;;		Unchanged: 0/0
   699 ;; Data sizes:     COMMON   BANK0   BANK1   BANK3   BANK2
   700 ;;      Params:         0       0       0       0       0
   701 ;;      Locals:         0       0       0       0       0
   702 ;;      Temps:          0       0       0       0       0
   703 ;;      Totals:         0       0       0       0       0
   704 ;;Total ram usage:        0 bytes
   705 ;; Hardware stack levels used:    1
   706 ;; Hardware stack levels required when called:    1
   707 ;; This function calls:
   708 ;;		_cmd
   709 ;; This function is called by:
   710 ;;		_main
   711 ;; This function uses a non-reentrant model
   712 ;;
   713                           psect	text86
   714                           	file	"Btap_lon_11.c"
   715                           	line	40
   716                           	global	__size_of_lcd_init
   717  0019                     	__size_of_lcd_init	equ	__end_of_lcd_init-_lcd_init
   718                           	
   719  06DA                     _lcd_init:	
   720                           	opt	stack 6
   721                           ; Regs used in _lcd_init: [wreg+status,2+status,0+btemp+1+pclath+cstack]
   722                           	line	41
   723                           	
   724  06DA                     l1896:	
   725                           ;Btap_lon_11.c: 41: cmd(0x38);
   726  06DA  3038               	movlw	(038h)
   727  06DB  120A  118A  2714   	fcall	_cmd
              120A  118A         
   728                           	line	42
   729                           ;Btap_lon_11.c: 42: cmd(0x0c);
   730  06E0  300C               	movlw	(0Ch)
   731  06E1  120A  118A  2714   	fcall	_cmd
              120A  118A         
   732                           	line	43
   733                           ;Btap_lon_11.c: 43: cmd(0x06);
   734  06E6  3006               	movlw	(06h)
   735  06E7  120A  118A  2714   	fcall	_cmd
              120A  118A         
   736                           	line	44
   737                           ;Btap_lon_11.c: 44: cmd(0x80);
   738  06EC  3080               	movlw	(080h)
   739  06ED  120A  118A  2714   	fcall	_cmd
              120A  118A         
   740                           	line	45
   741                           	
   742  06F2                     l705:	
   743  06F2  0008               	return
   744                           	opt stack 0
   745                           GLOBAL	__end_of_lcd_init
   746  06F3                     	__end_of_lcd_init:
   747 ;; =============== function _lcd_init ends ============
   748                           
   749                           	signat	_lcd_init,88
   750                           	global	_dat
   751                           psect	text87,local,class=CODE,delta=2
   752                           global __ptext87
   753  0744                     __ptext87:
   754                           
   755 ;; *************** function _dat *****************
   756 ;; Defined at:
   757 ;;		line 58 in file "Btap_lon_11.c"
   758 ;; Parameters:    Size  Location     Type
   759 ;;  b               1    wreg     unsigned char 
   760 ;; Auto vars:     Size  Location     Type
   761 ;;  b               1    0[COMMON] unsigned char 
   762 ;; Return value:  Size  Location     Type
   763 ;;		None               void
   764 ;; Registers used:
   765 ;;		wreg, status,2, btemp+1
   766 ;; Tracked objects:
   767 ;;		On entry : 0/0
   768 ;;		On exit  : 0/0
   769 ;;		Unchanged: 0/0
   770 ;; Data sizes:     COMMON   BANK0   BANK1   BANK3   BANK2
   771 ;;      Params:         0       0       0       0       0
   772 ;;      Locals:         1       0       0       0       0
   773 ;;      Temps:          0       0       0       0       0
   774 ;;      Totals:         1       0       0       0       0
   775 ;;Total ram usage:        1 bytes
   776 ;; Hardware stack levels used:    1
   777 ;; This function calls:
   778 ;;		Nothing
   779 ;; This function is called by:
   780 ;;		_show
   781 ;; This function uses a non-reentrant model
   782 ;;
   783                           psect	text87
   784                           	file	"Btap_lon_11.c"
   785                           	line	58
   786                           	global	__size_of_dat
   787  0030                     	__size_of_dat	equ	__end_of_dat-_dat
   788                           	
   789  0744                     _dat:	
   790                           	opt	stack 6
   791                           ; Regs used in _dat: [wreg+status,2+btemp+1]
   792                           ;dat@b stored from wreg
   793  0744  00F0               	movwf	(dat@b)
   794                           	line	59
   795                           	
   796  0745                     l1112:	
   797                           ;Btap_lon_11.c: 59: PORTB=b;
   798  0745  0870               	movf	(dat@b),w
   799  0746  1283               	bcf	status, 5	;RP0=0, select bank0
   800  0747  1303               	bcf	status, 6	;RP1=0, select bank0
   801  0748  0086               	movwf	(6)	;volatile
   802                           	line	60
   803                           	
   804  0749                     l1114:	
   805                           ;Btap_lon_11.c: 60: RC0=1;
   806  0749  1407               	bsf	(56/8),(56)&7
   807                           	line	61
   808                           	
   809  074A                     l1116:	
   810                           ;Btap_lon_11.c: 61: RC1=0;
   811  074A  1087               	bcf	(57/8),(57)&7
   812                           	line	62
   813                           	
   814  074B                     l1118:	
   815                           ;Btap_lon_11.c: 62: RC2=1;
   816  074B  1507               	bsf	(58/8),(58)&7
   817                           	line	63
   818                           	
   819  074C                     l1120:	
   820                           ;Btap_lon_11.c: 63: for(i=0;i<1000;i++);
   821  074C  01F3               	clrf	(_i)
   822  074D  01F4               	clrf	(_i+1)
   823                           	
   824  074E                     l1122:	
   825  074E  0874               	movf	(_i+1),w
   826  074F  3A80               	xorlw	80h
   827  0750  00FF               	movwf	btemp+1
   828  0751  3083               	movlw	(high(03E8h))^80h
   829  0752  027F               	subwf	btemp+1,w
   830  0753  1D03               	skipz
   831  0754  2F57               	goto	u35
   832  0755  30E8               	movlw	low(03E8h)
   833  0756  0273               	subwf	(_i),w
   834  0757                     u35:
   835                           
   836  0757  1C03               	skipc
   837  0758  2F5A               	goto	u31
   838  0759  2F5B               	goto	u30
   839  075A                     u31:
   840  075A  2F5D               	goto	l1126
   841  075B                     u30:
   842  075B  2F70               	goto	l714
   843                           	
   844  075C                     l1124:	
   845  075C  2F70               	goto	l714
   846                           	
   847  075D                     l713:	
   848                           	
   849  075D                     l1126:	
   850  075D  3001               	movlw	low(01h)
   851  075E  07F3               	addwf	(_i),f
   852  075F  1803               	skipnc
   853  0760  0AF4               	incf	(_i+1),f
   854  0761  3000               	movlw	high(01h)
   855  0762  07F4               	addwf	(_i+1),f
   856                           	
   857  0763                     l1128:	
   858  0763  0874               	movf	(_i+1),w
   859  0764  3A80               	xorlw	80h
   860  0765  00FF               	movwf	btemp+1
   861  0766  3083               	movlw	(high(03E8h))^80h
   862  0767  027F               	subwf	btemp+1,w
   863  0768  1D03               	skipz
   864  0769  2F6C               	goto	u45
   865  076A  30E8               	movlw	low(03E8h)
   866  076B  0273               	subwf	(_i),w
   867  076C                     u45:
   868                           
   869  076C  1C03               	skipc
   870  076D  2F6F               	goto	u41
   871  076E  2F70               	goto	u40
   872  076F                     u41:
   873  076F  2F5D               	goto	l1126
   874  0770                     u40:
   875                           	
   876  0770                     l714:	
   877                           	line	64
   878                           ;Btap_lon_11.c: 64: RC2=0;
   879  0770  1283               	bcf	status, 5	;RP0=0, select bank0
   880  0771  1303               	bcf	status, 6	;RP1=0, select bank0
   881  0772  1107               	bcf	(58/8),(58)&7
   882                           	line	65
   883                           	
   884  0773                     l715:	
   885  0773  0008               	return
   886                           	opt stack 0
   887                           GLOBAL	__end_of_dat
   888  0774                     	__end_of_dat:
   889 ;; =============== function _dat ends ============
   890                           
   891                           	signat	_dat,4216
   892                           	global	_cmd
   893                           psect	text88,local,class=CODE,delta=2
   894                           global __ptext88
   895  0714                     __ptext88:
   896                           
   897 ;; *************** function _cmd *****************
   898 ;; Defined at:
   899 ;;		line 48 in file "Btap_lon_11.c"
   900 ;; Parameters:    Size  Location     Type
   901 ;;  a               1    wreg     unsigned char 
   902 ;; Auto vars:     Size  Location     Type
   903 ;;  a               1    0[COMMON] unsigned char 
   904 ;; Return value:  Size  Location     Type
   905 ;;		None               void
   906 ;; Registers used:
   907 ;;		wreg, status,2, btemp+1
   908 ;; Tracked objects:
   909 ;;		On entry : 0/0
   910 ;;		On exit  : 0/0
   911 ;;		Unchanged: 0/0
   912 ;; Data sizes:     COMMON   BANK0   BANK1   BANK3   BANK2
   913 ;;      Params:         0       0       0       0       0
   914 ;;      Locals:         1       0       0       0       0
   915 ;;      Temps:          0       0       0       0       0
   916 ;;      Totals:         1       0       0       0       0
   917 ;;Total ram usage:        1 bytes
   918 ;; Hardware stack levels used:    1
   919 ;; This function calls:
   920 ;;		Nothing
   921 ;; This function is called by:
   922 ;;		_main
   923 ;;		_lcd_init
   924 ;; This function uses a non-reentrant model
   925 ;;
   926                           psect	text88
   927                           	file	"Btap_lon_11.c"
   928                           	line	48
   929                           	global	__size_of_cmd
   930  0030                     	__size_of_cmd	equ	__end_of_cmd-_cmd
   931                           	
   932  0714                     _cmd:	
   933                           	opt	stack 7
   934                           ; Regs used in _cmd: [wreg+status,2+btemp+1]
   935                           ;cmd@a stored from wreg
   936  0714  00F0               	movwf	(cmd@a)
   937                           	line	49
   938                           	
   939  0715                     l1094:	
   940                           ;Btap_lon_11.c: 49: PORTB=a;
   941  0715  0870               	movf	(cmd@a),w
   942  0716  1283               	bcf	status, 5	;RP0=0, select bank0
   943  0717  1303               	bcf	status, 6	;RP1=0, select bank0
   944  0718  0086               	movwf	(6)	;volatile
   945                           	line	50
   946                           	
   947  0719                     l1096:	
   948                           ;Btap_lon_11.c: 50: RC0=0;
   949  0719  1007               	bcf	(56/8),(56)&7
   950                           	line	51
   951                           	
   952  071A                     l1098:	
   953                           ;Btap_lon_11.c: 51: RC1=0;
   954  071A  1087               	bcf	(57/8),(57)&7
   955                           	line	52
   956                           	
   957  071B                     l1100:	
   958                           ;Btap_lon_11.c: 52: RC2=1;
   959  071B  1507               	bsf	(58/8),(58)&7
   960                           	line	53
   961                           	
   962  071C                     l1102:	
   963                           ;Btap_lon_11.c: 53: for(i=0;i<1000;i++);
   964  071C  01F3               	clrf	(_i)
   965  071D  01F4               	clrf	(_i+1)
   966                           	
   967  071E                     l1104:	
   968  071E  0874               	movf	(_i+1),w
   969  071F  3A80               	xorlw	80h
   970  0720  00FF               	movwf	btemp+1
   971  0721  3083               	movlw	(high(03E8h))^80h
   972  0722  027F               	subwf	btemp+1,w
   973  0723  1D03               	skipz
   974  0724  2F27               	goto	u15
   975  0725  30E8               	movlw	low(03E8h)
   976  0726  0273               	subwf	(_i),w
   977  0727                     u15:
   978                           
   979  0727  1C03               	skipc
   980  0728  2F2A               	goto	u11
   981  0729  2F2B               	goto	u10
   982  072A                     u11:
   983  072A  2F2D               	goto	l1108
   984  072B                     u10:
   985  072B  2F40               	goto	l709
   986                           	
   987  072C                     l1106:	
   988  072C  2F40               	goto	l709
   989                           	
   990  072D                     l708:	
   991                           	
   992  072D                     l1108:	
   993  072D  3001               	movlw	low(01h)
   994  072E  07F3               	addwf	(_i),f
   995  072F  1803               	skipnc
   996  0730  0AF4               	incf	(_i+1),f
   997  0731  3000               	movlw	high(01h)
   998  0732  07F4               	addwf	(_i+1),f
   999                           	
  1000  0733                     l1110:	
  1001  0733  0874               	movf	(_i+1),w
  1002  0734  3A80               	xorlw	80h
  1003  0735  00FF               	movwf	btemp+1
  1004  0736  3083               	movlw	(high(03E8h))^80h
  1005  0737  027F               	subwf	btemp+1,w
  1006  0738  1D03               	skipz
  1007  0739  2F3C               	goto	u25
  1008  073A  30E8               	movlw	low(03E8h)
  1009  073B  0273               	subwf	(_i),w
  1010  073C                     u25:
  1011                           
  1012  073C  1C03               	skipc
  1013  073D  2F3F               	goto	u21
  1014  073E  2F40               	goto	u20
  1015  073F                     u21:
  1016  073F  2F2D               	goto	l1108
  1017  0740                     u20:
  1018                           	
  1019  0740                     l709:	
  1020                           	line	54
  1021                           ;Btap_lon_11.c: 54: RC2=0;
  1022  0740  1283               	bcf	status, 5	;RP0=0, select bank0
  1023  0741  1303               	bcf	status, 6	;RP1=0, select bank0
  1024  0742  1107               	bcf	(58/8),(58)&7
  1025                           	line	55
  1026                           	
  1027  0743                     l710:	
  1028  0743  0008               	return
  1029                           	opt stack 0
  1030                           GLOBAL	__end_of_cmd
  1031  0744                     	__end_of_cmd:
  1032 ;; =============== function _cmd ends ============
  1033                           
  1034                           	signat	_cmd,4216
  1035                           psect	text89,local,class=CODE,delta=2
  1036                           global __ptext89
  1037  0000                     __ptext89:
  1038                           	global	btemp
  1039  007E                     	btemp set 07Eh
  1040                           
  1041                           	DABS	1,126,2	;btemp
  1042                           	global	wtemp0
  1043  007E                     	wtemp0 set btemp


HI-TECH Software PICC Macro Assembler V9.81 build 7503 
Symbol Table                                                                                   Sun Mar 17 15:32:07 2024

                   _i 0073                     pc 0002                    u10 072B                    u11 072A  
                  u20 0740                    u21 073F                    u30 075B                    u15 0727  
                  u31 075A                    u40 0770                    u25 073C                    u41 076F  
                  u35 0757                    u45 076C                    fsr 0004                   l700 07FC  
                 l701 07FD                   l710 0743                   l702 07FD                   l720 0713  
                 l713 075D                   l705 06F2                   l721 0713                   l714 0770  
                 l715 0773                   l708 072D                   l709 0740                   l718 0706  
                 l719 06F5                   l693 0791                   l694 07EE                   l695 07B4  
                 l696 07C8                   l697 07D9                   l698 07ED                   l699 07FB  
                 _RC0 0038                   _RC1 0039                   _RD0 0040                   _RC2 003A  
                 _dat 0744                   _cmd 0714                   fsr0 0004                  l1100 071B  
                l1110 0733                  l1102 071C                  l1104 071E                  l1120 074C  
                l1112 0745                  l1106 072C                  l1122 074E                  l1114 0749  
                l1108 072D                  l1124 075C                  l1116 074A                  l1126 075D  
                l1118 074B                  l1128 0763                  l1094 0715                  ?_dat 0070  
                l1096 0719                  l1098 071A                  ?_cmd 0070                  l1900 06F5  
                l1902 0701                  l1910 0784                  l1904 0706                  l1920 07A3  
                l1912 078A                  l1930 07C8                  l1922 07A5                  l1914 0791  
                l1906 0774                  l1932 07CA                  l1924 07B3                  l1916 0797  
                l1940 07EE                  l1908 077F                  l1942 07F4                  l1934 07D8  
                l1926 07B4                  l1918 079D                  l1936 07D9                  l1928 07BA  
                l1938 07DF                  l1896 06DA                  l1898 06F4                  STR_1 001A  
                STR_2 002B                  STR_3 0009                  u2200 07B2                  u2201 07B1  
                u2210 07C7                  u2211 07C6                  u2220 07D7                  u2221 07D6  
                u2205 07AE                  u2230 07EC                  u2231 07EB                  u2215 07C3  
                u2225 07D3                  u2235 07E8                  u2180 0712                  u2181 0711  
                u2190 0797                  u2191 0796                  dat@b 0070                  cmd@a 0070  
                _main 0774                  _show 06F3                  btemp 007E                  start 0000  
               ??_dat 0070                 ??_cmd 0070                 ?_main 0070                 ?_show 0070  
               _PORTB 0006                 _TRISB 0086                 _TRISD 0088                 pclath 000A  
               show@s 0072                 status 0003                 wtemp0 007E          __end_of_main 0800  
        __end_of_show 0714                ??_main 0073                ??_show 0071                _TRISC0 0438  
              _TRISC1 0439                _TRISC2 043A      __end_of_lcd_init 06F3        __pcstackCOMMON 0070  
          __pmaintext 0774             ?_lcd_init 0070          __size_of_dat 0030          __size_of_cmd 0030  
          ??_lcd_init 0071  end_of_initialization 06D6   start_initialization 06D4           __end_of_dat 0774  
         __end_of_cmd 0744           __pbssCOMMON 0073     __size_of_lcd_init 0019             __pstrings 0003  
         __stringbase 0008              __ptext84 0000              __ptext85 06F3              __ptext86 06DA  
            __ptext87 0744              __ptext88 0714              __ptext89 0000              _lcd_init 06DA  
       __size_of_main 008C         __size_of_show 0021             stringcode 0003              stringdir 0003  
            stringtab 0003  
